10:54:49 INFO  : updated workspace path: 
10:54:49 INFO  : python3 /tools/Xilinx/Vitis/2023.1/data/embeddedsw-sdt/scripts/rigel_scripts//repo.py -st  /tools/Xilinx/Vitis/2023.1/data/embeddedsw-sdt
10:54:49 INFO  : python3 /tools/Xilinx/Vitis/2023.1/data/embeddedsw-sdt/scripts/rigel_scripts//repo.py -st   /tools/Xilinx/Vitis/2023.1/data/embeddedsw-sdt
10:54:50 INFO  : Successfully created repository data at /tmp/rigel_lopper_stanganini12038945085054136069
10:54:50 INFO  : python3 /tools/Xilinx/Vitis/2023.1/data/embeddedsw-sdt/scripts/rigel_scripts//get_template_data.py -d /tmp/rigel_lopper_stanganini12515858279912109797 -r /tmp/rigel_lopper_stanganini12038945085054136069/.repo.yaml
10:54:50 INFO  : Successfully created repository data at /tmp/rigel_lopper_stanganini8097187048887754025
10:54:50 INFO  : python3 /tools/Xilinx/Vitis/2023.1/data/embeddedsw-sdt/scripts/rigel_scripts//get_template_data.py -d /tmp/rigel_lopper_stanganini8097187048887754025 -r /tmp/rigel_lopper_stanganini8097187048887754025/.repo.yaml
10:54:50 INFO  : Embedded Template List generated successfully
10:54:50 INFO  : Embedded Template List generated successfully
10:54:50 INFO  : updated workspace path: 
12:49:20 INFO  : connection terminated
12:49:22 INFO  : connection terminated
12:49:22 INFO  : scheduling shutdown timer for 60 seconds ...
12:49:22 INFO  : connection terminated
12:49:22 INFO  : scheduling shutdown timer for 60 seconds ...
12:49:22 INFO  : connection terminated
12:49:22 INFO  : scheduling shutdown timer for 60 seconds ...
12:49:22 INFO  : connection terminated
12:49:22 INFO  : scheduling shutdown timer for 60 seconds ...
12:49:22 INFO  : connection terminated
12:49:22 INFO  : scheduling shutdown timer for 60 seconds ...
12:49:24 INFO  : connection terminated
12:49:24 INFO  : scheduling shutdown timer for 60 seconds ...
12:49:25 INFO  : connection terminated
12:49:25 INFO  : scheduling shutdown timer for 60 seconds ...
12:49:27 INFO  : connection terminated
12:49:27 INFO  : scheduling shutdown timer for 60 seconds ...
12:49:27 INFO  : connection terminated
12:49:27 INFO  : scheduling shutdown timer for 60 seconds ...
12:49:27 INFO  : connection terminated
12:49:27 INFO  : scheduling shutdown timer for 60 seconds ...
12:49:27 INFO  : connection terminated
12:49:27 INFO  : scheduling shutdown timer for 60 seconds ...
12:49:29 INFO  : connection terminated
12:49:29 INFO  : scheduling shutdown timer for 60 seconds ...
12:49:32 INFO  : connection terminated
12:49:32 INFO  : scheduling shutdown timer for 60 seconds ...
12:49:33 INFO  : connection terminated
12:49:33 INFO  : scheduling shutdown timer for 60 seconds ...
12:49:33 INFO  : connection terminated
12:49:33 INFO  : scheduling shutdown timer for 60 seconds ...
12:49:33 INFO  : connection terminated
12:49:33 INFO  : scheduling shutdown timer for 60 seconds ...
12:49:34 INFO  : connection terminated
12:49:34 INFO  : scheduling shutdown timer for 60 seconds ...
12:49:37 INFO  : connection terminated
12:49:37 INFO  : scheduling shutdown timer for 60 seconds ...
12:49:39 INFO  : connection terminated
12:49:39 INFO  : scheduling shutdown timer for 60 seconds ...
12:49:40 INFO  : connection terminated
12:49:40 INFO  : scheduling shutdown timer for 60 seconds ...
12:49:40 INFO  : connection terminated
12:49:40 INFO  : scheduling shutdown timer for 60 seconds ...
12:49:40 INFO  : connection terminated
12:49:40 INFO  : scheduling shutdown timer for 60 seconds ...
12:49:40 INFO  : connection terminated
12:49:40 INFO  : scheduling shutdown timer for 60 seconds ...
12:49:40 INFO  : connection terminated
12:49:40 INFO  : scheduling shutdown timer for 60 seconds ...
12:49:41 INFO  : connection terminated
12:49:41 INFO  : scheduling shutdown timer for 60 seconds ...
12:49:42 INFO  : connection terminated
12:49:42 INFO  : scheduling shutdown timer for 60 seconds ...
12:49:42 INFO  : connection terminated
12:49:42 INFO  : scheduling shutdown timer for 60 seconds ...
12:49:44 INFO  : connection terminated
12:49:44 INFO  : scheduling shutdown timer for 60 seconds ...
12:49:44 INFO  : connection terminated
12:49:44 INFO  : scheduling shutdown timer for 60 seconds ...
12:49:46 INFO  : connection terminated
12:49:46 INFO  : scheduling shutdown timer for 60 seconds ...
12:49:46 INFO  : connection terminated
12:49:46 INFO  : scheduling shutdown timer for 60 seconds ...
12:49:47 INFO  : connection terminated
12:49:47 INFO  : scheduling shutdown timer for 60 seconds ...
12:49:48 INFO  : connection terminated
12:49:48 INFO  : scheduling shutdown timer for 60 seconds ...
12:49:48 INFO  : connection terminated
12:49:48 INFO  : scheduling shutdown timer for 60 seconds ...
12:49:48 INFO  : connection terminated
12:49:48 INFO  : scheduling shutdown timer for 60 seconds ...
12:49:48 INFO  : connection terminated
12:49:48 INFO  : scheduling shutdown timer for 60 seconds ...
12:49:50 INFO  : connection terminated
12:49:50 INFO  : scheduling shutdown timer for 60 seconds ...
12:49:51 INFO  : connection terminated
12:49:51 INFO  : scheduling shutdown timer for 60 seconds ...
12:49:54 INFO  : connection terminated
12:49:54 INFO  : scheduling shutdown timer for 60 seconds ...
12:49:55 INFO  : connection terminated
12:49:55 INFO  : scheduling shutdown timer for 60 seconds ...
12:49:57 INFO  : connection terminated
12:49:57 INFO  : scheduling shutdown timer for 60 seconds ...
12:49:58 INFO  : connection terminated
12:49:58 INFO  : scheduling shutdown timer for 60 seconds ...
12:50:00 INFO  : connection terminated
12:50:00 INFO  : scheduling shutdown timer for 60 seconds ...
12:50:04 INFO  : connection terminated
12:50:04 INFO  : scheduling shutdown timer for 60 seconds ...
12:50:05 INFO  : connection terminated
12:50:05 INFO  : scheduling shutdown timer for 60 seconds ...
12:50:06 INFO  : connection terminated
12:50:06 INFO  : scheduling shutdown timer for 60 seconds ...
12:50:06 INFO  : connection terminated
12:50:06 INFO  : scheduling shutdown timer for 60 seconds ...
12:50:06 INFO  : connection terminated
12:50:06 INFO  : scheduling shutdown timer for 60 seconds ...
12:50:06 INFO  : connection terminated
12:50:06 INFO  : scheduling shutdown timer for 60 seconds ...
12:50:06 INFO  : connection terminated
12:50:06 INFO  : scheduling shutdown timer for 60 seconds ...
12:50:06 INFO  : connection terminated
12:50:06 INFO  : scheduling shutdown timer for 60 seconds ...
12:50:06 INFO  : connection terminated
12:50:06 INFO  : scheduling shutdown timer for 60 seconds ...
12:50:06 INFO  : connection terminated
12:50:06 INFO  : scheduling shutdown timer for 60 seconds ...
12:50:06 INFO  : connection terminated
12:50:06 INFO  : scheduling shutdown timer for 60 seconds ...
12:50:06 INFO  : connection terminated
12:50:06 INFO  : scheduling shutdown timer for 60 seconds ...
12:50:06 INFO  : connection terminated
12:50:06 INFO  : scheduling shutdown timer for 60 seconds ...
12:50:06 INFO  : connection terminated
12:50:06 INFO  : scheduling shutdown timer for 60 seconds ...
12:50:06 INFO  : connection terminated
12:50:06 INFO  : scheduling shutdown timer for 60 seconds ...
12:50:06 INFO  : connection terminated
12:50:06 INFO  : scheduling shutdown timer for 60 seconds ...
12:51:06 INFO  : connection terminated
12:51:06 INFO  : scheduling shutdown timer for 60 seconds ...
