#-----------------------------------------------------------
# xsim v2023.1 (64-bit)
# SW Build 3865809 on Sun May  7 15:04:56 MDT 2023
# IP Build 3864474 on Sun May  7 20:36:21 MDT 2023
# SharedData Build 3865790 on Sun May 07 13:33:03 MDT 2023
# Start of session at: Thu Oct 26 14:40:52 2023
# Process ID: 765474
# Current directory: /home/stanganini/tesi_impl/funziona_tutto/.run/765423/hw_emu/device0/binary_0/behav_waveform/xsim
# Command line: xsim -log simulate.log -mode tcl -source {xsim.dir/pfm_top_wrapper_behav/xsim_script.tcl}
# Log file: /home/stanganini/tesi_impl/funziona_tutto/.run/765423/hw_emu/device0/binary_0/behav_waveform/xsim/simulate.log
# Journal file: /home/stanganini/tesi_impl/funziona_tutto/.run/765423/hw_emu/device0/binary_0/behav_waveform/xsim/xsim.jou
# Running On: u50, OS: Linux, CPU Frequency: 2599.468 MHz, CPU Physical cores: 20, Host memory: 135057 MB
#-----------------------------------------------------------
source xsim.dir/pfm_top_wrapper_behav/xsim_script.tcl
# xsim {pfm_top_wrapper_behav} -wdb {xilinx_u50_gen3x16_xdma_5_202210_1-0-vadd.wdb} -autoloadwcfg -tclbatch {pfm_top_wrapper.tcl} -key {Behavioral:sim_1:Functional:pfm_top_wrapper} -protoinst {protoinst_files/bd_f615.protoinst} -protoinst {protoinst_files/bd_4bfa.protoinst} -protoinst {protoinst_files/bd_2b97.protoinst} -protoinst {protoinst_files/bd_4688.protoinst} -protoinst {protoinst_files/bd_86d9.protoinst} -protoinst {protoinst_files/bd_8629.protoinst} -protoinst {protoinst_files/bd_4678.protoinst} -protoinst {protoinst_files/bd_d216.protoinst} -protoinst {protoinst_files/bd_763a.protoinst} -protoinst {protoinst_files/bd_7656.protoinst} -protoinst {protoinst_files/bd_5dca.protoinst} -protoinst {protoinst_files/pfm_dynamic.protoinst} -protoinst {protoinst_files/bd_387c.protoinst} -protoinst {protoinst_files/pfm_top.protoinst} -protoinst {./dr_behav.protoinst}
WARNING::[ XTLM::751 ] Deprecated.! Please instantiate Memory Manager with this pointer (sc_module pointer).
WARNING::[ XTLM::751 ] Deprecated.! Please instantiate Memory Manager with this pointer (sc_module pointer).
WARNING::[ XTLM::751 ] Deprecated.! Please instantiate Memory Manager with this pointer (sc_module pointer).
WARNING::[ XTLM::751 ] Deprecated.! Please instantiate Memory Manager with this pointer (sc_module pointer).
WARNING::[ XTLM::751 ] Deprecated.! Please instantiate Memory Manager with this pointer (sc_module pointer).
WARNING::[ XTLM::751 ] Deprecated.! Please instantiate Memory Manager with this pointer (sc_module pointer).
WARNING::[ XTLM::751 ] Deprecated.! Please instantiate Memory Manager with this pointer (sc_module pointer).
WARNING::[ XTLM::751 ] Deprecated.! Please instantiate Memory Manager with this pointer (sc_module pointer).
WARNING::[ XTLM::751 ] Deprecated.! Please instantiate Memory Manager with this pointer (sc_module pointer).
WARNING::[ XTLM::751 ] Deprecated.! Please instantiate Memory Manager with this pointer (sc_module pointer).
WARNING::[ XTLM::751 ] Deprecated.! Please instantiate Memory Manager with this pointer (sc_module pointer).

Warning: (W570) attempt to use an empty process handle ignored: dont_initialize()
In file: sc_process_handle.h:290
WARNING::[ XTLM::751 ] Deprecated.! Please instantiate Memory Manager with this pointer (sc_module pointer).

Info: (I804) /IEEE_Std_1666/deprecated: sc_object::get_parent() is deprecated, use get_parent_object() instead

Info: (I804) /IEEE_Std_1666/deprecated: sc_sensitive_pos is deprecated use sc_sensitive << with pos() instead
INFO: [Wavedata 42-565] Reading protoinst file protoinst_files/bd_f615.protoinst
WARNING: [Wavedata 42-558] Couldn't load one or more protocol instances from protoinst file protoinst_files/bd_f615.protoinst for the following reason(s):
There are no instances of module "bd_f615" in the design.

INFO: [Wavedata 42-565] Reading protoinst file protoinst_files/bd_4bfa.protoinst
WARNING: [Wavedata 42-558] Couldn't load one or more protocol instances from protoinst file protoinst_files/bd_4bfa.protoinst for the following reason(s):
There are no instances of module "bd_4bfa" in the design.

INFO: [Wavedata 42-565] Reading protoinst file protoinst_files/bd_2b97.protoinst
WARNING: [Wavedata 42-558] Couldn't load one or more protocol instances from protoinst file protoinst_files/bd_2b97.protoinst for the following reason(s):
There are no instances of module "bd_2b97" in the design.

INFO: [Wavedata 42-565] Reading protoinst file protoinst_files/bd_4688.protoinst
WARNING: [Wavedata 42-558] Couldn't load one or more protocol instances from protoinst file protoinst_files/bd_4688.protoinst for the following reason(s):
There are no instances of module "bd_4688" in the design.

INFO: [Wavedata 42-565] Reading protoinst file protoinst_files/bd_86d9.protoinst
WARNING: [Wavedata 42-558] Couldn't load one or more protocol instances from protoinst file protoinst_files/bd_86d9.protoinst for the following reason(s):
There are no instances of module "bd_86d9" in the design.

INFO: [Wavedata 42-565] Reading protoinst file protoinst_files/bd_8629.protoinst
WARNING: [Wavedata 42-558] Couldn't load one or more protocol instances from protoinst file protoinst_files/bd_8629.protoinst for the following reason(s):
There are no instances of module "bd_8629" in the design.

INFO: [Wavedata 42-565] Reading protoinst file protoinst_files/bd_4678.protoinst
WARNING: [Wavedata 42-558] Couldn't load one or more protocol instances from protoinst file protoinst_files/bd_4678.protoinst for the following reason(s):
There are no instances of module "bd_4678" in the design.

INFO: [Wavedata 42-565] Reading protoinst file protoinst_files/bd_d216.protoinst
INFO: [Wavedata 42-564]   Found protocol instance at /pfm_top_wrapper/pfm_top_i/pfm_dynamic_inst/memory_subsystem/inst//interconnect/M00_AXI
INFO: [Wavedata 42-564]   Found protocol instance at /pfm_top_wrapper/pfm_top_i/pfm_dynamic_inst/memory_subsystem/inst//interconnect/M00_AXI1
INFO: [Wavedata 42-564]   Found protocol instance at /pfm_top_wrapper/pfm_top_i/pfm_dynamic_inst/memory_subsystem/inst//interconnect/M00_AXI2
INFO: [Wavedata 42-564]   Found protocol instance at /pfm_top_wrapper/pfm_top_i/pfm_dynamic_inst/memory_subsystem/inst//interconnect/M00_AXI3
INFO: [Wavedata 42-564]   Found protocol instance at /pfm_top_wrapper/pfm_top_i/pfm_dynamic_inst/memory_subsystem/inst//interconnect/M00_AXI4
INFO: [Wavedata 42-564]   Found protocol instance at /pfm_top_wrapper/pfm_top_i/pfm_dynamic_inst/memory_subsystem/inst//interconnect/S00_AXI
INFO: [Wavedata 42-564]   Found protocol instance at /pfm_top_wrapper/pfm_top_i/pfm_dynamic_inst/memory_subsystem/inst//interconnect/interconnect_m00_axi_mem00/M00_AXI
INFO: [Wavedata 42-564]   Found protocol instance at /pfm_top_wrapper/pfm_top_i/pfm_dynamic_inst/memory_subsystem/inst//interconnect/interconnect_m00_axi_mem00/S00_AXI
INFO: [Wavedata 42-564]   Found protocol instance at /pfm_top_wrapper/pfm_top_i/pfm_dynamic_inst/memory_subsystem/inst//interconnect/interconnect_plram_mem00/M00_AXI
INFO: [Wavedata 42-564]   Found protocol instance at /pfm_top_wrapper/pfm_top_i/pfm_dynamic_inst/memory_subsystem/inst//interconnect/interconnect_plram_mem00/S00_AXI
INFO: [Wavedata 42-564]   Found protocol instance at /pfm_top_wrapper/pfm_top_i/pfm_dynamic_inst/memory_subsystem/inst//interconnect/interconnect_plram_mem01/M00_AXI
INFO: [Wavedata 42-564]   Found protocol instance at /pfm_top_wrapper/pfm_top_i/pfm_dynamic_inst/memory_subsystem/inst//interconnect/interconnect_plram_mem01/S00_AXI
INFO: [Wavedata 42-564]   Found protocol instance at /pfm_top_wrapper/pfm_top_i/pfm_dynamic_inst/memory_subsystem/inst//interconnect/interconnect_plram_mem02/M00_AXI
INFO: [Wavedata 42-564]   Found protocol instance at /pfm_top_wrapper/pfm_top_i/pfm_dynamic_inst/memory_subsystem/inst//interconnect/interconnect_plram_mem02/S00_AXI
INFO: [Wavedata 42-564]   Found protocol instance at /pfm_top_wrapper/pfm_top_i/pfm_dynamic_inst/memory_subsystem/inst//interconnect/interconnect_plram_mem03/M00_AXI
INFO: [Wavedata 42-564]   Found protocol instance at /pfm_top_wrapper/pfm_top_i/pfm_dynamic_inst/memory_subsystem/inst//interconnect/interconnect_plram_mem03/S00_AXI
INFO: [Wavedata 42-564]   Found protocol instance at /pfm_top_wrapper/pfm_top_i/pfm_dynamic_inst/memory_subsystem/inst//interconnect/interconnect_s00_axi/M00_AXI
INFO: [Wavedata 42-564]   Found protocol instance at /pfm_top_wrapper/pfm_top_i/pfm_dynamic_inst/memory_subsystem/inst//interconnect/interconnect_s00_axi/M01_AXI
INFO: [Wavedata 42-564]   Found protocol instance at /pfm_top_wrapper/pfm_top_i/pfm_dynamic_inst/memory_subsystem/inst//interconnect/interconnect_s00_axi/M02_AXI
INFO: [Wavedata 42-564]   Found protocol instance at /pfm_top_wrapper/pfm_top_i/pfm_dynamic_inst/memory_subsystem/inst//interconnect/interconnect_s00_axi/M03_AXI
INFO: [Wavedata 42-564]   Found protocol instance at /pfm_top_wrapper/pfm_top_i/pfm_dynamic_inst/memory_subsystem/inst//interconnect/interconnect_s00_axi/M04_AXI
INFO: [Wavedata 42-564]   Found protocol instance at /pfm_top_wrapper/pfm_top_i/pfm_dynamic_inst/memory_subsystem/inst//interconnect/interconnect_s00_axi/S00_AXI
INFO: [Wavedata 42-564]   Found protocol instance at /pfm_top_wrapper/pfm_top_i/pfm_dynamic_inst/memory_subsystem/inst//interconnect/rs_m00_axi/M_AXI
INFO: [Wavedata 42-564]   Found protocol instance at /pfm_top_wrapper/pfm_top_i/pfm_dynamic_inst/memory_subsystem/inst//interconnect/rs_m00_axi/S_AXI
INFO: [Wavedata 42-564]   Found protocol instance at /pfm_top_wrapper/pfm_top_i/pfm_dynamic_inst/memory_subsystem/inst//memory/S_AXI
INFO: [Wavedata 42-564]   Found protocol instance at /pfm_top_wrapper/pfm_top_i/pfm_dynamic_inst/memory_subsystem/inst//memory/S_AXI1
INFO: [Wavedata 42-564]   Found protocol instance at /pfm_top_wrapper/pfm_top_i/pfm_dynamic_inst/memory_subsystem/inst//memory/S_AXI2
INFO: [Wavedata 42-564]   Found protocol instance at /pfm_top_wrapper/pfm_top_i/pfm_dynamic_inst/memory_subsystem/inst//memory/S_AXI3
INFO: [Wavedata 42-564]   Found protocol instance at /pfm_top_wrapper/pfm_top_i/pfm_dynamic_inst/memory_subsystem/inst//memory/plram_mem00/S_AXI
INFO: [Wavedata 42-564]   Found protocol instance at /pfm_top_wrapper/pfm_top_i/pfm_dynamic_inst/memory_subsystem/inst//memory/plram_mem01/S_AXI
INFO: [Wavedata 42-564]   Found protocol instance at /pfm_top_wrapper/pfm_top_i/pfm_dynamic_inst/memory_subsystem/inst//memory/plram_mem02/S_AXI
INFO: [Wavedata 42-564]   Found protocol instance at /pfm_top_wrapper/pfm_top_i/pfm_dynamic_inst/memory_subsystem/inst//memory/plram_mem03/S_AXI
INFO: [Wavedata 42-565] Reading protoinst file protoinst_files/bd_763a.protoinst
WARNING: [Wavedata 42-558] Couldn't load one or more protocol instances from protoinst file protoinst_files/bd_763a.protoinst for the following reason(s):
There are no instances of module "bd_763a" in the design.

INFO: [Wavedata 42-565] Reading protoinst file protoinst_files/bd_7656.protoinst
WARNING: [Wavedata 42-558] Couldn't load one or more protocol instances from protoinst file protoinst_files/bd_7656.protoinst for the following reason(s):
There are no instances of module "bd_7656" in the design.

INFO: [Wavedata 42-565] Reading protoinst file protoinst_files/bd_5dca.protoinst
INFO: [Wavedata 42-564]   Found protocol instance at /pfm_top_wrapper/pfm_top_i/pfm_dynamic_inst/hmss_0/inst//axi_apb_bridge_inst/AXI4_LITE
INFO: [Wavedata 42-564]   Found protocol instance at /pfm_top_wrapper/pfm_top_i/pfm_dynamic_inst/hmss_0/inst//hbm_inst/SAXI_00
INFO: [Wavedata 42-564]   Found protocol instance at /pfm_top_wrapper/pfm_top_i/pfm_dynamic_inst/hmss_0/inst//hbm_inst/SAXI_01
INFO: [Wavedata 42-564]   Found protocol instance at /pfm_top_wrapper/pfm_top_i/pfm_dynamic_inst/hmss_0/inst//path_0/M_AXI
INFO: [Wavedata 42-564]   Found protocol instance at /pfm_top_wrapper/pfm_top_i/pfm_dynamic_inst/hmss_0/inst//path_0/S01_AXI
INFO: [Wavedata 42-564]   Found protocol instance at /pfm_top_wrapper/pfm_top_i/pfm_dynamic_inst/hmss_0/inst//path_0/interconnect1_0/M00_AXI
INFO: [Wavedata 42-564]   Found protocol instance at /pfm_top_wrapper/pfm_top_i/pfm_dynamic_inst/hmss_0/inst//path_0/interconnect1_0/S00_AXI
INFO: [Wavedata 42-564]   Found protocol instance at /pfm_top_wrapper/pfm_top_i/pfm_dynamic_inst/hmss_0/inst//path_0/slice1_0/M_AXI
INFO: [Wavedata 42-564]   Found protocol instance at /pfm_top_wrapper/pfm_top_i/pfm_dynamic_inst/hmss_0/inst//path_0/slice1_0/S_AXI
INFO: [Wavedata 42-564]   Found protocol instance at /pfm_top_wrapper/pfm_top_i/pfm_dynamic_inst/hmss_0/inst//path_1/M_AXI
INFO: [Wavedata 42-564]   Found protocol instance at /pfm_top_wrapper/pfm_top_i/pfm_dynamic_inst/hmss_0/inst//path_1/S00_AXI
INFO: [Wavedata 42-564]   Found protocol instance at /pfm_top_wrapper/pfm_top_i/pfm_dynamic_inst/hmss_0/inst//path_1/interconnect0_1/M00_AXI
INFO: [Wavedata 42-564]   Found protocol instance at /pfm_top_wrapper/pfm_top_i/pfm_dynamic_inst/hmss_0/inst//path_1/interconnect0_1/S00_AXI
INFO: [Wavedata 42-564]   Found protocol instance at /pfm_top_wrapper/pfm_top_i/pfm_dynamic_inst/hmss_0/inst//path_1/slice0_1/M_AXI
INFO: [Wavedata 42-564]   Found protocol instance at /pfm_top_wrapper/pfm_top_i/pfm_dynamic_inst/hmss_0/inst//path_1/slice0_1/S_AXI
INFO: [Wavedata 42-564]   Found protocol instance at /pfm_top_wrapper/pfm_top_i/pfm_dynamic_inst/hmss_0/inst//vip_S00/M_AXI
INFO: [Wavedata 42-564]   Found protocol instance at /pfm_top_wrapper/pfm_top_i/pfm_dynamic_inst/hmss_0/inst//vip_S00/S_AXI
INFO: [Wavedata 42-564]   Found protocol instance at /pfm_top_wrapper/pfm_top_i/pfm_dynamic_inst/hmss_0/inst//vip_S01/M_AXI
INFO: [Wavedata 42-564]   Found protocol instance at /pfm_top_wrapper/pfm_top_i/pfm_dynamic_inst/hmss_0/inst//vip_S01/S_AXI
INFO: [Wavedata 42-565] Reading protoinst file protoinst_files/pfm_dynamic.protoinst
INFO: [Wavedata 42-564]   Found protocol instance at /pfm_top_wrapper/pfm_top_i/pfm_dynamic_inst//axi_bram_null_0/S_AXI
INFO: [Wavedata 42-564]   Found protocol instance at /pfm_top_wrapper/pfm_top_i/pfm_dynamic_inst//hmss_0/S00_AXI
INFO: [Wavedata 42-564]   Found protocol instance at /pfm_top_wrapper/pfm_top_i/pfm_dynamic_inst//hmss_0/S01_AXI
INFO: [Wavedata 42-564]   Found protocol instance at /pfm_top_wrapper/pfm_top_i/pfm_dynamic_inst//hmss_0/S_AXI_CTRL
INFO: [Wavedata 42-564]   Found protocol instance at /pfm_top_wrapper/pfm_top_i/pfm_dynamic_inst//memory_subsystem/M00_AXI
INFO: [Wavedata 42-564]   Found protocol instance at /pfm_top_wrapper/pfm_top_i/pfm_dynamic_inst//memory_subsystem/S00_AXI
INFO: [Wavedata 42-564]   Found protocol instance at /pfm_top_wrapper/pfm_top_i/pfm_dynamic_inst//profile_vip_0/M_AXI
INFO: [Wavedata 42-564]   Found protocol instance at /pfm_top_wrapper/pfm_top_i/pfm_dynamic_inst//profile_vip_0/S_AXI
INFO: [Wavedata 42-564]   Found protocol instance at /pfm_top_wrapper/pfm_top_i/pfm_dynamic_inst//slr0/BLP_S_AXI_CTRL_USER_00
INFO: [Wavedata 42-564]   Found protocol instance at /pfm_top_wrapper/pfm_top_i/pfm_dynamic_inst//slr0/M02_AXI
INFO: [Wavedata 42-564]   Found protocol instance at /pfm_top_wrapper/pfm_top_i/pfm_dynamic_inst//slr0/interconnect_axilite_user_0/M00_AXI
INFO: [Wavedata 42-564]   Found protocol instance at /pfm_top_wrapper/pfm_top_i/pfm_dynamic_inst//slr0/interconnect_axilite_user_0/M02_AXI
INFO: [Wavedata 42-564]   Found protocol instance at /pfm_top_wrapper/pfm_top_i/pfm_dynamic_inst//slr0/interconnect_axilite_user_0/S00_AXI
INFO: [Wavedata 42-564]   Found protocol instance at /pfm_top_wrapper/pfm_top_i/pfm_dynamic_inst//slr0/interconnect_axilite_user_0/m00_couplers/M_AXI
INFO: [Wavedata 42-564]   Found protocol instance at /pfm_top_wrapper/pfm_top_i/pfm_dynamic_inst//slr0/interconnect_axilite_user_0/m00_couplers/S_AXI
INFO: [Wavedata 42-564]   Found protocol instance at /pfm_top_wrapper/pfm_top_i/pfm_dynamic_inst//slr0/interconnect_axilite_user_0/m01_couplers/M_AXI
INFO: [Wavedata 42-564]   Found protocol instance at /pfm_top_wrapper/pfm_top_i/pfm_dynamic_inst//slr0/interconnect_axilite_user_0/m01_couplers/S_AXI
INFO: [Wavedata 42-564]   Found protocol instance at /pfm_top_wrapper/pfm_top_i/pfm_dynamic_inst//slr0/interconnect_axilite_user_0/m01_couplers/m01_regslice/M_AXI
INFO: [Wavedata 42-564]   Found protocol instance at /pfm_top_wrapper/pfm_top_i/pfm_dynamic_inst//slr0/interconnect_axilite_user_0/m01_couplers/m01_regslice/S_AXI
INFO: [Wavedata 42-564]   Found protocol instance at /pfm_top_wrapper/pfm_top_i/pfm_dynamic_inst//slr0/interconnect_axilite_user_0/m02_couplers/M_AXI
INFO: [Wavedata 42-564]   Found protocol instance at /pfm_top_wrapper/pfm_top_i/pfm_dynamic_inst//slr0/interconnect_axilite_user_0/m02_couplers/S_AXI
INFO: [Wavedata 42-564]   Found protocol instance at /pfm_top_wrapper/pfm_top_i/pfm_dynamic_inst//slr0/interconnect_axilite_user_0/m02_couplers/auto_cc/M_AXI
INFO: [Wavedata 42-564]   Found protocol instance at /pfm_top_wrapper/pfm_top_i/pfm_dynamic_inst//slr0/interconnect_axilite_user_0/m02_couplers/auto_cc/S_AXI
INFO: [Wavedata 42-564]   Found protocol instance at /pfm_top_wrapper/pfm_top_i/pfm_dynamic_inst//slr0/interconnect_axilite_user_0/m02_couplers/m02_regslice/M_AXI
INFO: [Wavedata 42-564]   Found protocol instance at /pfm_top_wrapper/pfm_top_i/pfm_dynamic_inst//slr0/interconnect_axilite_user_0/m02_couplers/m02_regslice/S_AXI
INFO: [Wavedata 42-564]   Found protocol instance at /pfm_top_wrapper/pfm_top_i/pfm_dynamic_inst//slr0/interconnect_axilite_user_0/s00_couplers/M_AXI
INFO: [Wavedata 42-564]   Found protocol instance at /pfm_top_wrapper/pfm_top_i/pfm_dynamic_inst//slr0/interconnect_axilite_user_0/s00_couplers/S_AXI
INFO: [Wavedata 42-564]   Found protocol instance at /pfm_top_wrapper/pfm_top_i/pfm_dynamic_inst//slr0/interconnect_axilite_user_0/xbar/M00_AXI
INFO: [Wavedata 42-564]   Found protocol instance at /pfm_top_wrapper/pfm_top_i/pfm_dynamic_inst//slr0/interconnect_axilite_user_0/xbar/M01_AXI
INFO: [Wavedata 42-564]   Found protocol instance at /pfm_top_wrapper/pfm_top_i/pfm_dynamic_inst//slr0/interconnect_axilite_user_0/xbar/M02_AXI
INFO: [Wavedata 42-564]   Found protocol instance at /pfm_top_wrapper/pfm_top_i/pfm_dynamic_inst//slr0/interconnect_axilite_user_0/xbar/S00_AXI
INFO: [Wavedata 42-564]   Found protocol instance at /pfm_top_wrapper/pfm_top_i/pfm_dynamic_inst//slr0/to_delete_kernel_ctrl_0/S_AXI
INFO: [Wavedata 42-564]   Found protocol instance at /pfm_top_wrapper/pfm_top_i/pfm_dynamic_inst//slr1/BLP_S_AXI_CTRL_USER_01
INFO: [Wavedata 42-564]   Found protocol instance at /pfm_top_wrapper/pfm_top_i/pfm_dynamic_inst//slr1/interconnect_axilite_user_1/M00_AXI
INFO: [Wavedata 42-564]   Found protocol instance at /pfm_top_wrapper/pfm_top_i/pfm_dynamic_inst//slr1/interconnect_axilite_user_1/S00_AXI
INFO: [Wavedata 42-564]   Found protocol instance at /pfm_top_wrapper/pfm_top_i/pfm_dynamic_inst//slr1/interconnect_axilite_user_1/s00_couplers/M_AXI
INFO: [Wavedata 42-564]   Found protocol instance at /pfm_top_wrapper/pfm_top_i/pfm_dynamic_inst//slr1/interconnect_axilite_user_1/s00_couplers/S_AXI
INFO: [Wavedata 42-564]   Found protocol instance at /pfm_top_wrapper/pfm_top_i/pfm_dynamic_inst//slr1/to_delete_kernel_ctrl_1/S_AXI
INFO: [Wavedata 42-564]   Found protocol instance at /pfm_top_wrapper/pfm_top_i/pfm_dynamic_inst//smartconn_data_0/M00_AXI
INFO: [Wavedata 42-564]   Found protocol instance at /pfm_top_wrapper/pfm_top_i/pfm_dynamic_inst//smartconn_data_0/M01_AXI
INFO: [Wavedata 42-564]   Found protocol instance at /pfm_top_wrapper/pfm_top_i/pfm_dynamic_inst//smartconn_data_0/M02_AXI
INFO: [Wavedata 42-564]   Found protocol instance at /pfm_top_wrapper/pfm_top_i/pfm_dynamic_inst//smartconn_data_0/S00_AXI
INFO: [Wavedata 42-564]   Found protocol instance at /pfm_top_wrapper/pfm_top_i/pfm_dynamic_inst//vadd_1/m_axi_gmem
INFO: [Wavedata 42-564]   Found protocol instance at /pfm_top_wrapper/pfm_top_i/pfm_dynamic_inst//vadd_1/s_axi_control
INFO: [Wavedata 42-565] Reading protoinst file protoinst_files/bd_387c.protoinst
WARNING: [Wavedata 42-558] Couldn't load one or more protocol instances from protoinst file protoinst_files/bd_387c.protoinst for the following reason(s):
There are no instances of module "bd_387c" in the design.

INFO: [Wavedata 42-565] Reading protoinst file protoinst_files/pfm_top.protoinst
INFO: [Wavedata 42-564]   Found protocol instance at /pfm_top_wrapper/pfm_top_i//pfm_dynamic_inst/BLP_M_AXI_DATA_C2H_00
INFO: [Wavedata 42-564]   Found protocol instance at /pfm_top_wrapper/pfm_top_i//pfm_dynamic_inst/BLP_S_AXI_CTRL_USER_00
INFO: [Wavedata 42-564]   Found protocol instance at /pfm_top_wrapper/pfm_top_i//pfm_dynamic_inst/BLP_S_AXI_CTRL_USER_01
INFO: [Wavedata 42-564]   Found protocol instance at /pfm_top_wrapper/pfm_top_i//pfm_dynamic_inst/BLP_S_AXI_DATA_H2C_00
INFO: [Wavedata 42-564]   Found protocol instance at /pfm_top_wrapper/pfm_top_i//static_region/M00_AXI
INFO: [Common 17-14] Message 'Wavedata 42-564' appears 100 times and further instances of the messages will be disabled. Use the Tcl command set_msg_config to change the current settings.
INFO: [Wavedata 42-565] Reading protoinst file ./dr_behav.protoinst
Time resolution is 1 ps
source pfm_top_wrapper.tcl
## if { [file exists vitis_params.tcl] } {
##   source vitis_params.tcl
## }
## if { [info exists ::env(USER_PRE_SIM_SCRIPT)] } {
##   if { [catch {source $::env(USER_PRE_SIM_SCRIPT)} msg] } {
##     puts $msg
##   }
## }
## if { [file exists pre_sim_tool_scripts.tcl] } {
##   source pre_sim_tool_scripts.tcl
## }
### if { [file exists preprocess_profile.tcl] } {
###   if { [catch {source -notrace preprocess_profile.tcl} msg] } {
###     puts $msg 
###   }
### }
### if { [info exists ::env(XILINX_SC_HW_EMU)] } {
###   source $::env(XILINX_VITIS)/system_compiler/examples/sc_hw_emu_pre_xsim.tcl
### }
## puts "We are running simulator for infinite time. Added some default signals in the waveform. You can pause simulation and add signals and then resume the simulaion again."
We are running simulator for infinite time. Added some default signals in the waveform. You can pause simulation and add signals and then resume the simulaion again.
## puts ""

## puts "Stopping at breakpoint in simulator also stops the host code execution"
Stopping at breakpoint in simulator also stops the host code execution
## puts ""

## if { [info exists ::env(VITIS_LAUNCH_WAVEFORM_GUI) ] } {
##   run 1ns
## } else {
##   run all
## }
Block Memory Generator module pfm_top_wrapper.pfm_top_i.pfm_dynamic_inst.memory_subsystem.inst.memory.plram_mem00_bram.inst.\native_mem_mapped_module.blk_mem_gen_v8_4_6_inst  is using a behavioral model for simulation which will not precisely model memory collision behavior.
Block Memory Generator module pfm_top_wrapper.pfm_top_i.pfm_dynamic_inst.memory_subsystem.inst.memory.plram_mem01_bram.inst.\native_mem_mapped_module.blk_mem_gen_v8_4_6_inst  is using a behavioral model for simulation which will not precisely model memory collision behavior.
Block Memory Generator module pfm_top_wrapper.pfm_top_i.pfm_dynamic_inst.memory_subsystem.inst.memory.plram_mem02_bram.inst.\native_mem_mapped_module.blk_mem_gen_v8_4_6_inst  is using a behavioral model for simulation which will not precisely model memory collision behavior.
Block Memory Generator module pfm_top_wrapper.pfm_top_i.pfm_dynamic_inst.memory_subsystem.inst.memory.plram_mem03_bram.inst.\native_mem_mapped_module.blk_mem_gen_v8_4_6_inst  is using a behavioral model for simulation which will not precisely model memory collision behavior.
-> v30 setup
slot_size=0x1000
num_slots=16
num_slot_masks=1
num_cus=3
num_cu_masks=1
cu_offset=16
cu_base_address=0x0
cq_int_enabled=0
mb_host_int_enabled=0
dataflow_enabled=0
kds_30=0
dmsg=0
echo=0
polling=1
cu interrupt mask : cannot convert
<- setup
-->configure_mb
configure cmd found in slot(0)
features=0x0001
cu(0) addr(0x1c010000) handshake(0x0) encodedaddr(0x1c010000)
-> v30 setup
slot_size=0x1000
num_slots=16
num_slot_masks=1
num_cus=1
num_cu_masks=1
cu_offset=16
cu_base_address=0x1c010000
cq_int_enabled=0
mb_host_int_enabled=1
dataflow_enabled=0
kds_30=0
dmsg=0
echo=0
polling=0
cu interrupt mask : cannot convert
<- setup
slot(0) [running -> free]
<--configure_mb
$stop called at time : 233991789 ps
run: Time (s): cpu = 00:00:00 ; elapsed = 00:00:11 . Memory (MB): peak = 1433.246 ; gain = 0.000 ; free physical = 87768 ; free virtual = 121183
## if { [file exists post_sim_tool_scripts.tcl] } {
##   source post_sim_tool_scripts.tcl
## }
### if { [file exists profile.tcl] } {
###   if { [catch {source -notrace profile.tcl } msg] } {
###     puts $msg
###   }
### }
Waiting for protocol analyzers to complete...
Done!
Unable to find signal: /pfm_top_wrapper/pfm_top_i/pfm_dynamic_inst/vadd_1/inst//grp_vadd_Pipeline_VITIS_LOOP_530_1_fu_175/grp_vadd_Pipeline_VITIS_LOOP_530_1_fu_175.dataflowTxWaveData.OutStanding
Unable to find signal: /pfm_top_wrapper/pfm_top_i/pfm_dynamic_inst/vadd_1/inst//grp_vadd_Pipeline_VITIS_LOOP_530_1_fu_175/grp_vadd_Pipeline_VITIS_LOOP_530_1_fu_175.iterationsWave_0
Unable to find signal: /pfm_top_wrapper/pfm_top_i/pfm_dynamic_inst/vadd_1/inst//grp_vadd_Pipeline_VITIS_LOOP_530_1_fu_175/grp_vadd_Pipeline_VITIS_LOOP_530_1_fu_175.iterationsWave_1
Unable to find signal: /pfm_top_wrapper/pfm_top_i/pfm_dynamic_inst/vadd_1/inst//grp_vadd_Pipeline_VITIS_LOOP_530_1_fu_175/grp_vadd_Pipeline_VITIS_LOOP_530_1_fu_175.iterationsWave_2
Unable to find signal: /pfm_top_wrapper/pfm_top_i/pfm_dynamic_inst/vadd_1/inst//grp_vadd_Pipeline_VITIS_LOOP_530_1_fu_175/grp_vadd_Pipeline_VITIS_LOOP_530_1_fu_175.iterationsWave_3
Unable to find signal: /pfm_top_wrapper/pfm_top_i/pfm_dynamic_inst/vadd_1/inst//grp_vadd_Pipeline_VITIS_LOOP_530_1_fu_175/grp_vadd_Pipeline_VITIS_LOOP_530_1_fu_175.iterationsWave_4
Unable to find signal: /pfm_top_wrapper/pfm_top_i/pfm_dynamic_inst/vadd_1/inst//grp_vadd_Pipeline_VITIS_LOOP_530_1_fu_175/grp_vadd_Pipeline_VITIS_LOOP_530_1_fu_175.iterationsWave_5
Unable to find signal: /pfm_top_wrapper/pfm_top_i/pfm_dynamic_inst/vadd_1/inst//grp_vadd_Pipeline_VITIS_LOOP_530_1_fu_175/grp_vadd_Pipeline_VITIS_LOOP_530_1_fu_175.iterationsWave_6
Unable to find signal: /pfm_top_wrapper/pfm_top_i/pfm_dynamic_inst/vadd_1/inst//grp_vadd_Pipeline_VITIS_LOOP_530_1_fu_175/grp_vadd_Pipeline_VITIS_LOOP_530_1_fu_175.iterationsWave_7
Unable to find signal: /pfm_top_wrapper/pfm_top_i/pfm_dynamic_inst/vadd_1/inst//grp_vadd_Pipeline_VITIS_LOOP_530_1_fu_175/grp_vadd_Pipeline_VITIS_LOOP_530_1_fu_175.iterationsWave_8
Unable to find signal: /pfm_top_wrapper/pfm_top_i/pfm_dynamic_inst/vadd_1/inst//grp_vadd_Pipeline_VITIS_LOOP_530_1_fu_175/grp_vadd_Pipeline_VITIS_LOOP_530_1_fu_175.iterationsWave_9
Unable to find signal: /pfm_top_wrapper/pfm_top_i/pfm_dynamic_inst/vadd_1/inst//grp_vadd_Pipeline_VITIS_LOOP_530_1_fu_175/grp_vadd_Pipeline_VITIS_LOOP_530_1_fu_175.iterationsWave_10
Unable to find signal: /pfm_top_wrapper/pfm_top_i/pfm_dynamic_inst/vadd_1/inst//grp_vadd_Pipeline_VITIS_LOOP_530_1_fu_175/grp_vadd_Pipeline_VITIS_LOOP_530_1_fu_175.iterationsWave_11
Unable to find signal: /pfm_top_wrapper/pfm_top_i/pfm_dynamic_inst/vadd_1/inst//grp_vadd_Pipeline_VITIS_LOOP_530_1_fu_175/grp_vadd_Pipeline_VITIS_LOOP_530_1_fu_175.iterationsWave_12
Unable to find signal: /pfm_top_wrapper/pfm_top_i/pfm_dynamic_inst/vadd_1/inst//grp_vadd_Pipeline_VITIS_LOOP_530_1_fu_175/grp_vadd_Pipeline_VITIS_LOOP_530_1_fu_175.iterationsWave_13
Unable to find signal: /pfm_top_wrapper/pfm_top_i/pfm_dynamic_inst/vadd_1/inst//grp_vadd_Pipeline_VITIS_LOOP_530_1_fu_175/grp_vadd_Pipeline_VITIS_LOOP_530_1_fu_175.iterationsWave_14
Unable to find signal: /pfm_top_wrapper/pfm_top_i/pfm_dynamic_inst/vadd_1/inst//grp_vadd_Pipeline_VITIS_LOOP_530_1_fu_175/grp_vadd_Pipeline_VITIS_LOOP_530_1_fu_175.iterationsWave_15
Unable to find signal: /pfm_top_wrapper/pfm_top_i/pfm_dynamic_inst/vadd_1/inst//grp_vadd_Pipeline_VITIS_LOOP_530_1_fu_175/grp_vadd_Pipeline_VITIS_LOOP_530_1_fu_175.iterationsWave_16
Unable to find signal: /pfm_top_wrapper/pfm_top_i/pfm_dynamic_inst/vadd_1/inst//grp_vadd_Pipeline_VITIS_LOOP_530_1_fu_175/grp_vadd_Pipeline_VITIS_LOOP_530_1_fu_175.iterationsWave_17
Unable to find signal: /pfm_top_wrapper/pfm_top_i/pfm_dynamic_inst/vadd_1/inst//grp_vadd_Pipeline_VITIS_LOOP_530_1_fu_175/grp_vadd_Pipeline_VITIS_LOOP_530_1_fu_175.iterationsWave_18
Unable to find signal: /pfm_top_wrapper/pfm_top_i/pfm_dynamic_inst/vadd_1/inst//grp_vadd_Pipeline_VITIS_LOOP_530_1_fu_175/grp_vadd_Pipeline_VITIS_LOOP_530_1_fu_175.iterationsWave_19
Unable to find signal: /pfm_top_wrapper/pfm_top_i/pfm_dynamic_inst/vadd_1/inst//grp_vadd_Pipeline_VITIS_LOOP_530_1_fu_175/grp_vadd_Pipeline_VITIS_LOOP_530_1_fu_175.iterationsWave_20
Unable to find signal: /pfm_top_wrapper/pfm_top_i/pfm_dynamic_inst/vadd_1/inst//grp_vadd_Pipeline_VITIS_LOOP_530_1_fu_175/grp_vadd_Pipeline_VITIS_LOOP_530_1_fu_175.iterationsWave_21
Unable to find signal: /pfm_top_wrapper/pfm_top_i/pfm_dynamic_inst/vadd_1/inst//grp_vadd_Pipeline_VITIS_LOOP_530_1_fu_175/grp_vadd_Pipeline_VITIS_LOOP_530_1_fu_175.iterationsWave_22
Unable to find signal: /pfm_top_wrapper/pfm_top_i/pfm_dynamic_inst/vadd_1/inst//grp_vadd_Pipeline_VITIS_LOOP_530_1_fu_175/grp_vadd_Pipeline_VITIS_LOOP_530_1_fu_175.iterationsWave_23
Unable to find signal: /pfm_top_wrapper/pfm_top_i/pfm_dynamic_inst/vadd_1/inst//grp_vadd_Pipeline_VITIS_LOOP_530_1_fu_175/grp_vadd_Pipeline_VITIS_LOOP_530_1_fu_175.iterationsWave_24
Unable to find signal: /pfm_top_wrapper/pfm_top_i/pfm_dynamic_inst/vadd_1/inst//grp_vadd_Pipeline_VITIS_LOOP_530_1_fu_175/grp_vadd_Pipeline_VITIS_LOOP_530_1_fu_175.iterationsWave_25
Unable to find signal: /pfm_top_wrapper/pfm_top_i/pfm_dynamic_inst/vadd_1/inst//grp_vadd_Pipeline_VITIS_LOOP_530_1_fu_175/grp_vadd_Pipeline_VITIS_LOOP_530_1_fu_175.iterationsWave_26
Unable to find signal: /pfm_top_wrapper/pfm_top_i/pfm_dynamic_inst/vadd_1/inst//grp_vadd_Pipeline_VITIS_LOOP_530_1_fu_175/grp_vadd_Pipeline_VITIS_LOOP_530_1_fu_175.iterationsWave_27
Unable to find signal: /pfm_top_wrapper/pfm_top_i/pfm_dynamic_inst/vadd_1/inst//grp_vadd_Pipeline_VITIS_LOOP_530_1_fu_175/grp_vadd_Pipeline_VITIS_LOOP_530_1_fu_175.iterationsWave_28
Unable to find signal: /pfm_top_wrapper/pfm_top_i/pfm_dynamic_inst/vadd_1/inst//grp_vadd_Pipeline_VITIS_LOOP_530_1_fu_175/grp_vadd_Pipeline_VITIS_LOOP_530_1_fu_175.iterationsWave_29
Unable to find signal: /pfm_top_wrapper/pfm_top_i/pfm_dynamic_inst/vadd_1/inst//grp_vadd_Pipeline_VITIS_LOOP_530_1_fu_175/grp_vadd_Pipeline_VITIS_LOOP_530_1_fu_175.iterationsWave_30
Unable to find signal: /pfm_top_wrapper/pfm_top_i/pfm_dynamic_inst/vadd_1/inst//grp_vadd_Pipeline_VITIS_LOOP_530_1_fu_175/grp_vadd_Pipeline_VITIS_LOOP_530_1_fu_175.iterationsWave_31
Unable to find signal: /pfm_top_wrapper/pfm_top_i/pfm_dynamic_inst/vadd_1/inst//grp_vadd_Pipeline_VITIS_LOOP_530_1_fu_175/grp_vadd_Pipeline_VITIS_LOOP_530_1_fu_175.iterationsWave_32
Unable to find signal: /pfm_top_wrapper/pfm_top_i/pfm_dynamic_inst/vadd_1/inst//grp_vadd_Pipeline_VITIS_LOOP_530_1_fu_175/grp_vadd_Pipeline_VITIS_LOOP_530_1_fu_175.iterationsWave_33
Unable to find signal: /pfm_top_wrapper/pfm_top_i/pfm_dynamic_inst/vadd_1/inst//grp_vadd_Pipeline_VITIS_LOOP_530_1_fu_175/grp_vadd_Pipeline_VITIS_LOOP_530_1_fu_175.iterationsWave_34
Unable to find signal: /pfm_top_wrapper/pfm_top_i/pfm_dynamic_inst/vadd_1/inst//grp_vadd_Pipeline_VITIS_LOOP_530_1_fu_175/grp_vadd_Pipeline_VITIS_LOOP_530_1_fu_175.iterationsWave_35
Unable to find signal: /pfm_top_wrapper/pfm_top_i/pfm_dynamic_inst/vadd_1/inst//grp_vadd_Pipeline_VITIS_LOOP_530_1_fu_175/grp_vadd_Pipeline_VITIS_LOOP_530_1_fu_175.iterationsWave_36
Unable to find signal: /pfm_top_wrapper/pfm_top_i/pfm_dynamic_inst/vadd_1/inst//grp_vadd_Pipeline_VITIS_LOOP_530_1_fu_175/grp_vadd_Pipeline_VITIS_LOOP_530_1_fu_175.iterationsWave_37
Unable to find signal: /pfm_top_wrapper/pfm_top_i/pfm_dynamic_inst/vadd_1/inst//grp_vadd_Pipeline_VITIS_LOOP_530_1_fu_175/grp_vadd_Pipeline_VITIS_LOOP_530_1_fu_175.iterationsWave_38
Unable to find signal: /pfm_top_wrapper/pfm_top_i/pfm_dynamic_inst/vadd_1/inst//grp_vadd_Pipeline_VITIS_LOOP_530_1_fu_175/grp_vadd_Pipeline_VITIS_LOOP_530_1_fu_175.iterationsWave_39
Unable to find signal: /pfm_top_wrapper/pfm_top_i/pfm_dynamic_inst/vadd_1/inst//grp_vadd_Pipeline_VITIS_LOOP_530_1_fu_175/grp_vadd_Pipeline_VITIS_LOOP_530_1_fu_175.iterationsWave_40
Unable to find signal: /pfm_top_wrapper/pfm_top_i/pfm_dynamic_inst/vadd_1/inst//grp_vadd_Pipeline_VITIS_LOOP_530_1_fu_175/grp_vadd_Pipeline_VITIS_LOOP_530_1_fu_175.iterationsWave_41
Unable to find signal: /pfm_top_wrapper/pfm_top_i/pfm_dynamic_inst/vadd_1/inst//grp_vadd_Pipeline_VITIS_LOOP_530_1_fu_175/grp_vadd_Pipeline_VITIS_LOOP_530_1_fu_175.iterationsWave_42
Unable to find signal: /pfm_top_wrapper/pfm_top_i/pfm_dynamic_inst/vadd_1/inst//grp_vadd_Pipeline_VITIS_LOOP_530_1_fu_175/grp_vadd_Pipeline_VITIS_LOOP_530_1_fu_175.iterationsWave_43
Unable to find signal: /pfm_top_wrapper/pfm_top_i/pfm_dynamic_inst/vadd_1/inst//grp_vadd_Pipeline_VITIS_LOOP_530_1_fu_175/grp_vadd_Pipeline_VITIS_LOOP_530_1_fu_175.iterationsWave_44
Unable to find signal: /pfm_top_wrapper/pfm_top_i/pfm_dynamic_inst/vadd_1/inst//grp_vadd_Pipeline_VITIS_LOOP_530_1_fu_175/grp_vadd_Pipeline_VITIS_LOOP_530_1_fu_175.iterationsWave_45
Unable to find signal: /pfm_top_wrapper/pfm_top_i/pfm_dynamic_inst/vadd_1/inst//grp_vadd_Pipeline_VITIS_LOOP_530_1_fu_175/grp_vadd_Pipeline_VITIS_LOOP_530_1_fu_175.iterationsWave_46
Unable to find signal: /pfm_top_wrapper/pfm_top_i/pfm_dynamic_inst/vadd_1/inst//grp_vadd_Pipeline_VITIS_LOOP_530_1_fu_175/grp_vadd_Pipeline_VITIS_LOOP_530_1_fu_175.iterationsWave_47
Unable to find signal: /pfm_top_wrapper/pfm_top_i/pfm_dynamic_inst/vadd_1/inst//grp_vadd_Pipeline_VITIS_LOOP_530_1_fu_175/grp_vadd_Pipeline_VITIS_LOOP_530_1_fu_175.iterationsWave_48
Unable to find signal: /pfm_top_wrapper/pfm_top_i/pfm_dynamic_inst/vadd_1/inst//grp_vadd_Pipeline_VITIS_LOOP_530_1_fu_175/grp_vadd_Pipeline_VITIS_LOOP_530_1_fu_175.iterationsWave_49
Unable to find signal: /pfm_top_wrapper/pfm_top_i/pfm_dynamic_inst/vadd_1/inst//grp_vadd_Pipeline_VITIS_LOOP_530_1_fu_175/grp_vadd_Pipeline_VITIS_LOOP_530_1_fu_175.iterationsWave_50
Unable to find signal: /pfm_top_wrapper/pfm_top_i/pfm_dynamic_inst/vadd_1/inst//grp_vadd_Pipeline_VITIS_LOOP_530_1_fu_175/grp_vadd_Pipeline_VITIS_LOOP_530_1_fu_175.iterationsWave_51
Unable to find signal: /pfm_top_wrapper/pfm_top_i/pfm_dynamic_inst/vadd_1/inst//grp_vadd_Pipeline_VITIS_LOOP_530_1_fu_175/grp_vadd_Pipeline_VITIS_LOOP_530_1_fu_175.iterationsWave_52
Unable to find signal: /pfm_top_wrapper/pfm_top_i/pfm_dynamic_inst/vadd_1/inst//grp_vadd_Pipeline_VITIS_LOOP_530_1_fu_175/grp_vadd_Pipeline_VITIS_LOOP_530_1_fu_175.iterationsWave_53
Unable to find signal: /pfm_top_wrapper/pfm_top_i/pfm_dynamic_inst/vadd_1/inst//grp_vadd_Pipeline_VITIS_LOOP_530_1_fu_175/grp_vadd_Pipeline_VITIS_LOOP_530_1_fu_175.iterationsWave_54
Unable to find signal: /pfm_top_wrapper/pfm_top_i/pfm_dynamic_inst/vadd_1/inst//grp_vadd_Pipeline_VITIS_LOOP_530_1_fu_175/grp_vadd_Pipeline_VITIS_LOOP_530_1_fu_175.iterationsWave_55
Unable to find signal: /pfm_top_wrapper/pfm_top_i/pfm_dynamic_inst/vadd_1/inst//grp_vadd_Pipeline_VITIS_LOOP_530_1_fu_175/grp_vadd_Pipeline_VITIS_LOOP_530_1_fu_175.iterationsWave_56
Unable to find signal: /pfm_top_wrapper/pfm_top_i/pfm_dynamic_inst/vadd_1/inst//grp_vadd_Pipeline_VITIS_LOOP_530_1_fu_175/grp_vadd_Pipeline_VITIS_LOOP_530_1_fu_175.iterationsWave_57
Unable to find signal: /pfm_top_wrapper/pfm_top_i/pfm_dynamic_inst/vadd_1/inst//grp_vadd_Pipeline_VITIS_LOOP_530_1_fu_175/grp_vadd_Pipeline_VITIS_LOOP_530_1_fu_175.iterationsWave_58
Unable to find signal: /pfm_top_wrapper/pfm_top_i/pfm_dynamic_inst/vadd_1/inst//grp_vadd_Pipeline_VITIS_LOOP_530_1_fu_175/grp_vadd_Pipeline_VITIS_LOOP_530_1_fu_175.iterationsWave_59
Unable to find signal: /pfm_top_wrapper/pfm_top_i/pfm_dynamic_inst/vadd_1/inst//grp_vadd_Pipeline_VITIS_LOOP_530_1_fu_175/grp_vadd_Pipeline_VITIS_LOOP_530_1_fu_175.iterationsWave_60
Unable to find signal: /pfm_top_wrapper/pfm_top_i/pfm_dynamic_inst/vadd_1/inst//grp_vadd_Pipeline_VITIS_LOOP_530_1_fu_175/grp_vadd_Pipeline_VITIS_LOOP_530_1_fu_175.iterationsWave_61
Unable to find signal: /pfm_top_wrapper/pfm_top_i/pfm_dynamic_inst/vadd_1/inst//grp_vadd_Pipeline_VITIS_LOOP_530_1_fu_175/grp_vadd_Pipeline_VITIS_LOOP_530_1_fu_175.iterationsWave_62
Unable to find signal: /pfm_top_wrapper/pfm_top_i/pfm_dynamic_inst/vadd_1/inst//grp_vadd_Pipeline_VITIS_LOOP_530_1_fu_175/grp_vadd_Pipeline_VITIS_LOOP_530_1_fu_175.iterationsWave_63
Unable to find signal: /pfm_top_wrapper/pfm_top_i/pfm_dynamic_inst/vadd_1/inst//grp_vadd_Pipeline_VITIS_LOOP_540_2_fu_180/grp_vadd_Pipeline_VITIS_LOOP_540_2_fu_180.dataflowTxWaveData.OutStanding
Unable to find signal: /pfm_top_wrapper/pfm_top_i/pfm_dynamic_inst/vadd_1/inst//grp_vadd_Pipeline_VITIS_LOOP_540_2_fu_180/grp_vadd_Pipeline_VITIS_LOOP_540_2_fu_180.iterationsWave_0
Unable to find signal: /pfm_top_wrapper/pfm_top_i/pfm_dynamic_inst/vadd_1/inst//grp_vadd_Pipeline_VITIS_LOOP_540_2_fu_180/grp_vadd_Pipeline_VITIS_LOOP_540_2_fu_180.iterationsWave_1
Unable to find signal: /pfm_top_wrapper/pfm_top_i/pfm_dynamic_inst/vadd_1/inst//grp_vadd_Pipeline_VITIS_LOOP_540_2_fu_180/grp_vadd_Pipeline_VITIS_LOOP_540_2_fu_180.iterationsWave_2
Unable to find signal: /pfm_top_wrapper/pfm_top_i/pfm_dynamic_inst/vadd_1/inst//grp_vadd_Pipeline_VITIS_LOOP_540_2_fu_180/grp_vadd_Pipeline_VITIS_LOOP_540_2_fu_180.iterationsWave_3
Unable to find signal: /pfm_top_wrapper/pfm_top_i/pfm_dynamic_inst/vadd_1/inst//grp_vadd_Pipeline_VITIS_LOOP_540_2_fu_180/grp_vadd_Pipeline_VITIS_LOOP_540_2_fu_180.iterationsWave_4
Unable to find signal: /pfm_top_wrapper/pfm_top_i/pfm_dynamic_inst/vadd_1/inst//grp_vadd_Pipeline_VITIS_LOOP_540_2_fu_180/grp_vadd_Pipeline_VITIS_LOOP_540_2_fu_180.iterationsWave_5
Unable to find signal: /pfm_top_wrapper/pfm_top_i/pfm_dynamic_inst/vadd_1/inst//grp_vadd_Pipeline_VITIS_LOOP_540_2_fu_180/grp_vadd_Pipeline_VITIS_LOOP_540_2_fu_180.iterationsWave_6
Unable to find signal: /pfm_top_wrapper/pfm_top_i/pfm_dynamic_inst/vadd_1/inst//grp_vadd_Pipeline_VITIS_LOOP_540_2_fu_180/grp_vadd_Pipeline_VITIS_LOOP_540_2_fu_180.iterationsWave_7
Unable to find signal: /pfm_top_wrapper/pfm_top_i/pfm_dynamic_inst/vadd_1/inst//grp_vadd_Pipeline_VITIS_LOOP_540_2_fu_180/grp_vadd_Pipeline_VITIS_LOOP_540_2_fu_180.iterationsWave_8
Unable to find signal: /pfm_top_wrapper/pfm_top_i/pfm_dynamic_inst/vadd_1/inst//grp_vadd_Pipeline_VITIS_LOOP_540_2_fu_180/grp_vadd_Pipeline_VITIS_LOOP_540_2_fu_180.iterationsWave_9
Unable to find signal: /pfm_top_wrapper/pfm_top_i/pfm_dynamic_inst/vadd_1/inst//grp_vadd_Pipeline_VITIS_LOOP_540_2_fu_180/grp_vadd_Pipeline_VITIS_LOOP_540_2_fu_180.iterationsWave_10
Unable to find signal: /pfm_top_wrapper/pfm_top_i/pfm_dynamic_inst/vadd_1/inst//grp_vadd_Pipeline_VITIS_LOOP_540_2_fu_180/grp_vadd_Pipeline_VITIS_LOOP_540_2_fu_180.iterationsWave_11
Unable to find signal: /pfm_top_wrapper/pfm_top_i/pfm_dynamic_inst/vadd_1/inst//grp_vadd_Pipeline_VITIS_LOOP_540_2_fu_180/grp_vadd_Pipeline_VITIS_LOOP_540_2_fu_180.iterationsWave_12
Unable to find signal: /pfm_top_wrapper/pfm_top_i/pfm_dynamic_inst/vadd_1/inst//grp_vadd_Pipeline_VITIS_LOOP_540_2_fu_180/grp_vadd_Pipeline_VITIS_LOOP_540_2_fu_180.iterationsWave_13
Unable to find signal: /pfm_top_wrapper/pfm_top_i/pfm_dynamic_inst/vadd_1/inst//grp_vadd_Pipeline_VITIS_LOOP_540_2_fu_180/grp_vadd_Pipeline_VITIS_LOOP_540_2_fu_180.iterationsWave_14
Unable to find signal: /pfm_top_wrapper/pfm_top_i/pfm_dynamic_inst/vadd_1/inst//grp_vadd_Pipeline_VITIS_LOOP_540_2_fu_180/grp_vadd_Pipeline_VITIS_LOOP_540_2_fu_180.iterationsWave_15
Unable to find signal: /pfm_top_wrapper/pfm_top_i/pfm_dynamic_inst/vadd_1/inst//grp_vadd_Pipeline_VITIS_LOOP_540_2_fu_180/grp_vadd_Pipeline_VITIS_LOOP_540_2_fu_180.iterationsWave_16
Unable to find signal: /pfm_top_wrapper/pfm_top_i/pfm_dynamic_inst/vadd_1/inst//grp_vadd_Pipeline_VITIS_LOOP_540_2_fu_180/grp_vadd_Pipeline_VITIS_LOOP_540_2_fu_180.iterationsWave_17
Unable to find signal: /pfm_top_wrapper/pfm_top_i/pfm_dynamic_inst/vadd_1/inst//grp_vadd_Pipeline_VITIS_LOOP_540_2_fu_180/grp_vadd_Pipeline_VITIS_LOOP_540_2_fu_180.iterationsWave_18
Unable to find signal: /pfm_top_wrapper/pfm_top_i/pfm_dynamic_inst/vadd_1/inst//grp_vadd_Pipeline_VITIS_LOOP_540_2_fu_180/grp_vadd_Pipeline_VITIS_LOOP_540_2_fu_180.iterationsWave_19
Unable to find signal: /pfm_top_wrapper/pfm_top_i/pfm_dynamic_inst/vadd_1/inst//grp_vadd_Pipeline_VITIS_LOOP_540_2_fu_180/grp_vadd_Pipeline_VITIS_LOOP_540_2_fu_180.iterationsWave_20
Unable to find signal: /pfm_top_wrapper/pfm_top_i/pfm_dynamic_inst/vadd_1/inst//grp_vadd_Pipeline_VITIS_LOOP_540_2_fu_180/grp_vadd_Pipeline_VITIS_LOOP_540_2_fu_180.iterationsWave_21
Unable to find signal: /pfm_top_wrapper/pfm_top_i/pfm_dynamic_inst/vadd_1/inst//grp_vadd_Pipeline_VITIS_LOOP_540_2_fu_180/grp_vadd_Pipeline_VITIS_LOOP_540_2_fu_180.iterationsWave_22
Unable to find signal: /pfm_top_wrapper/pfm_top_i/pfm_dynamic_inst/vadd_1/inst//grp_vadd_Pipeline_VITIS_LOOP_540_2_fu_180/grp_vadd_Pipeline_VITIS_LOOP_540_2_fu_180.iterationsWave_23
Unable to find signal: /pfm_top_wrapper/pfm_top_i/pfm_dynamic_inst/vadd_1/inst//grp_vadd_Pipeline_VITIS_LOOP_540_2_fu_180/grp_vadd_Pipeline_VITIS_LOOP_540_2_fu_180.iterationsWave_24
Unable to find signal: /pfm_top_wrapper/pfm_top_i/pfm_dynamic_inst/vadd_1/inst//grp_vadd_Pipeline_VITIS_LOOP_540_2_fu_180/grp_vadd_Pipeline_VITIS_LOOP_540_2_fu_180.iterationsWave_25
Unable to find signal: /pfm_top_wrapper/pfm_top_i/pfm_dynamic_inst/vadd_1/inst//grp_vadd_Pipeline_VITIS_LOOP_540_2_fu_180/grp_vadd_Pipeline_VITIS_LOOP_540_2_fu_180.iterationsWave_26
Unable to find signal: /pfm_top_wrapper/pfm_top_i/pfm_dynamic_inst/vadd_1/inst//grp_vadd_Pipeline_VITIS_LOOP_540_2_fu_180/grp_vadd_Pipeline_VITIS_LOOP_540_2_fu_180.iterationsWave_27
Unable to find signal: /pfm_top_wrapper/pfm_top_i/pfm_dynamic_inst/vadd_1/inst//grp_vadd_Pipeline_VITIS_LOOP_540_2_fu_180/grp_vadd_Pipeline_VITIS_LOOP_540_2_fu_180.iterationsWave_28
Unable to find signal: /pfm_top_wrapper/pfm_top_i/pfm_dynamic_inst/vadd_1/inst//grp_vadd_Pipeline_VITIS_LOOP_540_2_fu_180/grp_vadd_Pipeline_VITIS_LOOP_540_2_fu_180.iterationsWave_29
Unable to find signal: /pfm_top_wrapper/pfm_top_i/pfm_dynamic_inst/vadd_1/inst//grp_vadd_Pipeline_VITIS_LOOP_540_2_fu_180/grp_vadd_Pipeline_VITIS_LOOP_540_2_fu_180.iterationsWave_30
Unable to find signal: /pfm_top_wrapper/pfm_top_i/pfm_dynamic_inst/vadd_1/inst//grp_vadd_Pipeline_VITIS_LOOP_540_2_fu_180/grp_vadd_Pipeline_VITIS_LOOP_540_2_fu_180.iterationsWave_31
Unable to find signal: /pfm_top_wrapper/pfm_top_i/pfm_dynamic_inst/vadd_1/inst//grp_vadd_Pipeline_VITIS_LOOP_540_2_fu_180/grp_vadd_Pipeline_VITIS_LOOP_540_2_fu_180.iterationsWave_32
Unable to find signal: /pfm_top_wrapper/pfm_top_i/pfm_dynamic_inst/vadd_1/inst//grp_vadd_Pipeline_VITIS_LOOP_540_2_fu_180/grp_vadd_Pipeline_VITIS_LOOP_540_2_fu_180.iterationsWave_33
Unable to find signal: /pfm_top_wrapper/pfm_top_i/pfm_dynamic_inst/vadd_1/inst//grp_vadd_Pipeline_VITIS_LOOP_540_2_fu_180/grp_vadd_Pipeline_VITIS_LOOP_540_2_fu_180.iterationsWave_34
Unable to find signal: /pfm_top_wrapper/pfm_top_i/pfm_dynamic_inst/vadd_1/inst//grp_vadd_Pipeline_VITIS_LOOP_540_2_fu_180/grp_vadd_Pipeline_VITIS_LOOP_540_2_fu_180.iterationsWave_35
Unable to find signal: /pfm_top_wrapper/pfm_top_i/pfm_dynamic_inst/vadd_1/inst//grp_vadd_Pipeline_VITIS_LOOP_540_2_fu_180/grp_vadd_Pipeline_VITIS_LOOP_540_2_fu_180.iterationsWave_36
Unable to find signal: /pfm_top_wrapper/pfm_top_i/pfm_dynamic_inst/vadd_1/inst//grp_vadd_Pipeline_VITIS_LOOP_540_2_fu_180/grp_vadd_Pipeline_VITIS_LOOP_540_2_fu_180.iterationsWave_37
Unable to find signal: /pfm_top_wrapper/pfm_top_i/pfm_dynamic_inst/vadd_1/inst//grp_vadd_Pipeline_VITIS_LOOP_540_2_fu_180/grp_vadd_Pipeline_VITIS_LOOP_540_2_fu_180.iterationsWave_38
Unable to find signal: /pfm_top_wrapper/pfm_top_i/pfm_dynamic_inst/vadd_1/inst//grp_vadd_Pipeline_VITIS_LOOP_540_2_fu_180/grp_vadd_Pipeline_VITIS_LOOP_540_2_fu_180.iterationsWave_39
Unable to find signal: /pfm_top_wrapper/pfm_top_i/pfm_dynamic_inst/vadd_1/inst//grp_vadd_Pipeline_VITIS_LOOP_540_2_fu_180/grp_vadd_Pipeline_VITIS_LOOP_540_2_fu_180.iterationsWave_40
Unable to find signal: /pfm_top_wrapper/pfm_top_i/pfm_dynamic_inst/vadd_1/inst//grp_vadd_Pipeline_VITIS_LOOP_540_2_fu_180/grp_vadd_Pipeline_VITIS_LOOP_540_2_fu_180.iterationsWave_41
Unable to find signal: /pfm_top_wrapper/pfm_top_i/pfm_dynamic_inst/vadd_1/inst//grp_vadd_Pipeline_VITIS_LOOP_540_2_fu_180/grp_vadd_Pipeline_VITIS_LOOP_540_2_fu_180.iterationsWave_42
Unable to find signal: /pfm_top_wrapper/pfm_top_i/pfm_dynamic_inst/vadd_1/inst//grp_vadd_Pipeline_VITIS_LOOP_540_2_fu_180/grp_vadd_Pipeline_VITIS_LOOP_540_2_fu_180.iterationsWave_43
Unable to find signal: /pfm_top_wrapper/pfm_top_i/pfm_dynamic_inst/vadd_1/inst//grp_vadd_Pipeline_VITIS_LOOP_540_2_fu_180/grp_vadd_Pipeline_VITIS_LOOP_540_2_fu_180.iterationsWave_44
Unable to find signal: /pfm_top_wrapper/pfm_top_i/pfm_dynamic_inst/vadd_1/inst//grp_vadd_Pipeline_VITIS_LOOP_540_2_fu_180/grp_vadd_Pipeline_VITIS_LOOP_540_2_fu_180.iterationsWave_45
Unable to find signal: /pfm_top_wrapper/pfm_top_i/pfm_dynamic_inst/vadd_1/inst//grp_vadd_Pipeline_VITIS_LOOP_540_2_fu_180/grp_vadd_Pipeline_VITIS_LOOP_540_2_fu_180.iterationsWave_46
Unable to find signal: /pfm_top_wrapper/pfm_top_i/pfm_dynamic_inst/vadd_1/inst//grp_vadd_Pipeline_VITIS_LOOP_540_2_fu_180/grp_vadd_Pipeline_VITIS_LOOP_540_2_fu_180.iterationsWave_47
Unable to find signal: /pfm_top_wrapper/pfm_top_i/pfm_dynamic_inst/vadd_1/inst//grp_vadd_Pipeline_VITIS_LOOP_540_2_fu_180/grp_vadd_Pipeline_VITIS_LOOP_540_2_fu_180.iterationsWave_48
Unable to find signal: /pfm_top_wrapper/pfm_top_i/pfm_dynamic_inst/vadd_1/inst//grp_vadd_Pipeline_VITIS_LOOP_540_2_fu_180/grp_vadd_Pipeline_VITIS_LOOP_540_2_fu_180.iterationsWave_49
Unable to find signal: /pfm_top_wrapper/pfm_top_i/pfm_dynamic_inst/vadd_1/inst//grp_vadd_Pipeline_VITIS_LOOP_540_2_fu_180/grp_vadd_Pipeline_VITIS_LOOP_540_2_fu_180.iterationsWave_50
Unable to find signal: /pfm_top_wrapper/pfm_top_i/pfm_dynamic_inst/vadd_1/inst//grp_vadd_Pipeline_VITIS_LOOP_540_2_fu_180/grp_vadd_Pipeline_VITIS_LOOP_540_2_fu_180.iterationsWave_51
Unable to find signal: /pfm_top_wrapper/pfm_top_i/pfm_dynamic_inst/vadd_1/inst//grp_vadd_Pipeline_VITIS_LOOP_540_2_fu_180/grp_vadd_Pipeline_VITIS_LOOP_540_2_fu_180.iterationsWave_52
Unable to find signal: /pfm_top_wrapper/pfm_top_i/pfm_dynamic_inst/vadd_1/inst//grp_vadd_Pipeline_VITIS_LOOP_540_2_fu_180/grp_vadd_Pipeline_VITIS_LOOP_540_2_fu_180.iterationsWave_53
Unable to find signal: /pfm_top_wrapper/pfm_top_i/pfm_dynamic_inst/vadd_1/inst//grp_vadd_Pipeline_VITIS_LOOP_540_2_fu_180/grp_vadd_Pipeline_VITIS_LOOP_540_2_fu_180.iterationsWave_54
Unable to find signal: /pfm_top_wrapper/pfm_top_i/pfm_dynamic_inst/vadd_1/inst//grp_vadd_Pipeline_VITIS_LOOP_540_2_fu_180/grp_vadd_Pipeline_VITIS_LOOP_540_2_fu_180.iterationsWave_55
Unable to find signal: /pfm_top_wrapper/pfm_top_i/pfm_dynamic_inst/vadd_1/inst//grp_vadd_Pipeline_VITIS_LOOP_540_2_fu_180/grp_vadd_Pipeline_VITIS_LOOP_540_2_fu_180.iterationsWave_56
Unable to find signal: /pfm_top_wrapper/pfm_top_i/pfm_dynamic_inst/vadd_1/inst//grp_vadd_Pipeline_VITIS_LOOP_540_2_fu_180/grp_vadd_Pipeline_VITIS_LOOP_540_2_fu_180.iterationsWave_57
Unable to find signal: /pfm_top_wrapper/pfm_top_i/pfm_dynamic_inst/vadd_1/inst//grp_vadd_Pipeline_VITIS_LOOP_540_2_fu_180/grp_vadd_Pipeline_VITIS_LOOP_540_2_fu_180.iterationsWave_58
Unable to find signal: /pfm_top_wrapper/pfm_top_i/pfm_dynamic_inst/vadd_1/inst//grp_vadd_Pipeline_VITIS_LOOP_540_2_fu_180/grp_vadd_Pipeline_VITIS_LOOP_540_2_fu_180.iterationsWave_59
Unable to find signal: /pfm_top_wrapper/pfm_top_i/pfm_dynamic_inst/vadd_1/inst//grp_vadd_Pipeline_VITIS_LOOP_540_2_fu_180/grp_vadd_Pipeline_VITIS_LOOP_540_2_fu_180.iterationsWave_60
Unable to find signal: /pfm_top_wrapper/pfm_top_i/pfm_dynamic_inst/vadd_1/inst//grp_vadd_Pipeline_VITIS_LOOP_540_2_fu_180/grp_vadd_Pipeline_VITIS_LOOP_540_2_fu_180.iterationsWave_61
Unable to find signal: /pfm_top_wrapper/pfm_top_i/pfm_dynamic_inst/vadd_1/inst//grp_vadd_Pipeline_VITIS_LOOP_540_2_fu_180/grp_vadd_Pipeline_VITIS_LOOP_540_2_fu_180.iterationsWave_62
Unable to find signal: /pfm_top_wrapper/pfm_top_i/pfm_dynamic_inst/vadd_1/inst//grp_vadd_Pipeline_VITIS_LOOP_540_2_fu_180/grp_vadd_Pipeline_VITIS_LOOP_540_2_fu_180.iterationsWave_63
Unable to find signal: /pfm_top_wrapper/pfm_top_i/pfm_dynamic_inst/vadd_1/inst//grp_vadd_Pipeline_VITIS_LOOP_545_3_fu_185/grp_vadd_Pipeline_VITIS_LOOP_545_3_fu_185.dataflowTxWaveData.OutStanding
Unable to find signal: /pfm_top_wrapper/pfm_top_i/pfm_dynamic_inst/vadd_1/inst//grp_vadd_Pipeline_VITIS_LOOP_545_3_fu_185/grp_vadd_Pipeline_VITIS_LOOP_545_3_fu_185.iterationsWave_0
Unable to find signal: /pfm_top_wrapper/pfm_top_i/pfm_dynamic_inst/vadd_1/inst//grp_vadd_Pipeline_VITIS_LOOP_545_3_fu_185/grp_vadd_Pipeline_VITIS_LOOP_545_3_fu_185.iterationsWave_1
Unable to find signal: /pfm_top_wrapper/pfm_top_i/pfm_dynamic_inst/vadd_1/inst//grp_vadd_Pipeline_VITIS_LOOP_545_3_fu_185/grp_vadd_Pipeline_VITIS_LOOP_545_3_fu_185.iterationsWave_2
Unable to find signal: /pfm_top_wrapper/pfm_top_i/pfm_dynamic_inst/vadd_1/inst//grp_vadd_Pipeline_VITIS_LOOP_545_3_fu_185/grp_vadd_Pipeline_VITIS_LOOP_545_3_fu_185.iterationsWave_3
Unable to find signal: /pfm_top_wrapper/pfm_top_i/pfm_dynamic_inst/vadd_1/inst//grp_vadd_Pipeline_VITIS_LOOP_545_3_fu_185/grp_vadd_Pipeline_VITIS_LOOP_545_3_fu_185.iterationsWave_4
Unable to find signal: /pfm_top_wrapper/pfm_top_i/pfm_dynamic_inst/vadd_1/inst//grp_vadd_Pipeline_VITIS_LOOP_545_3_fu_185/grp_vadd_Pipeline_VITIS_LOOP_545_3_fu_185.iterationsWave_5
Unable to find signal: /pfm_top_wrapper/pfm_top_i/pfm_dynamic_inst/vadd_1/inst//grp_vadd_Pipeline_VITIS_LOOP_545_3_fu_185/grp_vadd_Pipeline_VITIS_LOOP_545_3_fu_185.iterationsWave_6
Unable to find signal: /pfm_top_wrapper/pfm_top_i/pfm_dynamic_inst/vadd_1/inst//grp_vadd_Pipeline_VITIS_LOOP_545_3_fu_185/grp_vadd_Pipeline_VITIS_LOOP_545_3_fu_185.iterationsWave_7
Unable to find signal: /pfm_top_wrapper/pfm_top_i/pfm_dynamic_inst/vadd_1/inst//grp_vadd_Pipeline_VITIS_LOOP_545_3_fu_185/grp_vadd_Pipeline_VITIS_LOOP_545_3_fu_185.iterationsWave_8
Unable to find signal: /pfm_top_wrapper/pfm_top_i/pfm_dynamic_inst/vadd_1/inst//grp_vadd_Pipeline_VITIS_LOOP_545_3_fu_185/grp_vadd_Pipeline_VITIS_LOOP_545_3_fu_185.iterationsWave_9
Unable to find signal: /pfm_top_wrapper/pfm_top_i/pfm_dynamic_inst/vadd_1/inst//grp_vadd_Pipeline_VITIS_LOOP_545_3_fu_185/grp_vadd_Pipeline_VITIS_LOOP_545_3_fu_185.iterationsWave_10
Unable to find signal: /pfm_top_wrapper/pfm_top_i/pfm_dynamic_inst/vadd_1/inst//grp_vadd_Pipeline_VITIS_LOOP_545_3_fu_185/grp_vadd_Pipeline_VITIS_LOOP_545_3_fu_185.iterationsWave_11
Unable to find signal: /pfm_top_wrapper/pfm_top_i/pfm_dynamic_inst/vadd_1/inst//grp_vadd_Pipeline_VITIS_LOOP_545_3_fu_185/grp_vadd_Pipeline_VITIS_LOOP_545_3_fu_185.iterationsWave_12
Unable to find signal: /pfm_top_wrapper/pfm_top_i/pfm_dynamic_inst/vadd_1/inst//grp_vadd_Pipeline_VITIS_LOOP_545_3_fu_185/grp_vadd_Pipeline_VITIS_LOOP_545_3_fu_185.iterationsWave_13
Unable to find signal: /pfm_top_wrapper/pfm_top_i/pfm_dynamic_inst/vadd_1/inst//grp_vadd_Pipeline_VITIS_LOOP_545_3_fu_185/grp_vadd_Pipeline_VITIS_LOOP_545_3_fu_185.iterationsWave_14
Unable to find signal: /pfm_top_wrapper/pfm_top_i/pfm_dynamic_inst/vadd_1/inst//grp_vadd_Pipeline_VITIS_LOOP_545_3_fu_185/grp_vadd_Pipeline_VITIS_LOOP_545_3_fu_185.iterationsWave_15
Unable to find signal: /pfm_top_wrapper/pfm_top_i/pfm_dynamic_inst/vadd_1/inst//grp_vadd_Pipeline_VITIS_LOOP_545_3_fu_185/grp_vadd_Pipeline_VITIS_LOOP_545_3_fu_185.iterationsWave_16
Unable to find signal: /pfm_top_wrapper/pfm_top_i/pfm_dynamic_inst/vadd_1/inst//grp_vadd_Pipeline_VITIS_LOOP_545_3_fu_185/grp_vadd_Pipeline_VITIS_LOOP_545_3_fu_185.iterationsWave_17
Unable to find signal: /pfm_top_wrapper/pfm_top_i/pfm_dynamic_inst/vadd_1/inst//grp_vadd_Pipeline_VITIS_LOOP_545_3_fu_185/grp_vadd_Pipeline_VITIS_LOOP_545_3_fu_185.iterationsWave_18
Unable to find signal: /pfm_top_wrapper/pfm_top_i/pfm_dynamic_inst/vadd_1/inst//grp_vadd_Pipeline_VITIS_LOOP_545_3_fu_185/grp_vadd_Pipeline_VITIS_LOOP_545_3_fu_185.iterationsWave_19
Unable to find signal: /pfm_top_wrapper/pfm_top_i/pfm_dynamic_inst/vadd_1/inst//grp_vadd_Pipeline_VITIS_LOOP_545_3_fu_185/grp_vadd_Pipeline_VITIS_LOOP_545_3_fu_185.iterationsWave_20
Unable to find signal: /pfm_top_wrapper/pfm_top_i/pfm_dynamic_inst/vadd_1/inst//grp_vadd_Pipeline_VITIS_LOOP_545_3_fu_185/grp_vadd_Pipeline_VITIS_LOOP_545_3_fu_185.iterationsWave_21
Unable to find signal: /pfm_top_wrapper/pfm_top_i/pfm_dynamic_inst/vadd_1/inst//grp_vadd_Pipeline_VITIS_LOOP_545_3_fu_185/grp_vadd_Pipeline_VITIS_LOOP_545_3_fu_185.iterationsWave_22
Unable to find signal: /pfm_top_wrapper/pfm_top_i/pfm_dynamic_inst/vadd_1/inst//grp_vadd_Pipeline_VITIS_LOOP_545_3_fu_185/grp_vadd_Pipeline_VITIS_LOOP_545_3_fu_185.iterationsWave_23
Unable to find signal: /pfm_top_wrapper/pfm_top_i/pfm_dynamic_inst/vadd_1/inst//grp_vadd_Pipeline_VITIS_LOOP_545_3_fu_185/grp_vadd_Pipeline_VITIS_LOOP_545_3_fu_185.iterationsWave_24
Unable to find signal: /pfm_top_wrapper/pfm_top_i/pfm_dynamic_inst/vadd_1/inst//grp_vadd_Pipeline_VITIS_LOOP_545_3_fu_185/grp_vadd_Pipeline_VITIS_LOOP_545_3_fu_185.iterationsWave_25
Unable to find signal: /pfm_top_wrapper/pfm_top_i/pfm_dynamic_inst/vadd_1/inst//grp_vadd_Pipeline_VITIS_LOOP_545_3_fu_185/grp_vadd_Pipeline_VITIS_LOOP_545_3_fu_185.iterationsWave_26
Unable to find signal: /pfm_top_wrapper/pfm_top_i/pfm_dynamic_inst/vadd_1/inst//grp_vadd_Pipeline_VITIS_LOOP_545_3_fu_185/grp_vadd_Pipeline_VITIS_LOOP_545_3_fu_185.iterationsWave_27
Unable to find signal: /pfm_top_wrapper/pfm_top_i/pfm_dynamic_inst/vadd_1/inst//grp_vadd_Pipeline_VITIS_LOOP_545_3_fu_185/grp_vadd_Pipeline_VITIS_LOOP_545_3_fu_185.iterationsWave_28
Unable to find signal: /pfm_top_wrapper/pfm_top_i/pfm_dynamic_inst/vadd_1/inst//grp_vadd_Pipeline_VITIS_LOOP_545_3_fu_185/grp_vadd_Pipeline_VITIS_LOOP_545_3_fu_185.iterationsWave_29
Unable to find signal: /pfm_top_wrapper/pfm_top_i/pfm_dynamic_inst/vadd_1/inst//grp_vadd_Pipeline_VITIS_LOOP_545_3_fu_185/grp_vadd_Pipeline_VITIS_LOOP_545_3_fu_185.iterationsWave_30
Unable to find signal: /pfm_top_wrapper/pfm_top_i/pfm_dynamic_inst/vadd_1/inst//grp_vadd_Pipeline_VITIS_LOOP_545_3_fu_185/grp_vadd_Pipeline_VITIS_LOOP_545_3_fu_185.iterationsWave_31
Unable to find signal: /pfm_top_wrapper/pfm_top_i/pfm_dynamic_inst/vadd_1/inst//grp_vadd_Pipeline_VITIS_LOOP_545_3_fu_185/grp_vadd_Pipeline_VITIS_LOOP_545_3_fu_185.iterationsWave_32
Unable to find signal: /pfm_top_wrapper/pfm_top_i/pfm_dynamic_inst/vadd_1/inst//grp_vadd_Pipeline_VITIS_LOOP_545_3_fu_185/grp_vadd_Pipeline_VITIS_LOOP_545_3_fu_185.iterationsWave_33
Unable to find signal: /pfm_top_wrapper/pfm_top_i/pfm_dynamic_inst/vadd_1/inst//grp_vadd_Pipeline_VITIS_LOOP_545_3_fu_185/grp_vadd_Pipeline_VITIS_LOOP_545_3_fu_185.iterationsWave_34
Unable to find signal: /pfm_top_wrapper/pfm_top_i/pfm_dynamic_inst/vadd_1/inst//grp_vadd_Pipeline_VITIS_LOOP_545_3_fu_185/grp_vadd_Pipeline_VITIS_LOOP_545_3_fu_185.iterationsWave_35
Unable to find signal: /pfm_top_wrapper/pfm_top_i/pfm_dynamic_inst/vadd_1/inst//grp_vadd_Pipeline_VITIS_LOOP_545_3_fu_185/grp_vadd_Pipeline_VITIS_LOOP_545_3_fu_185.iterationsWave_36
Unable to find signal: /pfm_top_wrapper/pfm_top_i/pfm_dynamic_inst/vadd_1/inst//grp_vadd_Pipeline_VITIS_LOOP_545_3_fu_185/grp_vadd_Pipeline_VITIS_LOOP_545_3_fu_185.iterationsWave_37
Unable to find signal: /pfm_top_wrapper/pfm_top_i/pfm_dynamic_inst/vadd_1/inst//grp_vadd_Pipeline_VITIS_LOOP_545_3_fu_185/grp_vadd_Pipeline_VITIS_LOOP_545_3_fu_185.iterationsWave_38
Unable to find signal: /pfm_top_wrapper/pfm_top_i/pfm_dynamic_inst/vadd_1/inst//grp_vadd_Pipeline_VITIS_LOOP_545_3_fu_185/grp_vadd_Pipeline_VITIS_LOOP_545_3_fu_185.iterationsWave_39
Unable to find signal: /pfm_top_wrapper/pfm_top_i/pfm_dynamic_inst/vadd_1/inst//grp_vadd_Pipeline_VITIS_LOOP_545_3_fu_185/grp_vadd_Pipeline_VITIS_LOOP_545_3_fu_185.iterationsWave_40
Unable to find signal: /pfm_top_wrapper/pfm_top_i/pfm_dynamic_inst/vadd_1/inst//grp_vadd_Pipeline_VITIS_LOOP_545_3_fu_185/grp_vadd_Pipeline_VITIS_LOOP_545_3_fu_185.iterationsWave_41
Unable to find signal: /pfm_top_wrapper/pfm_top_i/pfm_dynamic_inst/vadd_1/inst//grp_vadd_Pipeline_VITIS_LOOP_545_3_fu_185/grp_vadd_Pipeline_VITIS_LOOP_545_3_fu_185.iterationsWave_42
Unable to find signal: /pfm_top_wrapper/pfm_top_i/pfm_dynamic_inst/vadd_1/inst//grp_vadd_Pipeline_VITIS_LOOP_545_3_fu_185/grp_vadd_Pipeline_VITIS_LOOP_545_3_fu_185.iterationsWave_43
Unable to find signal: /pfm_top_wrapper/pfm_top_i/pfm_dynamic_inst/vadd_1/inst//grp_vadd_Pipeline_VITIS_LOOP_545_3_fu_185/grp_vadd_Pipeline_VITIS_LOOP_545_3_fu_185.iterationsWave_44
Unable to find signal: /pfm_top_wrapper/pfm_top_i/pfm_dynamic_inst/vadd_1/inst//grp_vadd_Pipeline_VITIS_LOOP_545_3_fu_185/grp_vadd_Pipeline_VITIS_LOOP_545_3_fu_185.iterationsWave_45
Unable to find signal: /pfm_top_wrapper/pfm_top_i/pfm_dynamic_inst/vadd_1/inst//grp_vadd_Pipeline_VITIS_LOOP_545_3_fu_185/grp_vadd_Pipeline_VITIS_LOOP_545_3_fu_185.iterationsWave_46
Unable to find signal: /pfm_top_wrapper/pfm_top_i/pfm_dynamic_inst/vadd_1/inst//grp_vadd_Pipeline_VITIS_LOOP_545_3_fu_185/grp_vadd_Pipeline_VITIS_LOOP_545_3_fu_185.iterationsWave_47
Unable to find signal: /pfm_top_wrapper/pfm_top_i/pfm_dynamic_inst/vadd_1/inst//grp_vadd_Pipeline_VITIS_LOOP_545_3_fu_185/grp_vadd_Pipeline_VITIS_LOOP_545_3_fu_185.iterationsWave_48
Unable to find signal: /pfm_top_wrapper/pfm_top_i/pfm_dynamic_inst/vadd_1/inst//grp_vadd_Pipeline_VITIS_LOOP_545_3_fu_185/grp_vadd_Pipeline_VITIS_LOOP_545_3_fu_185.iterationsWave_49
Unable to find signal: /pfm_top_wrapper/pfm_top_i/pfm_dynamic_inst/vadd_1/inst//grp_vadd_Pipeline_VITIS_LOOP_545_3_fu_185/grp_vadd_Pipeline_VITIS_LOOP_545_3_fu_185.iterationsWave_50
Unable to find signal: /pfm_top_wrapper/pfm_top_i/pfm_dynamic_inst/vadd_1/inst//grp_vadd_Pipeline_VITIS_LOOP_545_3_fu_185/grp_vadd_Pipeline_VITIS_LOOP_545_3_fu_185.iterationsWave_51
Unable to find signal: /pfm_top_wrapper/pfm_top_i/pfm_dynamic_inst/vadd_1/inst//grp_vadd_Pipeline_VITIS_LOOP_545_3_fu_185/grp_vadd_Pipeline_VITIS_LOOP_545_3_fu_185.iterationsWave_52
Unable to find signal: /pfm_top_wrapper/pfm_top_i/pfm_dynamic_inst/vadd_1/inst//grp_vadd_Pipeline_VITIS_LOOP_545_3_fu_185/grp_vadd_Pipeline_VITIS_LOOP_545_3_fu_185.iterationsWave_53
Unable to find signal: /pfm_top_wrapper/pfm_top_i/pfm_dynamic_inst/vadd_1/inst//grp_vadd_Pipeline_VITIS_LOOP_545_3_fu_185/grp_vadd_Pipeline_VITIS_LOOP_545_3_fu_185.iterationsWave_54
Unable to find signal: /pfm_top_wrapper/pfm_top_i/pfm_dynamic_inst/vadd_1/inst//grp_vadd_Pipeline_VITIS_LOOP_545_3_fu_185/grp_vadd_Pipeline_VITIS_LOOP_545_3_fu_185.iterationsWave_55
Unable to find signal: /pfm_top_wrapper/pfm_top_i/pfm_dynamic_inst/vadd_1/inst//grp_vadd_Pipeline_VITIS_LOOP_545_3_fu_185/grp_vadd_Pipeline_VITIS_LOOP_545_3_fu_185.iterationsWave_56
Unable to find signal: /pfm_top_wrapper/pfm_top_i/pfm_dynamic_inst/vadd_1/inst//grp_vadd_Pipeline_VITIS_LOOP_545_3_fu_185/grp_vadd_Pipeline_VITIS_LOOP_545_3_fu_185.iterationsWave_57
Unable to find signal: /pfm_top_wrapper/pfm_top_i/pfm_dynamic_inst/vadd_1/inst//grp_vadd_Pipeline_VITIS_LOOP_545_3_fu_185/grp_vadd_Pipeline_VITIS_LOOP_545_3_fu_185.iterationsWave_58
Unable to find signal: /pfm_top_wrapper/pfm_top_i/pfm_dynamic_inst/vadd_1/inst//grp_vadd_Pipeline_VITIS_LOOP_545_3_fu_185/grp_vadd_Pipeline_VITIS_LOOP_545_3_fu_185.iterationsWave_59
Unable to find signal: /pfm_top_wrapper/pfm_top_i/pfm_dynamic_inst/vadd_1/inst//grp_vadd_Pipeline_VITIS_LOOP_545_3_fu_185/grp_vadd_Pipeline_VITIS_LOOP_545_3_fu_185.iterationsWave_60
Unable to find signal: /pfm_top_wrapper/pfm_top_i/pfm_dynamic_inst/vadd_1/inst//grp_vadd_Pipeline_VITIS_LOOP_545_3_fu_185/grp_vadd_Pipeline_VITIS_LOOP_545_3_fu_185.iterationsWave_61
Unable to find signal: /pfm_top_wrapper/pfm_top_i/pfm_dynamic_inst/vadd_1/inst//grp_vadd_Pipeline_VITIS_LOOP_545_3_fu_185/grp_vadd_Pipeline_VITIS_LOOP_545_3_fu_185.iterationsWave_62
Unable to find signal: /pfm_top_wrapper/pfm_top_i/pfm_dynamic_inst/vadd_1/inst//grp_vadd_Pipeline_VITIS_LOOP_545_3_fu_185/grp_vadd_Pipeline_VITIS_LOOP_545_3_fu_185.iterationsWave_63
Unable to find signal: /pfm_top_wrapper/pfm_top_i/pfm_dynamic_inst/vadd_1/inst//grp_vadd_Pipeline_VITIS_LOOP_554_5_fu_196/grp_vadd_Pipeline_VITIS_LOOP_554_5_fu_196.dataflowTxWaveData.OutStanding
Unable to find signal: /pfm_top_wrapper/pfm_top_i/pfm_dynamic_inst/vadd_1/inst//grp_vadd_Pipeline_VITIS_LOOP_554_5_fu_196/grp_vadd_Pipeline_VITIS_LOOP_554_5_fu_196.iterationsWave_0
Unable to find signal: /pfm_top_wrapper/pfm_top_i/pfm_dynamic_inst/vadd_1/inst//grp_vadd_Pipeline_VITIS_LOOP_554_5_fu_196/grp_vadd_Pipeline_VITIS_LOOP_554_5_fu_196.iterationsWave_1
Unable to find signal: /pfm_top_wrapper/pfm_top_i/pfm_dynamic_inst/vadd_1/inst//grp_vadd_Pipeline_VITIS_LOOP_554_5_fu_196/grp_vadd_Pipeline_VITIS_LOOP_554_5_fu_196.iterationsWave_2
Unable to find signal: /pfm_top_wrapper/pfm_top_i/pfm_dynamic_inst/vadd_1/inst//grp_vadd_Pipeline_VITIS_LOOP_554_5_fu_196/grp_vadd_Pipeline_VITIS_LOOP_554_5_fu_196.iterationsWave_3
Unable to find signal: /pfm_top_wrapper/pfm_top_i/pfm_dynamic_inst/vadd_1/inst//grp_vadd_Pipeline_VITIS_LOOP_554_5_fu_196/grp_vadd_Pipeline_VITIS_LOOP_554_5_fu_196.iterationsWave_4
Unable to find signal: /pfm_top_wrapper/pfm_top_i/pfm_dynamic_inst/vadd_1/inst//grp_vadd_Pipeline_VITIS_LOOP_554_5_fu_196/grp_vadd_Pipeline_VITIS_LOOP_554_5_fu_196.iterationsWave_5
Unable to find signal: /pfm_top_wrapper/pfm_top_i/pfm_dynamic_inst/vadd_1/inst//grp_vadd_Pipeline_VITIS_LOOP_554_5_fu_196/grp_vadd_Pipeline_VITIS_LOOP_554_5_fu_196.iterationsWave_6
Unable to find signal: /pfm_top_wrapper/pfm_top_i/pfm_dynamic_inst/vadd_1/inst//grp_vadd_Pipeline_VITIS_LOOP_554_5_fu_196/grp_vadd_Pipeline_VITIS_LOOP_554_5_fu_196.iterationsWave_7
Unable to find signal: /pfm_top_wrapper/pfm_top_i/pfm_dynamic_inst/vadd_1/inst//grp_vadd_Pipeline_VITIS_LOOP_554_5_fu_196/grp_vadd_Pipeline_VITIS_LOOP_554_5_fu_196.iterationsWave_8
Unable to find signal: /pfm_top_wrapper/pfm_top_i/pfm_dynamic_inst/vadd_1/inst//grp_vadd_Pipeline_VITIS_LOOP_554_5_fu_196/grp_vadd_Pipeline_VITIS_LOOP_554_5_fu_196.iterationsWave_9
Unable to find signal: /pfm_top_wrapper/pfm_top_i/pfm_dynamic_inst/vadd_1/inst//grp_vadd_Pipeline_VITIS_LOOP_554_5_fu_196/grp_vadd_Pipeline_VITIS_LOOP_554_5_fu_196.iterationsWave_10
Unable to find signal: /pfm_top_wrapper/pfm_top_i/pfm_dynamic_inst/vadd_1/inst//grp_vadd_Pipeline_VITIS_LOOP_554_5_fu_196/grp_vadd_Pipeline_VITIS_LOOP_554_5_fu_196.iterationsWave_11
Unable to find signal: /pfm_top_wrapper/pfm_top_i/pfm_dynamic_inst/vadd_1/inst//grp_vadd_Pipeline_VITIS_LOOP_554_5_fu_196/grp_vadd_Pipeline_VITIS_LOOP_554_5_fu_196.iterationsWave_12
Unable to find signal: /pfm_top_wrapper/pfm_top_i/pfm_dynamic_inst/vadd_1/inst//grp_vadd_Pipeline_VITIS_LOOP_554_5_fu_196/grp_vadd_Pipeline_VITIS_LOOP_554_5_fu_196.iterationsWave_13
Unable to find signal: /pfm_top_wrapper/pfm_top_i/pfm_dynamic_inst/vadd_1/inst//grp_vadd_Pipeline_VITIS_LOOP_554_5_fu_196/grp_vadd_Pipeline_VITIS_LOOP_554_5_fu_196.iterationsWave_14
Unable to find signal: /pfm_top_wrapper/pfm_top_i/pfm_dynamic_inst/vadd_1/inst//grp_vadd_Pipeline_VITIS_LOOP_554_5_fu_196/grp_vadd_Pipeline_VITIS_LOOP_554_5_fu_196.iterationsWave_15
Unable to find signal: /pfm_top_wrapper/pfm_top_i/pfm_dynamic_inst/vadd_1/inst//grp_vadd_Pipeline_VITIS_LOOP_554_5_fu_196/grp_vadd_Pipeline_VITIS_LOOP_554_5_fu_196.iterationsWave_16
Unable to find signal: /pfm_top_wrapper/pfm_top_i/pfm_dynamic_inst/vadd_1/inst//grp_vadd_Pipeline_VITIS_LOOP_554_5_fu_196/grp_vadd_Pipeline_VITIS_LOOP_554_5_fu_196.iterationsWave_17
Unable to find signal: /pfm_top_wrapper/pfm_top_i/pfm_dynamic_inst/vadd_1/inst//grp_vadd_Pipeline_VITIS_LOOP_554_5_fu_196/grp_vadd_Pipeline_VITIS_LOOP_554_5_fu_196.iterationsWave_18
Unable to find signal: /pfm_top_wrapper/pfm_top_i/pfm_dynamic_inst/vadd_1/inst//grp_vadd_Pipeline_VITIS_LOOP_554_5_fu_196/grp_vadd_Pipeline_VITIS_LOOP_554_5_fu_196.iterationsWave_19
Unable to find signal: /pfm_top_wrapper/pfm_top_i/pfm_dynamic_inst/vadd_1/inst//grp_vadd_Pipeline_VITIS_LOOP_554_5_fu_196/grp_vadd_Pipeline_VITIS_LOOP_554_5_fu_196.iterationsWave_20
Unable to find signal: /pfm_top_wrapper/pfm_top_i/pfm_dynamic_inst/vadd_1/inst//grp_vadd_Pipeline_VITIS_LOOP_554_5_fu_196/grp_vadd_Pipeline_VITIS_LOOP_554_5_fu_196.iterationsWave_21
Unable to find signal: /pfm_top_wrapper/pfm_top_i/pfm_dynamic_inst/vadd_1/inst//grp_vadd_Pipeline_VITIS_LOOP_554_5_fu_196/grp_vadd_Pipeline_VITIS_LOOP_554_5_fu_196.iterationsWave_22
Unable to find signal: /pfm_top_wrapper/pfm_top_i/pfm_dynamic_inst/vadd_1/inst//grp_vadd_Pipeline_VITIS_LOOP_554_5_fu_196/grp_vadd_Pipeline_VITIS_LOOP_554_5_fu_196.iterationsWave_23
Unable to find signal: /pfm_top_wrapper/pfm_top_i/pfm_dynamic_inst/vadd_1/inst//grp_vadd_Pipeline_VITIS_LOOP_554_5_fu_196/grp_vadd_Pipeline_VITIS_LOOP_554_5_fu_196.iterationsWave_24
Unable to find signal: /pfm_top_wrapper/pfm_top_i/pfm_dynamic_inst/vadd_1/inst//grp_vadd_Pipeline_VITIS_LOOP_554_5_fu_196/grp_vadd_Pipeline_VITIS_LOOP_554_5_fu_196.iterationsWave_25
Unable to find signal: /pfm_top_wrapper/pfm_top_i/pfm_dynamic_inst/vadd_1/inst//grp_vadd_Pipeline_VITIS_LOOP_554_5_fu_196/grp_vadd_Pipeline_VITIS_LOOP_554_5_fu_196.iterationsWave_26
Unable to find signal: /pfm_top_wrapper/pfm_top_i/pfm_dynamic_inst/vadd_1/inst//grp_vadd_Pipeline_VITIS_LOOP_554_5_fu_196/grp_vadd_Pipeline_VITIS_LOOP_554_5_fu_196.iterationsWave_27
Unable to find signal: /pfm_top_wrapper/pfm_top_i/pfm_dynamic_inst/vadd_1/inst//grp_vadd_Pipeline_VITIS_LOOP_554_5_fu_196/grp_vadd_Pipeline_VITIS_LOOP_554_5_fu_196.iterationsWave_28
Unable to find signal: /pfm_top_wrapper/pfm_top_i/pfm_dynamic_inst/vadd_1/inst//grp_vadd_Pipeline_VITIS_LOOP_554_5_fu_196/grp_vadd_Pipeline_VITIS_LOOP_554_5_fu_196.iterationsWave_29
Unable to find signal: /pfm_top_wrapper/pfm_top_i/pfm_dynamic_inst/vadd_1/inst//grp_vadd_Pipeline_VITIS_LOOP_554_5_fu_196/grp_vadd_Pipeline_VITIS_LOOP_554_5_fu_196.iterationsWave_30
Unable to find signal: /pfm_top_wrapper/pfm_top_i/pfm_dynamic_inst/vadd_1/inst//grp_vadd_Pipeline_VITIS_LOOP_554_5_fu_196/grp_vadd_Pipeline_VITIS_LOOP_554_5_fu_196.iterationsWave_31
Unable to find signal: /pfm_top_wrapper/pfm_top_i/pfm_dynamic_inst/vadd_1/inst//grp_vadd_Pipeline_VITIS_LOOP_554_5_fu_196/grp_vadd_Pipeline_VITIS_LOOP_554_5_fu_196.iterationsWave_32
Unable to find signal: /pfm_top_wrapper/pfm_top_i/pfm_dynamic_inst/vadd_1/inst//grp_vadd_Pipeline_VITIS_LOOP_554_5_fu_196/grp_vadd_Pipeline_VITIS_LOOP_554_5_fu_196.iterationsWave_33
Unable to find signal: /pfm_top_wrapper/pfm_top_i/pfm_dynamic_inst/vadd_1/inst//grp_vadd_Pipeline_VITIS_LOOP_554_5_fu_196/grp_vadd_Pipeline_VITIS_LOOP_554_5_fu_196.iterationsWave_34
Unable to find signal: /pfm_top_wrapper/pfm_top_i/pfm_dynamic_inst/vadd_1/inst//grp_vadd_Pipeline_VITIS_LOOP_554_5_fu_196/grp_vadd_Pipeline_VITIS_LOOP_554_5_fu_196.iterationsWave_35
Unable to find signal: /pfm_top_wrapper/pfm_top_i/pfm_dynamic_inst/vadd_1/inst//grp_vadd_Pipeline_VITIS_LOOP_554_5_fu_196/grp_vadd_Pipeline_VITIS_LOOP_554_5_fu_196.iterationsWave_36
Unable to find signal: /pfm_top_wrapper/pfm_top_i/pfm_dynamic_inst/vadd_1/inst//grp_vadd_Pipeline_VITIS_LOOP_554_5_fu_196/grp_vadd_Pipeline_VITIS_LOOP_554_5_fu_196.iterationsWave_37
Unable to find signal: /pfm_top_wrapper/pfm_top_i/pfm_dynamic_inst/vadd_1/inst//grp_vadd_Pipeline_VITIS_LOOP_554_5_fu_196/grp_vadd_Pipeline_VITIS_LOOP_554_5_fu_196.iterationsWave_38
Unable to find signal: /pfm_top_wrapper/pfm_top_i/pfm_dynamic_inst/vadd_1/inst//grp_vadd_Pipeline_VITIS_LOOP_554_5_fu_196/grp_vadd_Pipeline_VITIS_LOOP_554_5_fu_196.iterationsWave_39
Unable to find signal: /pfm_top_wrapper/pfm_top_i/pfm_dynamic_inst/vadd_1/inst//grp_vadd_Pipeline_VITIS_LOOP_554_5_fu_196/grp_vadd_Pipeline_VITIS_LOOP_554_5_fu_196.iterationsWave_40
Unable to find signal: /pfm_top_wrapper/pfm_top_i/pfm_dynamic_inst/vadd_1/inst//grp_vadd_Pipeline_VITIS_LOOP_554_5_fu_196/grp_vadd_Pipeline_VITIS_LOOP_554_5_fu_196.iterationsWave_41
Unable to find signal: /pfm_top_wrapper/pfm_top_i/pfm_dynamic_inst/vadd_1/inst//grp_vadd_Pipeline_VITIS_LOOP_554_5_fu_196/grp_vadd_Pipeline_VITIS_LOOP_554_5_fu_196.iterationsWave_42
Unable to find signal: /pfm_top_wrapper/pfm_top_i/pfm_dynamic_inst/vadd_1/inst//grp_vadd_Pipeline_VITIS_LOOP_554_5_fu_196/grp_vadd_Pipeline_VITIS_LOOP_554_5_fu_196.iterationsWave_43
Unable to find signal: /pfm_top_wrapper/pfm_top_i/pfm_dynamic_inst/vadd_1/inst//grp_vadd_Pipeline_VITIS_LOOP_554_5_fu_196/grp_vadd_Pipeline_VITIS_LOOP_554_5_fu_196.iterationsWave_44
Unable to find signal: /pfm_top_wrapper/pfm_top_i/pfm_dynamic_inst/vadd_1/inst//grp_vadd_Pipeline_VITIS_LOOP_554_5_fu_196/grp_vadd_Pipeline_VITIS_LOOP_554_5_fu_196.iterationsWave_45
Unable to find signal: /pfm_top_wrapper/pfm_top_i/pfm_dynamic_inst/vadd_1/inst//grp_vadd_Pipeline_VITIS_LOOP_554_5_fu_196/grp_vadd_Pipeline_VITIS_LOOP_554_5_fu_196.iterationsWave_46
Unable to find signal: /pfm_top_wrapper/pfm_top_i/pfm_dynamic_inst/vadd_1/inst//grp_vadd_Pipeline_VITIS_LOOP_554_5_fu_196/grp_vadd_Pipeline_VITIS_LOOP_554_5_fu_196.iterationsWave_47
Unable to find signal: /pfm_top_wrapper/pfm_top_i/pfm_dynamic_inst/vadd_1/inst//grp_vadd_Pipeline_VITIS_LOOP_554_5_fu_196/grp_vadd_Pipeline_VITIS_LOOP_554_5_fu_196.iterationsWave_48
Unable to find signal: /pfm_top_wrapper/pfm_top_i/pfm_dynamic_inst/vadd_1/inst//grp_vadd_Pipeline_VITIS_LOOP_554_5_fu_196/grp_vadd_Pipeline_VITIS_LOOP_554_5_fu_196.iterationsWave_49
Unable to find signal: /pfm_top_wrapper/pfm_top_i/pfm_dynamic_inst/vadd_1/inst//grp_vadd_Pipeline_VITIS_LOOP_554_5_fu_196/grp_vadd_Pipeline_VITIS_LOOP_554_5_fu_196.iterationsWave_50
Unable to find signal: /pfm_top_wrapper/pfm_top_i/pfm_dynamic_inst/vadd_1/inst//grp_vadd_Pipeline_VITIS_LOOP_554_5_fu_196/grp_vadd_Pipeline_VITIS_LOOP_554_5_fu_196.iterationsWave_51
Unable to find signal: /pfm_top_wrapper/pfm_top_i/pfm_dynamic_inst/vadd_1/inst//grp_vadd_Pipeline_VITIS_LOOP_554_5_fu_196/grp_vadd_Pipeline_VITIS_LOOP_554_5_fu_196.iterationsWave_52
Unable to find signal: /pfm_top_wrapper/pfm_top_i/pfm_dynamic_inst/vadd_1/inst//grp_vadd_Pipeline_VITIS_LOOP_554_5_fu_196/grp_vadd_Pipeline_VITIS_LOOP_554_5_fu_196.iterationsWave_53
Unable to find signal: /pfm_top_wrapper/pfm_top_i/pfm_dynamic_inst/vadd_1/inst//grp_vadd_Pipeline_VITIS_LOOP_554_5_fu_196/grp_vadd_Pipeline_VITIS_LOOP_554_5_fu_196.iterationsWave_54
Unable to find signal: /pfm_top_wrapper/pfm_top_i/pfm_dynamic_inst/vadd_1/inst//grp_vadd_Pipeline_VITIS_LOOP_554_5_fu_196/grp_vadd_Pipeline_VITIS_LOOP_554_5_fu_196.iterationsWave_55
Unable to find signal: /pfm_top_wrapper/pfm_top_i/pfm_dynamic_inst/vadd_1/inst//grp_vadd_Pipeline_VITIS_LOOP_554_5_fu_196/grp_vadd_Pipeline_VITIS_LOOP_554_5_fu_196.iterationsWave_56
Unable to find signal: /pfm_top_wrapper/pfm_top_i/pfm_dynamic_inst/vadd_1/inst//grp_vadd_Pipeline_VITIS_LOOP_554_5_fu_196/grp_vadd_Pipeline_VITIS_LOOP_554_5_fu_196.iterationsWave_57
Unable to find signal: /pfm_top_wrapper/pfm_top_i/pfm_dynamic_inst/vadd_1/inst//grp_vadd_Pipeline_VITIS_LOOP_554_5_fu_196/grp_vadd_Pipeline_VITIS_LOOP_554_5_fu_196.iterationsWave_58
Unable to find signal: /pfm_top_wrapper/pfm_top_i/pfm_dynamic_inst/vadd_1/inst//grp_vadd_Pipeline_VITIS_LOOP_554_5_fu_196/grp_vadd_Pipeline_VITIS_LOOP_554_5_fu_196.iterationsWave_59
Unable to find signal: /pfm_top_wrapper/pfm_top_i/pfm_dynamic_inst/vadd_1/inst//grp_vadd_Pipeline_VITIS_LOOP_554_5_fu_196/grp_vadd_Pipeline_VITIS_LOOP_554_5_fu_196.iterationsWave_60
Unable to find signal: /pfm_top_wrapper/pfm_top_i/pfm_dynamic_inst/vadd_1/inst//grp_vadd_Pipeline_VITIS_LOOP_554_5_fu_196/grp_vadd_Pipeline_VITIS_LOOP_554_5_fu_196.iterationsWave_61
Unable to find signal: /pfm_top_wrapper/pfm_top_i/pfm_dynamic_inst/vadd_1/inst//grp_vadd_Pipeline_VITIS_LOOP_554_5_fu_196/grp_vadd_Pipeline_VITIS_LOOP_554_5_fu_196.iterationsWave_62
Unable to find signal: /pfm_top_wrapper/pfm_top_i/pfm_dynamic_inst/vadd_1/inst//grp_vadd_Pipeline_VITIS_LOOP_554_5_fu_196/grp_vadd_Pipeline_VITIS_LOOP_554_5_fu_196.iterationsWave_63
Unable to find signal: /pfm_top_wrapper/pfm_top_i/pfm_dynamic_inst/vadd_1/inst//grp_vadd_Pipeline_VITIS_LOOP_554_5_fu_196/grp_run_instruction_fu_54/grp_run_instruction_fu_54.dataflowTxWaveData.OutStanding
Unable to find signal: /pfm_top_wrapper/pfm_top_i/pfm_dynamic_inst/vadd_1/inst//grp_vadd_Pipeline_VITIS_LOOP_554_5_fu_196/grp_run_instruction_fu_54/grp_run_instruction_fu_54.iterationsWave_0
Unable to find signal: /pfm_top_wrapper/pfm_top_i/pfm_dynamic_inst/vadd_1/inst//grp_vadd_Pipeline_VITIS_LOOP_554_5_fu_196/grp_run_instruction_fu_54/grp_run_instruction_fu_54.iterationsWave_1
Unable to find signal: /pfm_top_wrapper/pfm_top_i/pfm_dynamic_inst/vadd_1/inst//grp_vadd_Pipeline_VITIS_LOOP_554_5_fu_196/grp_run_instruction_fu_54/grp_run_instruction_fu_54.iterationsWave_2
Unable to find signal: /pfm_top_wrapper/pfm_top_i/pfm_dynamic_inst/vadd_1/inst//grp_vadd_Pipeline_VITIS_LOOP_554_5_fu_196/grp_run_instruction_fu_54/grp_run_instruction_fu_54.iterationsWave_3
Unable to find signal: /pfm_top_wrapper/pfm_top_i/pfm_dynamic_inst/vadd_1/inst//grp_vadd_Pipeline_VITIS_LOOP_554_5_fu_196/grp_run_instruction_fu_54/grp_run_instruction_fu_54.iterationsWave_4
Unable to find signal: /pfm_top_wrapper/pfm_top_i/pfm_dynamic_inst/vadd_1/inst//grp_vadd_Pipeline_VITIS_LOOP_554_5_fu_196/grp_run_instruction_fu_54/grp_run_instruction_fu_54.iterationsWave_5
Unable to find signal: /pfm_top_wrapper/pfm_top_i/pfm_dynamic_inst/vadd_1/inst//grp_vadd_Pipeline_VITIS_LOOP_554_5_fu_196/grp_run_instruction_fu_54/grp_run_instruction_fu_54.iterationsWave_6
Unable to find signal: /pfm_top_wrapper/pfm_top_i/pfm_dynamic_inst/vadd_1/inst//grp_vadd_Pipeline_VITIS_LOOP_554_5_fu_196/grp_run_instruction_fu_54/grp_run_instruction_fu_54.iterationsWave_7
Unable to find signal: /pfm_top_wrapper/pfm_top_i/pfm_dynamic_inst/vadd_1/inst//grp_vadd_Pipeline_VITIS_LOOP_554_5_fu_196/grp_run_instruction_fu_54/grp_run_instruction_fu_54.iterationsWave_8
Unable to find signal: /pfm_top_wrapper/pfm_top_i/pfm_dynamic_inst/vadd_1/inst//grp_vadd_Pipeline_VITIS_LOOP_554_5_fu_196/grp_run_instruction_fu_54/grp_run_instruction_fu_54.iterationsWave_9
Unable to find signal: /pfm_top_wrapper/pfm_top_i/pfm_dynamic_inst/vadd_1/inst//grp_vadd_Pipeline_VITIS_LOOP_554_5_fu_196/grp_run_instruction_fu_54/grp_run_instruction_fu_54.iterationsWave_10
Unable to find signal: /pfm_top_wrapper/pfm_top_i/pfm_dynamic_inst/vadd_1/inst//grp_vadd_Pipeline_VITIS_LOOP_554_5_fu_196/grp_run_instruction_fu_54/grp_run_instruction_fu_54.iterationsWave_11
Unable to find signal: /pfm_top_wrapper/pfm_top_i/pfm_dynamic_inst/vadd_1/inst//grp_vadd_Pipeline_VITIS_LOOP_554_5_fu_196/grp_run_instruction_fu_54/grp_run_instruction_fu_54.iterationsWave_12
Unable to find signal: /pfm_top_wrapper/pfm_top_i/pfm_dynamic_inst/vadd_1/inst//grp_vadd_Pipeline_VITIS_LOOP_554_5_fu_196/grp_run_instruction_fu_54/grp_run_instruction_fu_54.iterationsWave_13
Unable to find signal: /pfm_top_wrapper/pfm_top_i/pfm_dynamic_inst/vadd_1/inst//grp_vadd_Pipeline_VITIS_LOOP_554_5_fu_196/grp_run_instruction_fu_54/grp_run_instruction_fu_54.iterationsWave_14
Unable to find signal: /pfm_top_wrapper/pfm_top_i/pfm_dynamic_inst/vadd_1/inst//grp_vadd_Pipeline_VITIS_LOOP_554_5_fu_196/grp_run_instruction_fu_54/grp_run_instruction_fu_54.iterationsWave_15
Unable to find signal: /pfm_top_wrapper/pfm_top_i/pfm_dynamic_inst/vadd_1/inst//grp_vadd_Pipeline_VITIS_LOOP_554_5_fu_196/grp_run_instruction_fu_54/grp_run_instruction_fu_54.iterationsWave_16
Unable to find signal: /pfm_top_wrapper/pfm_top_i/pfm_dynamic_inst/vadd_1/inst//grp_vadd_Pipeline_VITIS_LOOP_554_5_fu_196/grp_run_instruction_fu_54/grp_run_instruction_fu_54.iterationsWave_17
Unable to find signal: /pfm_top_wrapper/pfm_top_i/pfm_dynamic_inst/vadd_1/inst//grp_vadd_Pipeline_VITIS_LOOP_554_5_fu_196/grp_run_instruction_fu_54/grp_run_instruction_fu_54.iterationsWave_18
Unable to find signal: /pfm_top_wrapper/pfm_top_i/pfm_dynamic_inst/vadd_1/inst//grp_vadd_Pipeline_VITIS_LOOP_554_5_fu_196/grp_run_instruction_fu_54/grp_run_instruction_fu_54.iterationsWave_19
Unable to find signal: /pfm_top_wrapper/pfm_top_i/pfm_dynamic_inst/vadd_1/inst//grp_vadd_Pipeline_VITIS_LOOP_554_5_fu_196/grp_run_instruction_fu_54/grp_run_instruction_fu_54.iterationsWave_20
Unable to find signal: /pfm_top_wrapper/pfm_top_i/pfm_dynamic_inst/vadd_1/inst//grp_vadd_Pipeline_VITIS_LOOP_554_5_fu_196/grp_run_instruction_fu_54/grp_run_instruction_fu_54.iterationsWave_21
Unable to find signal: /pfm_top_wrapper/pfm_top_i/pfm_dynamic_inst/vadd_1/inst//grp_vadd_Pipeline_VITIS_LOOP_554_5_fu_196/grp_run_instruction_fu_54/grp_run_instruction_fu_54.iterationsWave_22
Unable to find signal: /pfm_top_wrapper/pfm_top_i/pfm_dynamic_inst/vadd_1/inst//grp_vadd_Pipeline_VITIS_LOOP_554_5_fu_196/grp_run_instruction_fu_54/grp_run_instruction_fu_54.iterationsWave_23
Unable to find signal: /pfm_top_wrapper/pfm_top_i/pfm_dynamic_inst/vadd_1/inst//grp_vadd_Pipeline_VITIS_LOOP_554_5_fu_196/grp_run_instruction_fu_54/grp_run_instruction_fu_54.iterationsWave_24
Unable to find signal: /pfm_top_wrapper/pfm_top_i/pfm_dynamic_inst/vadd_1/inst//grp_vadd_Pipeline_VITIS_LOOP_554_5_fu_196/grp_run_instruction_fu_54/grp_run_instruction_fu_54.iterationsWave_25
Unable to find signal: /pfm_top_wrapper/pfm_top_i/pfm_dynamic_inst/vadd_1/inst//grp_vadd_Pipeline_VITIS_LOOP_554_5_fu_196/grp_run_instruction_fu_54/grp_run_instruction_fu_54.iterationsWave_26
Unable to find signal: /pfm_top_wrapper/pfm_top_i/pfm_dynamic_inst/vadd_1/inst//grp_vadd_Pipeline_VITIS_LOOP_554_5_fu_196/grp_run_instruction_fu_54/grp_run_instruction_fu_54.iterationsWave_27
Unable to find signal: /pfm_top_wrapper/pfm_top_i/pfm_dynamic_inst/vadd_1/inst//grp_vadd_Pipeline_VITIS_LOOP_554_5_fu_196/grp_run_instruction_fu_54/grp_run_instruction_fu_54.iterationsWave_28
Unable to find signal: /pfm_top_wrapper/pfm_top_i/pfm_dynamic_inst/vadd_1/inst//grp_vadd_Pipeline_VITIS_LOOP_554_5_fu_196/grp_run_instruction_fu_54/grp_run_instruction_fu_54.iterationsWave_29
Unable to find signal: /pfm_top_wrapper/pfm_top_i/pfm_dynamic_inst/vadd_1/inst//grp_vadd_Pipeline_VITIS_LOOP_554_5_fu_196/grp_run_instruction_fu_54/grp_run_instruction_fu_54.iterationsWave_30
Unable to find signal: /pfm_top_wrapper/pfm_top_i/pfm_dynamic_inst/vadd_1/inst//grp_vadd_Pipeline_VITIS_LOOP_554_5_fu_196/grp_run_instruction_fu_54/grp_run_instruction_fu_54.iterationsWave_31
Unable to find signal: /pfm_top_wrapper/pfm_top_i/pfm_dynamic_inst/vadd_1/inst//grp_vadd_Pipeline_VITIS_LOOP_554_5_fu_196/grp_run_instruction_fu_54/grp_run_instruction_fu_54.iterationsWave_32
Unable to find signal: /pfm_top_wrapper/pfm_top_i/pfm_dynamic_inst/vadd_1/inst//grp_vadd_Pipeline_VITIS_LOOP_554_5_fu_196/grp_run_instruction_fu_54/grp_run_instruction_fu_54.iterationsWave_33
Unable to find signal: /pfm_top_wrapper/pfm_top_i/pfm_dynamic_inst/vadd_1/inst//grp_vadd_Pipeline_VITIS_LOOP_554_5_fu_196/grp_run_instruction_fu_54/grp_run_instruction_fu_54.iterationsWave_34
Unable to find signal: /pfm_top_wrapper/pfm_top_i/pfm_dynamic_inst/vadd_1/inst//grp_vadd_Pipeline_VITIS_LOOP_554_5_fu_196/grp_run_instruction_fu_54/grp_run_instruction_fu_54.iterationsWave_35
Unable to find signal: /pfm_top_wrapper/pfm_top_i/pfm_dynamic_inst/vadd_1/inst//grp_vadd_Pipeline_VITIS_LOOP_554_5_fu_196/grp_run_instruction_fu_54/grp_run_instruction_fu_54.iterationsWave_36
Unable to find signal: /pfm_top_wrapper/pfm_top_i/pfm_dynamic_inst/vadd_1/inst//grp_vadd_Pipeline_VITIS_LOOP_554_5_fu_196/grp_run_instruction_fu_54/grp_run_instruction_fu_54.iterationsWave_37
Unable to find signal: /pfm_top_wrapper/pfm_top_i/pfm_dynamic_inst/vadd_1/inst//grp_vadd_Pipeline_VITIS_LOOP_554_5_fu_196/grp_run_instruction_fu_54/grp_run_instruction_fu_54.iterationsWave_38
Unable to find signal: /pfm_top_wrapper/pfm_top_i/pfm_dynamic_inst/vadd_1/inst//grp_vadd_Pipeline_VITIS_LOOP_554_5_fu_196/grp_run_instruction_fu_54/grp_run_instruction_fu_54.iterationsWave_39
Unable to find signal: /pfm_top_wrapper/pfm_top_i/pfm_dynamic_inst/vadd_1/inst//grp_vadd_Pipeline_VITIS_LOOP_554_5_fu_196/grp_run_instruction_fu_54/grp_run_instruction_fu_54.iterationsWave_40
Unable to find signal: /pfm_top_wrapper/pfm_top_i/pfm_dynamic_inst/vadd_1/inst//grp_vadd_Pipeline_VITIS_LOOP_554_5_fu_196/grp_run_instruction_fu_54/grp_run_instruction_fu_54.iterationsWave_41
Unable to find signal: /pfm_top_wrapper/pfm_top_i/pfm_dynamic_inst/vadd_1/inst//grp_vadd_Pipeline_VITIS_LOOP_554_5_fu_196/grp_run_instruction_fu_54/grp_run_instruction_fu_54.iterationsWave_42
Unable to find signal: /pfm_top_wrapper/pfm_top_i/pfm_dynamic_inst/vadd_1/inst//grp_vadd_Pipeline_VITIS_LOOP_554_5_fu_196/grp_run_instruction_fu_54/grp_run_instruction_fu_54.iterationsWave_43
Unable to find signal: /pfm_top_wrapper/pfm_top_i/pfm_dynamic_inst/vadd_1/inst//grp_vadd_Pipeline_VITIS_LOOP_554_5_fu_196/grp_run_instruction_fu_54/grp_run_instruction_fu_54.iterationsWave_44
Unable to find signal: /pfm_top_wrapper/pfm_top_i/pfm_dynamic_inst/vadd_1/inst//grp_vadd_Pipeline_VITIS_LOOP_554_5_fu_196/grp_run_instruction_fu_54/grp_run_instruction_fu_54.iterationsWave_45
Unable to find signal: /pfm_top_wrapper/pfm_top_i/pfm_dynamic_inst/vadd_1/inst//grp_vadd_Pipeline_VITIS_LOOP_554_5_fu_196/grp_run_instruction_fu_54/grp_run_instruction_fu_54.iterationsWave_46
Unable to find signal: /pfm_top_wrapper/pfm_top_i/pfm_dynamic_inst/vadd_1/inst//grp_vadd_Pipeline_VITIS_LOOP_554_5_fu_196/grp_run_instruction_fu_54/grp_run_instruction_fu_54.iterationsWave_47
Unable to find signal: /pfm_top_wrapper/pfm_top_i/pfm_dynamic_inst/vadd_1/inst//grp_vadd_Pipeline_VITIS_LOOP_554_5_fu_196/grp_run_instruction_fu_54/grp_run_instruction_fu_54.iterationsWave_48
Unable to find signal: /pfm_top_wrapper/pfm_top_i/pfm_dynamic_inst/vadd_1/inst//grp_vadd_Pipeline_VITIS_LOOP_554_5_fu_196/grp_run_instruction_fu_54/grp_run_instruction_fu_54.iterationsWave_49
Unable to find signal: /pfm_top_wrapper/pfm_top_i/pfm_dynamic_inst/vadd_1/inst//grp_vadd_Pipeline_VITIS_LOOP_554_5_fu_196/grp_run_instruction_fu_54/grp_run_instruction_fu_54.iterationsWave_50
Unable to find signal: /pfm_top_wrapper/pfm_top_i/pfm_dynamic_inst/vadd_1/inst//grp_vadd_Pipeline_VITIS_LOOP_554_5_fu_196/grp_run_instruction_fu_54/grp_run_instruction_fu_54.iterationsWave_51
Unable to find signal: /pfm_top_wrapper/pfm_top_i/pfm_dynamic_inst/vadd_1/inst//grp_vadd_Pipeline_VITIS_LOOP_554_5_fu_196/grp_run_instruction_fu_54/grp_run_instruction_fu_54.iterationsWave_52
Unable to find signal: /pfm_top_wrapper/pfm_top_i/pfm_dynamic_inst/vadd_1/inst//grp_vadd_Pipeline_VITIS_LOOP_554_5_fu_196/grp_run_instruction_fu_54/grp_run_instruction_fu_54.iterationsWave_53
Unable to find signal: /pfm_top_wrapper/pfm_top_i/pfm_dynamic_inst/vadd_1/inst//grp_vadd_Pipeline_VITIS_LOOP_554_5_fu_196/grp_run_instruction_fu_54/grp_run_instruction_fu_54.iterationsWave_54
Unable to find signal: /pfm_top_wrapper/pfm_top_i/pfm_dynamic_inst/vadd_1/inst//grp_vadd_Pipeline_VITIS_LOOP_554_5_fu_196/grp_run_instruction_fu_54/grp_run_instruction_fu_54.iterationsWave_55
Unable to find signal: /pfm_top_wrapper/pfm_top_i/pfm_dynamic_inst/vadd_1/inst//grp_vadd_Pipeline_VITIS_LOOP_554_5_fu_196/grp_run_instruction_fu_54/grp_run_instruction_fu_54.iterationsWave_56
Unable to find signal: /pfm_top_wrapper/pfm_top_i/pfm_dynamic_inst/vadd_1/inst//grp_vadd_Pipeline_VITIS_LOOP_554_5_fu_196/grp_run_instruction_fu_54/grp_run_instruction_fu_54.iterationsWave_57
Unable to find signal: /pfm_top_wrapper/pfm_top_i/pfm_dynamic_inst/vadd_1/inst//grp_vadd_Pipeline_VITIS_LOOP_554_5_fu_196/grp_run_instruction_fu_54/grp_run_instruction_fu_54.iterationsWave_58
Unable to find signal: /pfm_top_wrapper/pfm_top_i/pfm_dynamic_inst/vadd_1/inst//grp_vadd_Pipeline_VITIS_LOOP_554_5_fu_196/grp_run_instruction_fu_54/grp_run_instruction_fu_54.iterationsWave_59
Unable to find signal: /pfm_top_wrapper/pfm_top_i/pfm_dynamic_inst/vadd_1/inst//grp_vadd_Pipeline_VITIS_LOOP_554_5_fu_196/grp_run_instruction_fu_54/grp_run_instruction_fu_54.iterationsWave_60
Unable to find signal: /pfm_top_wrapper/pfm_top_i/pfm_dynamic_inst/vadd_1/inst//grp_vadd_Pipeline_VITIS_LOOP_554_5_fu_196/grp_run_instruction_fu_54/grp_run_instruction_fu_54.iterationsWave_61
Unable to find signal: /pfm_top_wrapper/pfm_top_i/pfm_dynamic_inst/vadd_1/inst//grp_vadd_Pipeline_VITIS_LOOP_554_5_fu_196/grp_run_instruction_fu_54/grp_run_instruction_fu_54.iterationsWave_62
Unable to find signal: /pfm_top_wrapper/pfm_top_i/pfm_dynamic_inst/vadd_1/inst//grp_vadd_Pipeline_VITIS_LOOP_554_5_fu_196/grp_run_instruction_fu_54/grp_run_instruction_fu_54.iterationsWave_63
### if { [info exists ::env(XILINX_SC_HW_EMU)] } {
###   source $::env(XILINX_VITIS)/system_compiler/examples/sc_hw_emu_post_xsim.tcl
### }
## if { [info exists ::env(VITIS_LAUNCH_WAVEFORM_BATCH) ] } {
##   if { [info exists ::env(USER_POST_SIM_SCRIPT) ] } {
##     if { [catch {source $::env(USER_POST_SIM_SCRIPT)} msg] } {
##       puts $msg
##     }
##   }
##   quit
## }
INFO: xsimkernel Simulation Memory Usage: 281956 KB (Peak: 281956 KB), Simulation CPU Usage: 11330 ms
INFO: [Common 17-206] Exiting xsim at Thu Oct 26 14:41:11 2023...
