10:21:19 INFO  : updated workspace path: 
10:21:19 INFO  : python3 /tools/Xilinx/Vitis/2023.1/data/embeddedsw-sdt/scripts/rigel_scripts//repo.py -st   /tools/Xilinx/Vitis/2023.1/data/embeddedsw-sdt
10:21:19 INFO  : python3 /tools/Xilinx/Vitis/2023.1/data/embeddedsw-sdt/scripts/rigel_scripts//repo.py -st  /tools/Xilinx/Vitis/2023.1/data/embeddedsw-sdt
10:21:20 INFO  : Successfully created repository data at /tmp/rigel_lopper_stanganini14802362241307399768
10:21:20 INFO  : Successfully created repository data at /tmp/rigel_lopper_stanganini17053313290640417418
10:21:20 INFO  : python3 /tools/Xilinx/Vitis/2023.1/data/embeddedsw-sdt/scripts/rigel_scripts//get_template_data.py -d /tmp/rigel_lopper_stanganini17654033898027793768 -r /tmp/rigel_lopper_stanganini17053313290640417418/.repo.yaml
10:21:20 INFO  : python3 /tools/Xilinx/Vitis/2023.1/data/embeddedsw-sdt/scripts/rigel_scripts//get_template_data.py -d /tmp/rigel_lopper_stanganini14802362241307399768 -r /tmp/rigel_lopper_stanganini14802362241307399768/.repo.yaml
10:21:20 INFO  : Embedded Template List generated successfully
10:21:20 INFO  : Embedded Template List generated successfully
10:21:21 INFO  : updated workspace path: 
11:42:40 INFO  : updated workspace path: 
11:42:40 INFO  : python3 /tools/Xilinx/Vitis/2023.1/data/embeddedsw-sdt/scripts/rigel_scripts//repo.py -st  /tools/Xilinx/Vitis/2023.1/data/embeddedsw-sdt
11:42:41 INFO  : Successfully created repository data at /tmp/rigel_lopper_stanganini11926181863767404869
11:42:41 INFO  : python3 /tools/Xilinx/Vitis/2023.1/data/embeddedsw-sdt/scripts/rigel_scripts//get_template_data.py -d /tmp/rigel_lopper_stanganini12172616756860762874 -r /tmp/rigel_lopper_stanganini11926181863767404869/.repo.yaml
11:42:41 INFO  : Embedded Template List generated successfully
11:42:41 INFO  : updated workspace path: 
13:19:21 INFO  : updated workspace path: 
13:19:21 INFO  : updated workspace path: 
13:19:21 INFO  : python3 /tools/Xilinx/Vitis/2023.1/data/embeddedsw-sdt/scripts/rigel_scripts//repo.py -st   /tools/Xilinx/Vitis/2023.1/data/embeddedsw-sdt
13:19:21 INFO  : Successfully created repository data at /tmp/rigel_lopper_stanganini7729565619529380848
13:19:21 INFO  : python3 /tools/Xilinx/Vitis/2023.1/data/embeddedsw-sdt/scripts/rigel_scripts//get_template_data.py -d /tmp/rigel_lopper_stanganini7729565619529380848 -r /tmp/rigel_lopper_stanganini7729565619529380848/.repo.yaml
13:19:22 INFO  : Embedded Template List generated successfully
12:10:56 INFO  : connection terminated
12:10:58 INFO  : connection terminated
12:10:58 INFO  : scheduling shutdown timer for 60 seconds ...
12:11:02 INFO  : connection terminated
12:11:02 INFO  : scheduling shutdown timer for 60 seconds ...
12:11:04 INFO  : connection terminated
12:11:04 INFO  : scheduling shutdown timer for 60 seconds ...
12:11:08 INFO  : connection terminated
12:11:08 INFO  : scheduling shutdown timer for 60 seconds ...
12:11:08 INFO  : connection terminated
12:11:08 INFO  : scheduling shutdown timer for 60 seconds ...
12:11:10 INFO  : connection terminated
12:11:10 INFO  : scheduling shutdown timer for 60 seconds ...
12:11:10 INFO  : connection terminated
12:11:10 INFO  : scheduling shutdown timer for 60 seconds ...
12:11:14 INFO  : connection terminated
12:11:14 INFO  : scheduling shutdown timer for 60 seconds ...
12:11:14 INFO  : connection terminated
12:11:14 INFO  : scheduling shutdown timer for 60 seconds ...
12:11:16 INFO  : connection terminated
12:11:16 INFO  : scheduling shutdown timer for 60 seconds ...
12:11:18 INFO  : connection terminated
12:11:18 INFO  : scheduling shutdown timer for 60 seconds ...
12:11:18 INFO  : connection terminated
12:11:18 INFO  : scheduling shutdown timer for 60 seconds ...
12:11:19 INFO  : connection terminated
12:11:19 INFO  : scheduling shutdown timer for 60 seconds ...
12:11:20 INFO  : connection terminated
12:11:20 INFO  : scheduling shutdown timer for 60 seconds ...
12:11:23 INFO  : connection terminated
12:11:23 INFO  : scheduling shutdown timer for 60 seconds ...
12:11:26 INFO  : connection terminated
12:11:26 INFO  : scheduling shutdown timer for 60 seconds ...
12:11:27 INFO  : connection terminated
12:11:27 INFO  : scheduling shutdown timer for 60 seconds ...
12:11:29 INFO  : connection terminated
12:11:29 INFO  : scheduling shutdown timer for 60 seconds ...
12:11:30 INFO  : connection terminated
12:11:30 INFO  : scheduling shutdown timer for 60 seconds ...
12:11:30 INFO  : connection terminated
12:11:30 INFO  : scheduling shutdown timer for 60 seconds ...
12:11:30 INFO  : connection terminated
12:11:30 INFO  : scheduling shutdown timer for 60 seconds ...
12:11:30 INFO  : connection terminated
12:11:30 INFO  : scheduling shutdown timer for 60 seconds ...
12:11:30 INFO  : connection terminated
12:11:30 INFO  : scheduling shutdown timer for 60 seconds ...
12:11:30 INFO  : connection terminated
12:11:30 INFO  : scheduling shutdown timer for 60 seconds ...
12:11:31 INFO  : connection terminated
12:11:31 INFO  : scheduling shutdown timer for 60 seconds ...
12:11:34 INFO  : connection terminated
12:11:34 INFO  : scheduling shutdown timer for 60 seconds ...
12:11:36 INFO  : connection terminated
12:11:36 INFO  : scheduling shutdown timer for 60 seconds ...
12:11:38 INFO  : connection terminated
12:11:38 INFO  : scheduling shutdown timer for 60 seconds ...
12:11:38 INFO  : connection terminated
12:11:38 INFO  : scheduling shutdown timer for 60 seconds ...
12:11:39 INFO  : connection terminated
12:11:39 INFO  : scheduling shutdown timer for 60 seconds ...
12:11:39 INFO  : connection terminated
12:11:39 INFO  : scheduling shutdown timer for 60 seconds ...
12:11:39 INFO  : connection terminated
12:11:39 INFO  : scheduling shutdown timer for 60 seconds ...
12:11:39 INFO  : connection terminated
12:11:39 INFO  : scheduling shutdown timer for 60 seconds ...
12:11:40 INFO  : connection terminated
12:11:40 INFO  : scheduling shutdown timer for 60 seconds ...
12:11:41 INFO  : connection terminated
12:11:41 INFO  : scheduling shutdown timer for 60 seconds ...
12:11:43 INFO  : connection terminated
12:11:43 INFO  : scheduling shutdown timer for 60 seconds ...
12:11:43 INFO  : connection terminated
12:11:43 INFO  : scheduling shutdown timer for 60 seconds ...
12:11:43 INFO  : connection terminated
12:11:43 INFO  : scheduling shutdown timer for 60 seconds ...
12:11:43 INFO  : connection terminated
12:11:43 INFO  : scheduling shutdown timer for 60 seconds ...
12:11:43 INFO  : connection terminated
12:11:43 INFO  : scheduling shutdown timer for 60 seconds ...
12:11:43 INFO  : connection terminated
12:11:43 INFO  : scheduling shutdown timer for 60 seconds ...
12:11:44 INFO  : connection terminated
12:11:44 INFO  : scheduling shutdown timer for 60 seconds ...
12:11:47 INFO  : connection terminated
12:11:47 INFO  : scheduling shutdown timer for 60 seconds ...
12:11:47 INFO  : connection terminated
12:11:47 INFO  : scheduling shutdown timer for 60 seconds ...
12:11:49 INFO  : connection terminated
12:11:49 INFO  : scheduling shutdown timer for 60 seconds ...
12:11:49 INFO  : connection terminated
12:11:49 INFO  : scheduling shutdown timer for 60 seconds ...
12:11:49 INFO  : connection terminated
12:11:49 INFO  : scheduling shutdown timer for 60 seconds ...
12:11:50 INFO  : connection terminated
12:11:50 INFO  : scheduling shutdown timer for 60 seconds ...
12:11:54 INFO  : connection terminated
12:11:54 INFO  : scheduling shutdown timer for 60 seconds ...
12:11:55 INFO  : connection terminated
12:11:55 INFO  : scheduling shutdown timer for 60 seconds ...
12:11:58 INFO  : connection terminated
12:11:58 INFO  : scheduling shutdown timer for 60 seconds ...
12:11:58 INFO  : connection terminated
12:11:58 INFO  : scheduling shutdown timer for 60 seconds ...
12:12:01 INFO  : connection terminated
12:12:01 INFO  : scheduling shutdown timer for 60 seconds ...
12:12:03 INFO  : connection terminated
12:12:03 INFO  : scheduling shutdown timer for 60 seconds ...
12:12:03 INFO  : connection terminated
12:12:03 INFO  : scheduling shutdown timer for 60 seconds ...
12:12:06 INFO  : connection terminated
12:12:06 INFO  : scheduling shutdown timer for 60 seconds ...
12:12:07 INFO  : connection terminated
12:12:07 INFO  : scheduling shutdown timer for 60 seconds ...
12:12:11 INFO  : connection terminated
12:12:11 INFO  : scheduling shutdown timer for 60 seconds ...
12:12:12 INFO  : connection terminated
12:12:12 INFO  : scheduling shutdown timer for 60 seconds ...
12:13:12 INFO  : connection terminated
12:13:12 INFO  : scheduling shutdown timer for 60 seconds ...
12:15:02 INFO  : connection terminated
12:15:03 INFO  : connection terminated
12:15:03 INFO  : scheduling shutdown timer for 60 seconds ...
12:15:03 INFO  : connection terminated
12:15:03 INFO  : scheduling shutdown timer for 60 seconds ...
12:15:03 INFO  : connection terminated
12:15:03 INFO  : scheduling shutdown timer for 60 seconds ...
12:15:04 INFO  : connection terminated
12:15:04 INFO  : scheduling shutdown timer for 60 seconds ...
12:15:06 INFO  : connection terminated
12:15:06 INFO  : scheduling shutdown timer for 60 seconds ...
12:15:10 INFO  : connection terminated
12:15:10 INFO  : scheduling shutdown timer for 60 seconds ...
12:15:11 INFO  : connection terminated
12:15:11 INFO  : scheduling shutdown timer for 60 seconds ...
12:15:12 INFO  : connection terminated
12:15:12 INFO  : scheduling shutdown timer for 60 seconds ...
12:15:12 INFO  : connection terminated
12:15:12 INFO  : scheduling shutdown timer for 60 seconds ...
12:15:12 INFO  : connection terminated
12:15:12 INFO  : scheduling shutdown timer for 60 seconds ...
12:15:12 INFO  : connection terminated
12:15:12 INFO  : scheduling shutdown timer for 60 seconds ...
12:15:13 INFO  : connection terminated
12:15:13 INFO  : scheduling shutdown timer for 60 seconds ...
12:15:13 INFO  : connection terminated
12:15:13 INFO  : scheduling shutdown timer for 60 seconds ...
12:15:13 INFO  : connection terminated
12:15:13 INFO  : scheduling shutdown timer for 60 seconds ...
12:15:16 INFO  : connection terminated
12:15:16 INFO  : scheduling shutdown timer for 60 seconds ...
12:15:16 INFO  : connection terminated
12:15:16 INFO  : scheduling shutdown timer for 60 seconds ...
12:15:18 INFO  : connection terminated
12:15:18 INFO  : scheduling shutdown timer for 60 seconds ...
12:15:18 INFO  : connection terminated
12:15:18 INFO  : scheduling shutdown timer for 60 seconds ...
12:15:21 INFO  : connection terminated
12:15:21 INFO  : scheduling shutdown timer for 60 seconds ...
12:15:21 INFO  : connection terminated
12:15:21 INFO  : scheduling shutdown timer for 60 seconds ...
12:15:22 INFO  : connection terminated
12:15:22 INFO  : scheduling shutdown timer for 60 seconds ...
12:15:22 INFO  : connection terminated
12:15:22 INFO  : scheduling shutdown timer for 60 seconds ...
12:15:23 INFO  : connection terminated
12:15:23 INFO  : scheduling shutdown timer for 60 seconds ...
12:15:23 INFO  : connection terminated
12:15:23 INFO  : scheduling shutdown timer for 60 seconds ...
12:15:24 INFO  : connection terminated
12:15:24 INFO  : scheduling shutdown timer for 60 seconds ...
12:15:24 INFO  : connection terminated
12:15:24 INFO  : scheduling shutdown timer for 60 seconds ...
12:15:24 INFO  : connection terminated
12:15:24 INFO  : scheduling shutdown timer for 60 seconds ...
12:15:24 INFO  : connection terminated
12:15:24 INFO  : scheduling shutdown timer for 60 seconds ...
12:15:24 INFO  : connection terminated
12:15:24 INFO  : scheduling shutdown timer for 60 seconds ...
12:15:24 INFO  : connection terminated
12:15:24 INFO  : scheduling shutdown timer for 60 seconds ...
12:15:24 INFO  : connection terminated
12:15:24 INFO  : scheduling shutdown timer for 60 seconds ...
12:15:24 INFO  : connection terminated
12:15:24 INFO  : scheduling shutdown timer for 60 seconds ...
12:15:24 INFO  : connection terminated
12:15:24 INFO  : scheduling shutdown timer for 60 seconds ...
12:15:25 INFO  : connection terminated
12:15:25 INFO  : scheduling shutdown timer for 60 seconds ...
12:15:26 INFO  : connection terminated
12:15:26 INFO  : scheduling shutdown timer for 60 seconds ...
12:15:28 INFO  : connection terminated
12:15:28 INFO  : scheduling shutdown timer for 60 seconds ...
12:15:29 INFO  : connection terminated
12:15:29 INFO  : scheduling shutdown timer for 60 seconds ...
12:15:30 INFO  : connection terminated
12:15:30 INFO  : scheduling shutdown timer for 60 seconds ...
12:15:32 INFO  : connection terminated
12:15:32 INFO  : scheduling shutdown timer for 60 seconds ...
12:15:34 INFO  : connection terminated
12:15:34 INFO  : scheduling shutdown timer for 60 seconds ...
12:15:36 INFO  : connection terminated
12:15:36 INFO  : scheduling shutdown timer for 60 seconds ...
12:15:37 INFO  : connection terminated
12:15:37 INFO  : scheduling shutdown timer for 60 seconds ...
12:15:37 INFO  : connection terminated
12:15:37 INFO  : scheduling shutdown timer for 60 seconds ...
12:15:38 INFO  : connection terminated
12:15:38 INFO  : scheduling shutdown timer for 60 seconds ...
12:15:38 INFO  : connection terminated
12:15:38 INFO  : scheduling shutdown timer for 60 seconds ...
12:15:38 INFO  : connection terminated
12:15:38 INFO  : scheduling shutdown timer for 60 seconds ...
12:15:39 INFO  : connection terminated
12:15:39 INFO  : scheduling shutdown timer for 60 seconds ...
12:15:41 INFO  : connection terminated
12:15:41 INFO  : scheduling shutdown timer for 60 seconds ...
12:15:43 INFO  : connection terminated
12:15:43 INFO  : scheduling shutdown timer for 60 seconds ...
12:15:43 INFO  : connection terminated
12:15:43 INFO  : scheduling shutdown timer for 60 seconds ...
12:15:45 INFO  : connection terminated
12:15:45 INFO  : scheduling shutdown timer for 60 seconds ...
12:15:45 INFO  : connection terminated
12:15:45 INFO  : scheduling shutdown timer for 60 seconds ...
12:15:46 INFO  : connection terminated
12:15:46 INFO  : scheduling shutdown timer for 60 seconds ...
12:15:47 INFO  : connection terminated
12:15:47 INFO  : scheduling shutdown timer for 60 seconds ...
12:15:47 INFO  : connection terminated
12:15:47 INFO  : scheduling shutdown timer for 60 seconds ...
12:15:47 INFO  : connection terminated
12:15:47 INFO  : scheduling shutdown timer for 60 seconds ...
12:15:47 INFO  : connection terminated
12:15:47 INFO  : scheduling shutdown timer for 60 seconds ...
12:15:48 INFO  : connection terminated
12:15:48 INFO  : scheduling shutdown timer for 60 seconds ...
12:15:48 INFO  : connection terminated
12:15:48 INFO  : scheduling shutdown timer for 60 seconds ...
12:16:48 INFO  : connection terminated
12:16:48 INFO  : scheduling shutdown timer for 60 seconds ...
12:43:42 INFO  : updated workspace path: 
12:43:42 INFO  : python3 /tools/Xilinx/Vitis/2023.1/data/embeddedsw-sdt/scripts/rigel_scripts//repo.py -st  /tools/Xilinx/Vitis/2023.1/data/embeddedsw-sdt
12:43:43 INFO  : Successfully created repository data at /tmp/rigel_lopper_stanganini5593026916480130465
12:43:43 INFO  : python3 /tools/Xilinx/Vitis/2023.1/data/embeddedsw-sdt/scripts/rigel_scripts//get_template_data.py -d /tmp/rigel_lopper_stanganini14542960374682157200 -r /tmp/rigel_lopper_stanganini5593026916480130465/.repo.yaml
12:43:43 INFO  : Embedded Template List generated successfully
12:43:43 INFO  : updated workspace path: 
12:48:43 INFO  : updated workspace path: 
12:48:43 INFO  : python3 /tools/Xilinx/Vitis/2023.1/data/embeddedsw-sdt/scripts/rigel_scripts//repo.py -st  /tools/Xilinx/Vitis/2023.1/data/embeddedsw-sdt
12:48:43 INFO  : python3 /tools/Xilinx/Vitis/2023.1/data/embeddedsw-sdt/scripts/rigel_scripts//repo.py -st   /tools/Xilinx/Vitis/2023.1/data/embeddedsw-sdt
12:48:43 INFO  : Successfully created repository data at /tmp/rigel_lopper_stanganini6860336617417992251
12:48:43 INFO  : python3 /tools/Xilinx/Vitis/2023.1/data/embeddedsw-sdt/scripts/rigel_scripts//get_template_data.py -d /tmp/rigel_lopper_stanganini6860336617417992251 -r /tmp/rigel_lopper_stanganini6860336617417992251/.repo.yaml
12:48:43 INFO  : Successfully created repository data at /tmp/rigel_lopper_stanganini14441898557834356566
12:48:43 INFO  : python3 /tools/Xilinx/Vitis/2023.1/data/embeddedsw-sdt/scripts/rigel_scripts//get_template_data.py -d /tmp/rigel_lopper_stanganini9528936979244451899 -r /tmp/rigel_lopper_stanganini14441898557834356566/.repo.yaml
12:48:44 INFO  : Embedded Template List generated successfully
12:48:44 INFO  : Embedded Template List generated successfully
12:48:44 INFO  : updated workspace path: 
