#-----------------------------------------------------------
# xsim v2023.1 (64-bit)
# SW Build 3865809 on Sun May  7 15:04:56 MDT 2023
# IP Build 3864474 on Sun May  7 20:36:21 MDT 2023
# SharedData Build 3865790 on Sun May 07 13:33:03 MDT 2023
# Start of session at: Tue Nov 21 21:39:11 2023
# Process ID: 370051
# Current directory: /home/stanganini/tesi_impl/Floating/.run/370000/hw_emu/device0/binary_0/behav_waveform/xsim
# Command line: xsim -log simulate.log -mode tcl -source {xsim.dir/pfm_top_wrapper_behav/xsim_script.tcl}
# Log file: /home/stanganini/tesi_impl/Floating/.run/370000/hw_emu/device0/binary_0/behav_waveform/xsim/simulate.log
# Journal file: /home/stanganini/tesi_impl/Floating/.run/370000/hw_emu/device0/binary_0/behav_waveform/xsim/xsim.jou
# Running On: u50, OS: Linux, CPU Frequency: 1200.000 MHz, CPU Physical cores: 20, Host memory: 135057 MB
#-----------------------------------------------------------
source xsim.dir/pfm_top_wrapper_behav/xsim_script.tcl
# xsim {pfm_top_wrapper_behav} -wdb {xilinx_u50_gen3x16_xdma_5_202210_1-0-vadd.wdb} -autoloadwcfg -tclbatch {pfm_top_wrapper.tcl} -key {Behavioral:sim_1:Functional:pfm_top_wrapper} -protoinst {protoinst_files/bd_f615.protoinst} -protoinst {protoinst_files/bd_4bfa.protoinst} -protoinst {protoinst_files/bd_2b97.protoinst} -protoinst {protoinst_files/bd_4688.protoinst} -protoinst {protoinst_files/bd_86d9.protoinst} -protoinst {protoinst_files/bd_8629.protoinst} -protoinst {protoinst_files/bd_4678.protoinst} -protoinst {protoinst_files/bd_d216.protoinst} -protoinst {protoinst_files/bd_763a.protoinst} -protoinst {protoinst_files/bd_7656.protoinst} -protoinst {protoinst_files/bd_5dca.protoinst} -protoinst {protoinst_files/pfm_dynamic.protoinst} -protoinst {protoinst_files/bd_387c.protoinst} -protoinst {protoinst_files/pfm_top.protoinst} -protoinst {./dr_behav.protoinst}

Warning: (W505) object already exists: .pfm_top_wrapper.pfm_top_i.pfm_dynamic_inst.System_DPA.dpa_hub.inst.s_aximm_wr_util. Latter declaration will be renamed to .pfm_top_wrapper.pfm_top_i.pfm_dynamic_inst.System_DPA.dpa_hub.inst.s_aximm_wr_util_0
In file: sc_object_manager.cpp:161

Warning: (W505) object already exists: .pfm_top_wrapper.pfm_top_i.pfm_dynamic_inst.System_DPA.dpa_mon0.inst.rd_mon.rd_skt. Latter declaration will be renamed to .pfm_top_wrapper.pfm_top_i.pfm_dynamic_inst.System_DPA.dpa_mon0.inst.rd_mon.rd_skt_0
In file: sc_object_manager.cpp:161

Warning: (W505) object already exists: .pfm_top_wrapper.pfm_top_i.pfm_dynamic_inst.System_DPA.dpa_mon0.inst.rd_mon.wr_skt. Latter declaration will be renamed to .pfm_top_wrapper.pfm_top_i.pfm_dynamic_inst.System_DPA.dpa_mon0.inst.rd_mon.wr_skt_0
In file: sc_object_manager.cpp:161
WARNING::[ XTLM::751 ] Deprecated.! Please instantiate Memory Manager with this pointer (sc_module pointer).

Info: (I804) /IEEE_Std_1666/deprecated: sc_sensitive_neg is deprecated use sc_sensitive << with neg() instead

Warning: (W505) object already exists: .pfm_top_wrapper.pfm_top_i.pfm_dynamic_inst.System_DPA.dpa_mon1.inst.rd_mon.rd_skt_0. Latter declaration will be renamed to .pfm_top_wrapper.pfm_top_i.pfm_dynamic_inst.System_DPA.dpa_mon1.inst.rd_mon.rd_skt_0_0
In file: sc_object_manager.cpp:161
WARNING::[ XTLM::751 ] Deprecated.! Please instantiate Memory Manager with this pointer (sc_module pointer).

Warning: (W505) object already exists: .pfm_top_wrapper.pfm_top_i.pfm_dynamic_inst.System_DPA.dpa_mon1.inst.wr_mon.wr_skt_0. Latter declaration will be renamed to .pfm_top_wrapper.pfm_top_i.pfm_dynamic_inst.System_DPA.dpa_mon1.inst.wr_mon.wr_skt_0_0
In file: sc_object_manager.cpp:161
WARNING::[ XTLM::751 ] Deprecated.! Please instantiate Memory Manager with this pointer (sc_module pointer).

Warning: (W505) object already exists: .pfm_top_wrapper.pfm_top_i.pfm_dynamic_inst.System_DPA.dpa_mon1.inst.mon_saxi_rd_socket_0. Latter declaration will be renamed to .pfm_top_wrapper.pfm_top_i.pfm_dynamic_inst.System_DPA.dpa_mon1.inst.mon_saxi_rd_socket_0_0
In file: sc_object_manager.cpp:161

Warning: (W505) object already exists: .pfm_top_wrapper.pfm_top_i.pfm_dynamic_inst.System_DPA.dpa_mon1.inst.mon_saxi_wr_socket_0. Latter declaration will be renamed to .pfm_top_wrapper.pfm_top_i.pfm_dynamic_inst.System_DPA.dpa_mon1.inst.mon_saxi_wr_socket_0_0
In file: sc_object_manager.cpp:161
WARNING::[ XTLM::751 ] Deprecated.! Please instantiate Memory Manager with this pointer (sc_module pointer).
WARNING::[ XTLM::751 ] Deprecated.! Please instantiate Memory Manager with this pointer (sc_module pointer).
WARNING::[ XTLM::751 ] Deprecated.! Please instantiate Memory Manager with this pointer (sc_module pointer).
WARNING::[ XTLM::751 ] Deprecated.! Please instantiate Memory Manager with this pointer (sc_module pointer).
WARNING::[ XTLM::751 ] Deprecated.! Please instantiate Memory Manager with this pointer (sc_module pointer).
WARNING::[ XTLM::751 ] Deprecated.! Please instantiate Memory Manager with this pointer (sc_module pointer).
WARNING::[ XTLM::751 ] Deprecated.! Please instantiate Memory Manager with this pointer (sc_module pointer).
WARNING::[ XTLM::751 ] Deprecated.! Please instantiate Memory Manager with this pointer (sc_module pointer).
WARNING::[ XTLM::751 ] Deprecated.! Please instantiate Memory Manager with this pointer (sc_module pointer).
WARNING::[ XTLM::751 ] Deprecated.! Please instantiate Memory Manager with this pointer (sc_module pointer).
WARNING::[ XTLM::751 ] Deprecated.! Please instantiate Memory Manager with this pointer (sc_module pointer).

Warning: (W570) attempt to use an empty process handle ignored: dont_initialize()
In file: sc_process_handle.h:290
WARNING::[ XTLM::751 ] Deprecated.! Please instantiate Memory Manager with this pointer (sc_module pointer).

Info: (I804) /IEEE_Std_1666/deprecated: sc_sensitive_pos is deprecated use sc_sensitive << with pos() instead

Info: (I804) /IEEE_Std_1666/deprecated: sc_object::get_parent() is deprecated, use get_parent_object() instead
INFO: [Wavedata 42-565] Reading protoinst file protoinst_files/bd_f615.protoinst
WARNING: [Wavedata 42-558] Couldn't load one or more protocol instances from protoinst file protoinst_files/bd_f615.protoinst for the following reason(s):
There are no instances of module "bd_f615" in the design.

INFO: [Wavedata 42-565] Reading protoinst file protoinst_files/bd_4bfa.protoinst
WARNING: [Wavedata 42-558] Couldn't load one or more protocol instances from protoinst file protoinst_files/bd_4bfa.protoinst for the following reason(s):
There are no instances of module "bd_4bfa" in the design.

INFO: [Wavedata 42-565] Reading protoinst file protoinst_files/bd_2b97.protoinst
WARNING: [Wavedata 42-558] Couldn't load one or more protocol instances from protoinst file protoinst_files/bd_2b97.protoinst for the following reason(s):
There are no instances of module "bd_2b97" in the design.

INFO: [Wavedata 42-565] Reading protoinst file protoinst_files/bd_4688.protoinst
WARNING: [Wavedata 42-558] Couldn't load one or more protocol instances from protoinst file protoinst_files/bd_4688.protoinst for the following reason(s):
There are no instances of module "bd_4688" in the design.

INFO: [Wavedata 42-565] Reading protoinst file protoinst_files/bd_86d9.protoinst
WARNING: [Wavedata 42-558] Couldn't load one or more protocol instances from protoinst file protoinst_files/bd_86d9.protoinst for the following reason(s):
There are no instances of module "bd_86d9" in the design.

INFO: [Wavedata 42-565] Reading protoinst file protoinst_files/bd_8629.protoinst
WARNING: [Wavedata 42-558] Couldn't load one or more protocol instances from protoinst file protoinst_files/bd_8629.protoinst for the following reason(s):
There are no instances of module "bd_8629" in the design.

INFO: [Wavedata 42-565] Reading protoinst file protoinst_files/bd_4678.protoinst
WARNING: [Wavedata 42-558] Couldn't load one or more protocol instances from protoinst file protoinst_files/bd_4678.protoinst for the following reason(s):
There are no instances of module "bd_4678" in the design.

INFO: [Wavedata 42-565] Reading protoinst file protoinst_files/bd_d216.protoinst
INFO: [Wavedata 42-564]   Found protocol instance at /pfm_top_wrapper/pfm_top_i/pfm_dynamic_inst/memory_subsystem/inst//interconnect/M00_AXI
INFO: [Wavedata 42-564]   Found protocol instance at /pfm_top_wrapper/pfm_top_i/pfm_dynamic_inst/memory_subsystem/inst//interconnect/M00_AXI1
INFO: [Wavedata 42-564]   Found protocol instance at /pfm_top_wrapper/pfm_top_i/pfm_dynamic_inst/memory_subsystem/inst//interconnect/M00_AXI2
INFO: [Wavedata 42-564]   Found protocol instance at /pfm_top_wrapper/pfm_top_i/pfm_dynamic_inst/memory_subsystem/inst//interconnect/M00_AXI3
INFO: [Wavedata 42-564]   Found protocol instance at /pfm_top_wrapper/pfm_top_i/pfm_dynamic_inst/memory_subsystem/inst//interconnect/M00_AXI4
INFO: [Wavedata 42-564]   Found protocol instance at /pfm_top_wrapper/pfm_top_i/pfm_dynamic_inst/memory_subsystem/inst//interconnect/S00_AXI
INFO: [Wavedata 42-564]   Found protocol instance at /pfm_top_wrapper/pfm_top_i/pfm_dynamic_inst/memory_subsystem/inst//interconnect/interconnect_m00_axi_mem00/M00_AXI
INFO: [Wavedata 42-564]   Found protocol instance at /pfm_top_wrapper/pfm_top_i/pfm_dynamic_inst/memory_subsystem/inst//interconnect/interconnect_m00_axi_mem00/S00_AXI
INFO: [Wavedata 42-564]   Found protocol instance at /pfm_top_wrapper/pfm_top_i/pfm_dynamic_inst/memory_subsystem/inst//interconnect/interconnect_plram_mem00/M00_AXI
INFO: [Wavedata 42-564]   Found protocol instance at /pfm_top_wrapper/pfm_top_i/pfm_dynamic_inst/memory_subsystem/inst//interconnect/interconnect_plram_mem00/S00_AXI
INFO: [Wavedata 42-564]   Found protocol instance at /pfm_top_wrapper/pfm_top_i/pfm_dynamic_inst/memory_subsystem/inst//interconnect/interconnect_plram_mem01/M00_AXI
INFO: [Wavedata 42-564]   Found protocol instance at /pfm_top_wrapper/pfm_top_i/pfm_dynamic_inst/memory_subsystem/inst//interconnect/interconnect_plram_mem01/S00_AXI
INFO: [Wavedata 42-564]   Found protocol instance at /pfm_top_wrapper/pfm_top_i/pfm_dynamic_inst/memory_subsystem/inst//interconnect/interconnect_plram_mem02/M00_AXI
INFO: [Wavedata 42-564]   Found protocol instance at /pfm_top_wrapper/pfm_top_i/pfm_dynamic_inst/memory_subsystem/inst//interconnect/interconnect_plram_mem02/S00_AXI
INFO: [Wavedata 42-564]   Found protocol instance at /pfm_top_wrapper/pfm_top_i/pfm_dynamic_inst/memory_subsystem/inst//interconnect/interconnect_plram_mem03/M00_AXI
INFO: [Wavedata 42-564]   Found protocol instance at /pfm_top_wrapper/pfm_top_i/pfm_dynamic_inst/memory_subsystem/inst//interconnect/interconnect_plram_mem03/S00_AXI
INFO: [Wavedata 42-564]   Found protocol instance at /pfm_top_wrapper/pfm_top_i/pfm_dynamic_inst/memory_subsystem/inst//interconnect/interconnect_s00_axi/M00_AXI
INFO: [Wavedata 42-564]   Found protocol instance at /pfm_top_wrapper/pfm_top_i/pfm_dynamic_inst/memory_subsystem/inst//interconnect/interconnect_s00_axi/M01_AXI
INFO: [Wavedata 42-564]   Found protocol instance at /pfm_top_wrapper/pfm_top_i/pfm_dynamic_inst/memory_subsystem/inst//interconnect/interconnect_s00_axi/M02_AXI
INFO: [Wavedata 42-564]   Found protocol instance at /pfm_top_wrapper/pfm_top_i/pfm_dynamic_inst/memory_subsystem/inst//interconnect/interconnect_s00_axi/M03_AXI
INFO: [Wavedata 42-564]   Found protocol instance at /pfm_top_wrapper/pfm_top_i/pfm_dynamic_inst/memory_subsystem/inst//interconnect/interconnect_s00_axi/M04_AXI
INFO: [Wavedata 42-564]   Found protocol instance at /pfm_top_wrapper/pfm_top_i/pfm_dynamic_inst/memory_subsystem/inst//interconnect/interconnect_s00_axi/S00_AXI
INFO: [Wavedata 42-564]   Found protocol instance at /pfm_top_wrapper/pfm_top_i/pfm_dynamic_inst/memory_subsystem/inst//interconnect/rs_m00_axi/M_AXI
INFO: [Wavedata 42-564]   Found protocol instance at /pfm_top_wrapper/pfm_top_i/pfm_dynamic_inst/memory_subsystem/inst//interconnect/rs_m00_axi/S_AXI
INFO: [Wavedata 42-564]   Found protocol instance at /pfm_top_wrapper/pfm_top_i/pfm_dynamic_inst/memory_subsystem/inst//memory/S_AXI
INFO: [Wavedata 42-564]   Found protocol instance at /pfm_top_wrapper/pfm_top_i/pfm_dynamic_inst/memory_subsystem/inst//memory/S_AXI1
INFO: [Wavedata 42-564]   Found protocol instance at /pfm_top_wrapper/pfm_top_i/pfm_dynamic_inst/memory_subsystem/inst//memory/S_AXI2
INFO: [Wavedata 42-564]   Found protocol instance at /pfm_top_wrapper/pfm_top_i/pfm_dynamic_inst/memory_subsystem/inst//memory/S_AXI3
INFO: [Wavedata 42-564]   Found protocol instance at /pfm_top_wrapper/pfm_top_i/pfm_dynamic_inst/memory_subsystem/inst//memory/plram_mem00/S_AXI
INFO: [Wavedata 42-564]   Found protocol instance at /pfm_top_wrapper/pfm_top_i/pfm_dynamic_inst/memory_subsystem/inst//memory/plram_mem01/S_AXI
INFO: [Wavedata 42-564]   Found protocol instance at /pfm_top_wrapper/pfm_top_i/pfm_dynamic_inst/memory_subsystem/inst//memory/plram_mem02/S_AXI
INFO: [Wavedata 42-564]   Found protocol instance at /pfm_top_wrapper/pfm_top_i/pfm_dynamic_inst/memory_subsystem/inst//memory/plram_mem03/S_AXI
INFO: [Wavedata 42-565] Reading protoinst file protoinst_files/bd_763a.protoinst
WARNING: [Wavedata 42-558] Couldn't load one or more protocol instances from protoinst file protoinst_files/bd_763a.protoinst for the following reason(s):
There are no instances of module "bd_763a" in the design.

INFO: [Wavedata 42-565] Reading protoinst file protoinst_files/bd_7656.protoinst
WARNING: [Wavedata 42-558] Couldn't load one or more protocol instances from protoinst file protoinst_files/bd_7656.protoinst for the following reason(s):
There are no instances of module "bd_7656" in the design.

INFO: [Wavedata 42-565] Reading protoinst file protoinst_files/bd_5dca.protoinst
INFO: [Wavedata 42-564]   Found protocol instance at /pfm_top_wrapper/pfm_top_i/pfm_dynamic_inst/hmss_0/inst//axi_apb_bridge_inst/AXI4_LITE
INFO: [Wavedata 42-564]   Found protocol instance at /pfm_top_wrapper/pfm_top_i/pfm_dynamic_inst/hmss_0/inst//hbm_inst/SAXI_00
INFO: [Wavedata 42-564]   Found protocol instance at /pfm_top_wrapper/pfm_top_i/pfm_dynamic_inst/hmss_0/inst//hbm_inst/SAXI_01
INFO: [Wavedata 42-564]   Found protocol instance at /pfm_top_wrapper/pfm_top_i/pfm_dynamic_inst/hmss_0/inst//path_0/M_AXI
INFO: [Wavedata 42-564]   Found protocol instance at /pfm_top_wrapper/pfm_top_i/pfm_dynamic_inst/hmss_0/inst//path_0/S01_AXI
INFO: [Wavedata 42-564]   Found protocol instance at /pfm_top_wrapper/pfm_top_i/pfm_dynamic_inst/hmss_0/inst//path_0/interconnect1_0/M00_AXI
INFO: [Wavedata 42-564]   Found protocol instance at /pfm_top_wrapper/pfm_top_i/pfm_dynamic_inst/hmss_0/inst//path_0/interconnect1_0/S00_AXI
INFO: [Wavedata 42-564]   Found protocol instance at /pfm_top_wrapper/pfm_top_i/pfm_dynamic_inst/hmss_0/inst//path_0/slice1_0/M_AXI
INFO: [Wavedata 42-564]   Found protocol instance at /pfm_top_wrapper/pfm_top_i/pfm_dynamic_inst/hmss_0/inst//path_0/slice1_0/S_AXI
INFO: [Wavedata 42-564]   Found protocol instance at /pfm_top_wrapper/pfm_top_i/pfm_dynamic_inst/hmss_0/inst//path_1/M_AXI
INFO: [Wavedata 42-564]   Found protocol instance at /pfm_top_wrapper/pfm_top_i/pfm_dynamic_inst/hmss_0/inst//path_1/S00_AXI
INFO: [Wavedata 42-564]   Found protocol instance at /pfm_top_wrapper/pfm_top_i/pfm_dynamic_inst/hmss_0/inst//path_1/interconnect0_1/M00_AXI
INFO: [Wavedata 42-564]   Found protocol instance at /pfm_top_wrapper/pfm_top_i/pfm_dynamic_inst/hmss_0/inst//path_1/interconnect0_1/S00_AXI
INFO: [Wavedata 42-564]   Found protocol instance at /pfm_top_wrapper/pfm_top_i/pfm_dynamic_inst/hmss_0/inst//path_1/slice0_1/M_AXI
INFO: [Wavedata 42-564]   Found protocol instance at /pfm_top_wrapper/pfm_top_i/pfm_dynamic_inst/hmss_0/inst//path_1/slice0_1/S_AXI
INFO: [Wavedata 42-564]   Found protocol instance at /pfm_top_wrapper/pfm_top_i/pfm_dynamic_inst/hmss_0/inst//vip_S00/M_AXI
INFO: [Wavedata 42-564]   Found protocol instance at /pfm_top_wrapper/pfm_top_i/pfm_dynamic_inst/hmss_0/inst//vip_S00/S_AXI
INFO: [Wavedata 42-564]   Found protocol instance at /pfm_top_wrapper/pfm_top_i/pfm_dynamic_inst/hmss_0/inst//vip_S01/M_AXI
INFO: [Wavedata 42-564]   Found protocol instance at /pfm_top_wrapper/pfm_top_i/pfm_dynamic_inst/hmss_0/inst//vip_S01/S_AXI
INFO: [Wavedata 42-565] Reading protoinst file protoinst_files/pfm_dynamic.protoinst
INFO: [Wavedata 42-564]   Found protocol instance at /pfm_top_wrapper/pfm_top_i/pfm_dynamic_inst//System_DPA/S00_AXI
INFO: [Wavedata 42-564]   Found protocol instance at /pfm_top_wrapper/pfm_top_i/pfm_dynamic_inst//System_DPA/S_AXIMM
INFO: [Wavedata 42-564]   Found protocol instance at /pfm_top_wrapper/pfm_top_i/pfm_dynamic_inst//System_DPA/dpa_ctrl_interconnect/M00_AXI
INFO: [Wavedata 42-564]   Found protocol instance at /pfm_top_wrapper/pfm_top_i/pfm_dynamic_inst//System_DPA/dpa_ctrl_interconnect/M01_AXI
INFO: [Wavedata 42-564]   Found protocol instance at /pfm_top_wrapper/pfm_top_i/pfm_dynamic_inst//System_DPA/dpa_ctrl_interconnect/M02_AXI
INFO: [Wavedata 42-564]   Found protocol instance at /pfm_top_wrapper/pfm_top_i/pfm_dynamic_inst//System_DPA/dpa_ctrl_interconnect/M03_AXI
INFO: [Wavedata 42-564]   Found protocol instance at /pfm_top_wrapper/pfm_top_i/pfm_dynamic_inst//System_DPA/dpa_ctrl_interconnect/S00_AXI
INFO: [Wavedata 42-564]   Found protocol instance at /pfm_top_wrapper/pfm_top_i/pfm_dynamic_inst//System_DPA/dpa_ctrl_interconnect/m00_couplers/M_AXI
INFO: [Wavedata 42-564]   Found protocol instance at /pfm_top_wrapper/pfm_top_i/pfm_dynamic_inst//System_DPA/dpa_ctrl_interconnect/m00_couplers/S_AXI
INFO: [Wavedata 42-564]   Found protocol instance at /pfm_top_wrapper/pfm_top_i/pfm_dynamic_inst//System_DPA/dpa_ctrl_interconnect/m00_couplers/auto_cc/M_AXI
INFO: [Wavedata 42-564]   Found protocol instance at /pfm_top_wrapper/pfm_top_i/pfm_dynamic_inst//System_DPA/dpa_ctrl_interconnect/m00_couplers/auto_cc/S_AXI
INFO: [Wavedata 42-564]   Found protocol instance at /pfm_top_wrapper/pfm_top_i/pfm_dynamic_inst//System_DPA/dpa_ctrl_interconnect/m00_couplers/m00_regslice/M_AXI
INFO: [Wavedata 42-564]   Found protocol instance at /pfm_top_wrapper/pfm_top_i/pfm_dynamic_inst//System_DPA/dpa_ctrl_interconnect/m00_couplers/m00_regslice/S_AXI
INFO: [Wavedata 42-564]   Found protocol instance at /pfm_top_wrapper/pfm_top_i/pfm_dynamic_inst//System_DPA/dpa_ctrl_interconnect/m01_couplers/M_AXI
INFO: [Wavedata 42-564]   Found protocol instance at /pfm_top_wrapper/pfm_top_i/pfm_dynamic_inst//System_DPA/dpa_ctrl_interconnect/m01_couplers/S_AXI
INFO: [Wavedata 42-564]   Found protocol instance at /pfm_top_wrapper/pfm_top_i/pfm_dynamic_inst//System_DPA/dpa_ctrl_interconnect/m01_couplers/auto_cc/M_AXI
INFO: [Wavedata 42-564]   Found protocol instance at /pfm_top_wrapper/pfm_top_i/pfm_dynamic_inst//System_DPA/dpa_ctrl_interconnect/m01_couplers/auto_cc/S_AXI
INFO: [Wavedata 42-564]   Found protocol instance at /pfm_top_wrapper/pfm_top_i/pfm_dynamic_inst//System_DPA/dpa_ctrl_interconnect/m01_couplers/m01_regslice/M_AXI
INFO: [Wavedata 42-564]   Found protocol instance at /pfm_top_wrapper/pfm_top_i/pfm_dynamic_inst//System_DPA/dpa_ctrl_interconnect/m01_couplers/m01_regslice/S_AXI
INFO: [Wavedata 42-564]   Found protocol instance at /pfm_top_wrapper/pfm_top_i/pfm_dynamic_inst//System_DPA/dpa_ctrl_interconnect/m02_couplers/M_AXI
INFO: [Wavedata 42-564]   Found protocol instance at /pfm_top_wrapper/pfm_top_i/pfm_dynamic_inst//System_DPA/dpa_ctrl_interconnect/m02_couplers/S_AXI
INFO: [Wavedata 42-564]   Found protocol instance at /pfm_top_wrapper/pfm_top_i/pfm_dynamic_inst//System_DPA/dpa_ctrl_interconnect/m02_couplers/auto_cc/M_AXI
INFO: [Wavedata 42-564]   Found protocol instance at /pfm_top_wrapper/pfm_top_i/pfm_dynamic_inst//System_DPA/dpa_ctrl_interconnect/m02_couplers/auto_cc/S_AXI
INFO: [Wavedata 42-564]   Found protocol instance at /pfm_top_wrapper/pfm_top_i/pfm_dynamic_inst//System_DPA/dpa_ctrl_interconnect/m02_couplers/m02_regslice/M_AXI
INFO: [Wavedata 42-564]   Found protocol instance at /pfm_top_wrapper/pfm_top_i/pfm_dynamic_inst//System_DPA/dpa_ctrl_interconnect/m02_couplers/m02_regslice/S_AXI
INFO: [Wavedata 42-564]   Found protocol instance at /pfm_top_wrapper/pfm_top_i/pfm_dynamic_inst//System_DPA/dpa_ctrl_interconnect/m03_couplers/M_AXI
INFO: [Wavedata 42-564]   Found protocol instance at /pfm_top_wrapper/pfm_top_i/pfm_dynamic_inst//System_DPA/dpa_ctrl_interconnect/m03_couplers/S_AXI
INFO: [Wavedata 42-564]   Found protocol instance at /pfm_top_wrapper/pfm_top_i/pfm_dynamic_inst//System_DPA/dpa_ctrl_interconnect/m03_couplers/auto_cc/M_AXI
INFO: [Wavedata 42-564]   Found protocol instance at /pfm_top_wrapper/pfm_top_i/pfm_dynamic_inst//System_DPA/dpa_ctrl_interconnect/m03_couplers/auto_cc/S_AXI
INFO: [Wavedata 42-564]   Found protocol instance at /pfm_top_wrapper/pfm_top_i/pfm_dynamic_inst//System_DPA/dpa_ctrl_interconnect/m03_couplers/m03_regslice/M_AXI
INFO: [Wavedata 42-564]   Found protocol instance at /pfm_top_wrapper/pfm_top_i/pfm_dynamic_inst//System_DPA/dpa_ctrl_interconnect/m03_couplers/m03_regslice/S_AXI
INFO: [Wavedata 42-564]   Found protocol instance at /pfm_top_wrapper/pfm_top_i/pfm_dynamic_inst//System_DPA/dpa_ctrl_interconnect/s00_couplers/M_AXI
INFO: [Wavedata 42-564]   Found protocol instance at /pfm_top_wrapper/pfm_top_i/pfm_dynamic_inst//System_DPA/dpa_ctrl_interconnect/s00_couplers/S_AXI
INFO: [Wavedata 42-564]   Found protocol instance at /pfm_top_wrapper/pfm_top_i/pfm_dynamic_inst//System_DPA/dpa_ctrl_interconnect/s00_couplers/s00_regslice/M_AXI
INFO: [Wavedata 42-564]   Found protocol instance at /pfm_top_wrapper/pfm_top_i/pfm_dynamic_inst//System_DPA/dpa_ctrl_interconnect/s00_couplers/s00_regslice/S_AXI
INFO: [Wavedata 42-564]   Found protocol instance at /pfm_top_wrapper/pfm_top_i/pfm_dynamic_inst//System_DPA/dpa_ctrl_interconnect/xbar/M00_AXI
INFO: [Wavedata 42-564]   Found protocol instance at /pfm_top_wrapper/pfm_top_i/pfm_dynamic_inst//System_DPA/dpa_ctrl_interconnect/xbar/M01_AXI
INFO: [Wavedata 42-564]   Found protocol instance at /pfm_top_wrapper/pfm_top_i/pfm_dynamic_inst//System_DPA/dpa_ctrl_interconnect/xbar/M02_AXI
INFO: [Wavedata 42-564]   Found protocol instance at /pfm_top_wrapper/pfm_top_i/pfm_dynamic_inst//System_DPA/dpa_ctrl_interconnect/xbar/M03_AXI
INFO: [Wavedata 42-564]   Found protocol instance at /pfm_top_wrapper/pfm_top_i/pfm_dynamic_inst//System_DPA/dpa_ctrl_interconnect/xbar/S00_AXI
INFO: [Wavedata 42-564]   Found protocol instance at /pfm_top_wrapper/pfm_top_i/pfm_dynamic_inst//System_DPA/dpa_hub/S_AXIFIFO
INFO: [Wavedata 42-564]   Found protocol instance at /pfm_top_wrapper/pfm_top_i/pfm_dynamic_inst//System_DPA/dpa_hub/S_AXIHUB
INFO: [Wavedata 42-564]   Found protocol instance at /pfm_top_wrapper/pfm_top_i/pfm_dynamic_inst//System_DPA/dpa_hub/S_AXIMM
INFO: [Wavedata 42-564]   Found protocol instance at /pfm_top_wrapper/pfm_top_i/pfm_dynamic_inst//System_DPA/dpa_hub/TRACE_IN_0
INFO: [Wavedata 42-564]   Found protocol instance at /pfm_top_wrapper/pfm_top_i/pfm_dynamic_inst//System_DPA/dpa_hub/TRACE_IN_1
INFO: [Wavedata 42-564]   Found protocol instance at /pfm_top_wrapper/pfm_top_i/pfm_dynamic_inst//System_DPA/dpa_hub/TRACE_IN_2
INFO: [Wavedata 42-564]   Found protocol instance at /pfm_top_wrapper/pfm_top_i/pfm_dynamic_inst//System_DPA/dpa_mon0/S_AXI
INFO: [Wavedata 42-564]   Found protocol instance at /pfm_top_wrapper/pfm_top_i/pfm_dynamic_inst//System_DPA/dpa_mon0/TRACE_OUT
INFO: [Wavedata 42-564]   Found protocol instance at /pfm_top_wrapper/pfm_top_i/pfm_dynamic_inst//System_DPA/dpa_mon1/S_AXI
INFO: [Common 17-14] Message 'Wavedata 42-564' appears 100 times and further instances of the messages will be disabled. Use the Tcl command set_msg_config to change the current settings.
INFO: [Wavedata 42-565] Reading protoinst file protoinst_files/bd_387c.protoinst
WARNING: [Wavedata 42-558] Couldn't load one or more protocol instances from protoinst file protoinst_files/bd_387c.protoinst for the following reason(s):
There are no instances of module "bd_387c" in the design.

INFO: [Wavedata 42-565] Reading protoinst file protoinst_files/pfm_top.protoinst
INFO: [Wavedata 42-565] Reading protoinst file ./dr_behav.protoinst
Time resolution is 1 ps
source pfm_top_wrapper.tcl
## set curr_wave [current_wave_config]
## if { [string length $curr_wave] == 0 } {
##   if { [llength [get_objects]] > 0} {
##     add_wave /
##     set_property needs_save false [current_wave_config]
##   } else {
##      send_msg_id Add_Wave-1 WARNING "No top level signals found. Simulator will start without a wave window. If you want to open a wave window go to 'File->New Waveform Configuration' or type 'create_wave_config' in the TCL console."
##   }
## }
WARNING: [Simtcl 6-168] No object found for the given pattern.
WARNING: [Add_Wave-1] No top level signals found. Simulator will start without a wave window. If you want to open a wave window go to 'File->New Waveform Configuration' or type 'create_wave_config' in the TCL console.
## if { [file exists vitis_params.tcl] } {
##   source vitis_params.tcl
## }
## if { [info exists ::env(USER_PRE_SIM_SCRIPT)] } {
##   if { [catch {source $::env(USER_PRE_SIM_SCRIPT)} msg] } {
##     puts $msg
##   }
## }
## if { [info exists ::env(VITIS_WAVEFORM)] } {
##   if { [file exists $::env(VITIS_WAVEFORM)] == 1} {
##     open_wave_config $::env(VITIS_WAVEFORM)
##   }
## }
## if { [file exists pre_sim_tool_scripts.tcl] } {
##   source pre_sim_tool_scripts.tcl
## }
### if { [file exists preprocess_profile.tcl] } {
###   if { [catch {source -notrace preprocess_profile.tcl} msg] } {
###     puts $msg 
###   }
### }
### if { [info exists ::env(XILINX_SC_HW_EMU)] } {
###   source $::env(XILINX_VITIS)/system_compiler/examples/sc_hw_emu_pre_xsim.tcl
### }
## puts "We are running simulator for infinite time. Added some default signals in the waveform. You can pause simulation and add signals and then resume the simulaion again."
We are running simulator for infinite time. Added some default signals in the waveform. You can pause simulation and add signals and then resume the simulaion again.
## puts ""

## puts "Stopping at breakpoint in simulator also stops the host code execution"
Stopping at breakpoint in simulator also stops the host code execution
## puts ""

## if { [info exists ::env(VITIS_LAUNCH_WAVEFORM_GUI) ] } {
##   run 1ns
## } else {
##   run all
## }
Block Memory Generator module pfm_top_wrapper.pfm_top_i.pfm_dynamic_inst.memory_subsystem.inst.memory.plram_mem00_bram.inst.\native_mem_mapped_module.blk_mem_gen_v8_4_6_inst  is using a behavioral model for simulation which will not precisely model memory collision behavior.
Block Memory Generator module pfm_top_wrapper.pfm_top_i.pfm_dynamic_inst.memory_subsystem.inst.memory.plram_mem01_bram.inst.\native_mem_mapped_module.blk_mem_gen_v8_4_6_inst  is using a behavioral model for simulation which will not precisely model memory collision behavior.
Block Memory Generator module pfm_top_wrapper.pfm_top_i.pfm_dynamic_inst.memory_subsystem.inst.memory.plram_mem02_bram.inst.\native_mem_mapped_module.blk_mem_gen_v8_4_6_inst  is using a behavioral model for simulation which will not precisely model memory collision behavior.
Block Memory Generator module pfm_top_wrapper.pfm_top_i.pfm_dynamic_inst.memory_subsystem.inst.memory.plram_mem03_bram.inst.\native_mem_mapped_module.blk_mem_gen_v8_4_6_inst  is using a behavioral model for simulation which will not precisely model memory collision behavior.
-> v30 setup
slot_size=0x1000
num_slots=16
num_slot_masks=1
num_cus=3
num_cu_masks=1
cu_offset=16
cu_base_address=0x0
cq_int_enabled=0
mb_host_int_enabled=0
dataflow_enabled=0
kds_30=0
dmsg=0
echo=0
polling=1
cu interrupt mask : cannot convert
<- setup
-->configure_mb
configure cmd found in slot(0)
features=0x0001
cu(0) addr(0x1c050000) handshake(0x0) encodedaddr(0x1c050000)
-> v30 setup
slot_size=0x1000
num_slots=16
num_slot_masks=1
num_cus=1
num_cu_masks=1
cu_offset=16
cu_base_address=0x1c050000
cq_int_enabled=0
mb_host_int_enabled=1
dataflow_enabled=0
kds_30=0
dmsg=0
echo=0
polling=0
cu interrupt mask : cannot convert
<- setup
slot(0) [running -> free]
<--configure_mb
Warning: OPMODE Input Warning : The OPMODE 001XXXX with CARRYINSEL  000 to DSP48E1 instance is invalid.
Time: 95067343 ps  Iteration: 12  Process: /pfm_top_wrapper/pfm_top_i/pfm_dynamic_inst/vadd_1/inst/grp_vadd_Pipeline_VITIS_LOOP_553_5_fu_270/grp_run_instruction_fu_78/grp_add_Check_Overflow_fu_2301/dadd_64ns_64ns_64_8_full_dsp_0_U18/vadd_dadd_64ns_64ns_64_8_full_dsp_0_ip_u/inst/i_synth/addsub_op/ADDSUB/logic_speed/OP/ALIGN_BLK/FRAC_ADDSUB/dsp_add/FRAC_ADDSUB/i_no_versal_es1_workaround/dsp48e1_add/DSP48E1_ADD/i_no_versal_es1_workaround/DSP/prcs_opmode_drc  File: /tools/Xilinx/Vivado/2023.1/data/vhdl/src/unisims/primitive/DSP48E1.vhd
Warning: OPMODE Input Warning : The OPMODE 001XXXX with CARRYINSEL  000 to DSP48E1 instance is invalid.
Time: 95254047 ps  Iteration: 12  Process: /pfm_top_wrapper/pfm_top_i/pfm_dynamic_inst/vadd_1/inst/grp_vadd_Pipeline_VITIS_LOOP_553_5_fu_270/grp_run_instruction_fu_78/grp_add_Check_Overflow_fu_2301/dadd_64ns_64ns_64_8_full_dsp_0_U18/vadd_dadd_64ns_64ns_64_8_full_dsp_0_ip_u/inst/i_synth/addsub_op/ADDSUB/logic_speed/OP/ALIGN_BLK/FRAC_ADDSUB/dsp_add/FRAC_ADDSUB/i_no_versal_es1_workaround/dsp48e1_add/DSP48E1_ADD/i_no_versal_es1_workaround/DSP/prcs_opmode_drc  File: /tools/Xilinx/Vivado/2023.1/data/vhdl/src/unisims/primitive/DSP48E1.vhd
Warning: OPMODE Input Warning : The OPMODE 001XXXX with CARRYINSEL  000 to DSP48E1 instance is invalid.
Time: 95347399 ps  Iteration: 11  Process: /pfm_top_wrapper/pfm_top_i/pfm_dynamic_inst/vadd_1/inst/grp_vadd_Pipeline_VITIS_LOOP_553_5_fu_270/grp_run_instruction_fu_78/grp_add_Check_Overflow_fu_2301/dadd_64ns_64ns_64_8_full_dsp_0_U18/vadd_dadd_64ns_64ns_64_8_full_dsp_0_ip_u/inst/i_synth/addsub_op/ADDSUB/logic_speed/OP/ALIGN_BLK/FRAC_ADDSUB/dsp_add/FRAC_ADDSUB/i_no_versal_es1_workaround/dsp48e1_add/DSP48E1_ADD/i_no_versal_es1_workaround/DSP/prcs_opmode_drc  File: /tools/Xilinx/Vivado/2023.1/data/vhdl/src/unisims/primitive/DSP48E1.vhd
Warning: OPMODE Input Warning : The OPMODE 001XXXX with CARRYINSEL  000 to DSP48E1 instance is invalid.
Time: 95534103 ps  Iteration: 12  Process: /pfm_top_wrapper/pfm_top_i/pfm_dynamic_inst/vadd_1/inst/grp_vadd_Pipeline_VITIS_LOOP_553_5_fu_270/grp_run_instruction_fu_78/grp_add_Check_Overflow_fu_2301/dadd_64ns_64ns_64_8_full_dsp_0_U18/vadd_dadd_64ns_64ns_64_8_full_dsp_0_ip_u/inst/i_synth/addsub_op/ADDSUB/logic_speed/OP/ALIGN_BLK/FRAC_ADDSUB/dsp_add/FRAC_ADDSUB/i_no_versal_es1_workaround/dsp48e1_add/DSP48E1_ADD/i_no_versal_es1_workaround/DSP/prcs_opmode_drc  File: /tools/Xilinx/Vivado/2023.1/data/vhdl/src/unisims/primitive/DSP48E1.vhd
$stop called at time : 100008431 ps
run: Time (s): cpu = 00:00:05 ; elapsed = 00:00:11 . Memory (MB): peak = 4333.082 ; gain = 0.000 ; free physical = 58915 ; free virtual = 115626
## if { [file exists post_sim_tool_scripts.tcl] } {
##   source post_sim_tool_scripts.tcl
## }
### if { [file exists profile.tcl] } {
###   if { [catch {source -notrace profile.tcl } msg] } {
###     puts $msg
###   }
### }
Waiting for protocol analyzers to complete...
Done!
Unable to find signal: /pfm_top_wrapper/pfm_top_i/pfm_dynamic_inst/vadd_1/inst//grp_vadd_Pipeline_VITIS_LOOP_535_1_fu_243/grp_vadd_Pipeline_VITIS_LOOP_535_1_fu_243.dataflowTxWaveData.OutStanding
Unable to find signal: /pfm_top_wrapper/pfm_top_i/pfm_dynamic_inst/vadd_1/inst//grp_vadd_Pipeline_VITIS_LOOP_535_1_fu_243/grp_vadd_Pipeline_VITIS_LOOP_535_1_fu_243.iterationsWave_0
Unable to find signal: /pfm_top_wrapper/pfm_top_i/pfm_dynamic_inst/vadd_1/inst//grp_vadd_Pipeline_VITIS_LOOP_535_1_fu_243/grp_vadd_Pipeline_VITIS_LOOP_535_1_fu_243.iterationsWave_1
Unable to find signal: /pfm_top_wrapper/pfm_top_i/pfm_dynamic_inst/vadd_1/inst//grp_vadd_Pipeline_VITIS_LOOP_535_1_fu_243/grp_vadd_Pipeline_VITIS_LOOP_535_1_fu_243.iterationsWave_2
Unable to find signal: /pfm_top_wrapper/pfm_top_i/pfm_dynamic_inst/vadd_1/inst//grp_vadd_Pipeline_VITIS_LOOP_535_1_fu_243/grp_vadd_Pipeline_VITIS_LOOP_535_1_fu_243.iterationsWave_3
Unable to find signal: /pfm_top_wrapper/pfm_top_i/pfm_dynamic_inst/vadd_1/inst//grp_vadd_Pipeline_VITIS_LOOP_535_1_fu_243/grp_vadd_Pipeline_VITIS_LOOP_535_1_fu_243.iterationsWave_4
Unable to find signal: /pfm_top_wrapper/pfm_top_i/pfm_dynamic_inst/vadd_1/inst//grp_vadd_Pipeline_VITIS_LOOP_535_1_fu_243/grp_vadd_Pipeline_VITIS_LOOP_535_1_fu_243.iterationsWave_5
Unable to find signal: /pfm_top_wrapper/pfm_top_i/pfm_dynamic_inst/vadd_1/inst//grp_vadd_Pipeline_VITIS_LOOP_535_1_fu_243/grp_vadd_Pipeline_VITIS_LOOP_535_1_fu_243.iterationsWave_6
Unable to find signal: /pfm_top_wrapper/pfm_top_i/pfm_dynamic_inst/vadd_1/inst//grp_vadd_Pipeline_VITIS_LOOP_535_1_fu_243/grp_vadd_Pipeline_VITIS_LOOP_535_1_fu_243.iterationsWave_7
Unable to find signal: /pfm_top_wrapper/pfm_top_i/pfm_dynamic_inst/vadd_1/inst//grp_vadd_Pipeline_VITIS_LOOP_535_1_fu_243/grp_vadd_Pipeline_VITIS_LOOP_535_1_fu_243.iterationsWave_8
Unable to find signal: /pfm_top_wrapper/pfm_top_i/pfm_dynamic_inst/vadd_1/inst//grp_vadd_Pipeline_VITIS_LOOP_535_1_fu_243/grp_vadd_Pipeline_VITIS_LOOP_535_1_fu_243.iterationsWave_9
Unable to find signal: /pfm_top_wrapper/pfm_top_i/pfm_dynamic_inst/vadd_1/inst//grp_vadd_Pipeline_VITIS_LOOP_535_1_fu_243/grp_vadd_Pipeline_VITIS_LOOP_535_1_fu_243.iterationsWave_10
Unable to find signal: /pfm_top_wrapper/pfm_top_i/pfm_dynamic_inst/vadd_1/inst//grp_vadd_Pipeline_VITIS_LOOP_535_1_fu_243/grp_vadd_Pipeline_VITIS_LOOP_535_1_fu_243.iterationsWave_11
Unable to find signal: /pfm_top_wrapper/pfm_top_i/pfm_dynamic_inst/vadd_1/inst//grp_vadd_Pipeline_VITIS_LOOP_535_1_fu_243/grp_vadd_Pipeline_VITIS_LOOP_535_1_fu_243.iterationsWave_12
Unable to find signal: /pfm_top_wrapper/pfm_top_i/pfm_dynamic_inst/vadd_1/inst//grp_vadd_Pipeline_VITIS_LOOP_535_1_fu_243/grp_vadd_Pipeline_VITIS_LOOP_535_1_fu_243.iterationsWave_13
Unable to find signal: /pfm_top_wrapper/pfm_top_i/pfm_dynamic_inst/vadd_1/inst//grp_vadd_Pipeline_VITIS_LOOP_535_1_fu_243/grp_vadd_Pipeline_VITIS_LOOP_535_1_fu_243.iterationsWave_14
Unable to find signal: /pfm_top_wrapper/pfm_top_i/pfm_dynamic_inst/vadd_1/inst//grp_vadd_Pipeline_VITIS_LOOP_535_1_fu_243/grp_vadd_Pipeline_VITIS_LOOP_535_1_fu_243.iterationsWave_15
Unable to find signal: /pfm_top_wrapper/pfm_top_i/pfm_dynamic_inst/vadd_1/inst//grp_vadd_Pipeline_VITIS_LOOP_535_1_fu_243/grp_vadd_Pipeline_VITIS_LOOP_535_1_fu_243.iterationsWave_16
Unable to find signal: /pfm_top_wrapper/pfm_top_i/pfm_dynamic_inst/vadd_1/inst//grp_vadd_Pipeline_VITIS_LOOP_535_1_fu_243/grp_vadd_Pipeline_VITIS_LOOP_535_1_fu_243.iterationsWave_17
Unable to find signal: /pfm_top_wrapper/pfm_top_i/pfm_dynamic_inst/vadd_1/inst//grp_vadd_Pipeline_VITIS_LOOP_535_1_fu_243/grp_vadd_Pipeline_VITIS_LOOP_535_1_fu_243.iterationsWave_18
Unable to find signal: /pfm_top_wrapper/pfm_top_i/pfm_dynamic_inst/vadd_1/inst//grp_vadd_Pipeline_VITIS_LOOP_535_1_fu_243/grp_vadd_Pipeline_VITIS_LOOP_535_1_fu_243.iterationsWave_19
Unable to find signal: /pfm_top_wrapper/pfm_top_i/pfm_dynamic_inst/vadd_1/inst//grp_vadd_Pipeline_VITIS_LOOP_535_1_fu_243/grp_vadd_Pipeline_VITIS_LOOP_535_1_fu_243.iterationsWave_20
Unable to find signal: /pfm_top_wrapper/pfm_top_i/pfm_dynamic_inst/vadd_1/inst//grp_vadd_Pipeline_VITIS_LOOP_535_1_fu_243/grp_vadd_Pipeline_VITIS_LOOP_535_1_fu_243.iterationsWave_21
Unable to find signal: /pfm_top_wrapper/pfm_top_i/pfm_dynamic_inst/vadd_1/inst//grp_vadd_Pipeline_VITIS_LOOP_535_1_fu_243/grp_vadd_Pipeline_VITIS_LOOP_535_1_fu_243.iterationsWave_22
Unable to find signal: /pfm_top_wrapper/pfm_top_i/pfm_dynamic_inst/vadd_1/inst//grp_vadd_Pipeline_VITIS_LOOP_535_1_fu_243/grp_vadd_Pipeline_VITIS_LOOP_535_1_fu_243.iterationsWave_23
Unable to find signal: /pfm_top_wrapper/pfm_top_i/pfm_dynamic_inst/vadd_1/inst//grp_vadd_Pipeline_VITIS_LOOP_535_1_fu_243/grp_vadd_Pipeline_VITIS_LOOP_535_1_fu_243.iterationsWave_24
Unable to find signal: /pfm_top_wrapper/pfm_top_i/pfm_dynamic_inst/vadd_1/inst//grp_vadd_Pipeline_VITIS_LOOP_535_1_fu_243/grp_vadd_Pipeline_VITIS_LOOP_535_1_fu_243.iterationsWave_25
Unable to find signal: /pfm_top_wrapper/pfm_top_i/pfm_dynamic_inst/vadd_1/inst//grp_vadd_Pipeline_VITIS_LOOP_535_1_fu_243/grp_vadd_Pipeline_VITIS_LOOP_535_1_fu_243.iterationsWave_26
Unable to find signal: /pfm_top_wrapper/pfm_top_i/pfm_dynamic_inst/vadd_1/inst//grp_vadd_Pipeline_VITIS_LOOP_535_1_fu_243/grp_vadd_Pipeline_VITIS_LOOP_535_1_fu_243.iterationsWave_27
Unable to find signal: /pfm_top_wrapper/pfm_top_i/pfm_dynamic_inst/vadd_1/inst//grp_vadd_Pipeline_VITIS_LOOP_535_1_fu_243/grp_vadd_Pipeline_VITIS_LOOP_535_1_fu_243.iterationsWave_28
Unable to find signal: /pfm_top_wrapper/pfm_top_i/pfm_dynamic_inst/vadd_1/inst//grp_vadd_Pipeline_VITIS_LOOP_535_1_fu_243/grp_vadd_Pipeline_VITIS_LOOP_535_1_fu_243.iterationsWave_29
Unable to find signal: /pfm_top_wrapper/pfm_top_i/pfm_dynamic_inst/vadd_1/inst//grp_vadd_Pipeline_VITIS_LOOP_535_1_fu_243/grp_vadd_Pipeline_VITIS_LOOP_535_1_fu_243.iterationsWave_30
Unable to find signal: /pfm_top_wrapper/pfm_top_i/pfm_dynamic_inst/vadd_1/inst//grp_vadd_Pipeline_VITIS_LOOP_535_1_fu_243/grp_vadd_Pipeline_VITIS_LOOP_535_1_fu_243.iterationsWave_31
Unable to find signal: /pfm_top_wrapper/pfm_top_i/pfm_dynamic_inst/vadd_1/inst//grp_vadd_Pipeline_VITIS_LOOP_535_1_fu_243/grp_vadd_Pipeline_VITIS_LOOP_535_1_fu_243.iterationsWave_32
Unable to find signal: /pfm_top_wrapper/pfm_top_i/pfm_dynamic_inst/vadd_1/inst//grp_vadd_Pipeline_VITIS_LOOP_535_1_fu_243/grp_vadd_Pipeline_VITIS_LOOP_535_1_fu_243.iterationsWave_33
Unable to find signal: /pfm_top_wrapper/pfm_top_i/pfm_dynamic_inst/vadd_1/inst//grp_vadd_Pipeline_VITIS_LOOP_535_1_fu_243/grp_vadd_Pipeline_VITIS_LOOP_535_1_fu_243.iterationsWave_34
Unable to find signal: /pfm_top_wrapper/pfm_top_i/pfm_dynamic_inst/vadd_1/inst//grp_vadd_Pipeline_VITIS_LOOP_535_1_fu_243/grp_vadd_Pipeline_VITIS_LOOP_535_1_fu_243.iterationsWave_35
Unable to find signal: /pfm_top_wrapper/pfm_top_i/pfm_dynamic_inst/vadd_1/inst//grp_vadd_Pipeline_VITIS_LOOP_535_1_fu_243/grp_vadd_Pipeline_VITIS_LOOP_535_1_fu_243.iterationsWave_36
Unable to find signal: /pfm_top_wrapper/pfm_top_i/pfm_dynamic_inst/vadd_1/inst//grp_vadd_Pipeline_VITIS_LOOP_535_1_fu_243/grp_vadd_Pipeline_VITIS_LOOP_535_1_fu_243.iterationsWave_37
Unable to find signal: /pfm_top_wrapper/pfm_top_i/pfm_dynamic_inst/vadd_1/inst//grp_vadd_Pipeline_VITIS_LOOP_535_1_fu_243/grp_vadd_Pipeline_VITIS_LOOP_535_1_fu_243.iterationsWave_38
Unable to find signal: /pfm_top_wrapper/pfm_top_i/pfm_dynamic_inst/vadd_1/inst//grp_vadd_Pipeline_VITIS_LOOP_535_1_fu_243/grp_vadd_Pipeline_VITIS_LOOP_535_1_fu_243.iterationsWave_39
Unable to find signal: /pfm_top_wrapper/pfm_top_i/pfm_dynamic_inst/vadd_1/inst//grp_vadd_Pipeline_VITIS_LOOP_535_1_fu_243/grp_vadd_Pipeline_VITIS_LOOP_535_1_fu_243.iterationsWave_40
Unable to find signal: /pfm_top_wrapper/pfm_top_i/pfm_dynamic_inst/vadd_1/inst//grp_vadd_Pipeline_VITIS_LOOP_535_1_fu_243/grp_vadd_Pipeline_VITIS_LOOP_535_1_fu_243.iterationsWave_41
Unable to find signal: /pfm_top_wrapper/pfm_top_i/pfm_dynamic_inst/vadd_1/inst//grp_vadd_Pipeline_VITIS_LOOP_535_1_fu_243/grp_vadd_Pipeline_VITIS_LOOP_535_1_fu_243.iterationsWave_42
Unable to find signal: /pfm_top_wrapper/pfm_top_i/pfm_dynamic_inst/vadd_1/inst//grp_vadd_Pipeline_VITIS_LOOP_535_1_fu_243/grp_vadd_Pipeline_VITIS_LOOP_535_1_fu_243.iterationsWave_43
Unable to find signal: /pfm_top_wrapper/pfm_top_i/pfm_dynamic_inst/vadd_1/inst//grp_vadd_Pipeline_VITIS_LOOP_535_1_fu_243/grp_vadd_Pipeline_VITIS_LOOP_535_1_fu_243.iterationsWave_44
Unable to find signal: /pfm_top_wrapper/pfm_top_i/pfm_dynamic_inst/vadd_1/inst//grp_vadd_Pipeline_VITIS_LOOP_535_1_fu_243/grp_vadd_Pipeline_VITIS_LOOP_535_1_fu_243.iterationsWave_45
Unable to find signal: /pfm_top_wrapper/pfm_top_i/pfm_dynamic_inst/vadd_1/inst//grp_vadd_Pipeline_VITIS_LOOP_535_1_fu_243/grp_vadd_Pipeline_VITIS_LOOP_535_1_fu_243.iterationsWave_46
Unable to find signal: /pfm_top_wrapper/pfm_top_i/pfm_dynamic_inst/vadd_1/inst//grp_vadd_Pipeline_VITIS_LOOP_535_1_fu_243/grp_vadd_Pipeline_VITIS_LOOP_535_1_fu_243.iterationsWave_47
Unable to find signal: /pfm_top_wrapper/pfm_top_i/pfm_dynamic_inst/vadd_1/inst//grp_vadd_Pipeline_VITIS_LOOP_535_1_fu_243/grp_vadd_Pipeline_VITIS_LOOP_535_1_fu_243.iterationsWave_48
Unable to find signal: /pfm_top_wrapper/pfm_top_i/pfm_dynamic_inst/vadd_1/inst//grp_vadd_Pipeline_VITIS_LOOP_535_1_fu_243/grp_vadd_Pipeline_VITIS_LOOP_535_1_fu_243.iterationsWave_49
Unable to find signal: /pfm_top_wrapper/pfm_top_i/pfm_dynamic_inst/vadd_1/inst//grp_vadd_Pipeline_VITIS_LOOP_535_1_fu_243/grp_vadd_Pipeline_VITIS_LOOP_535_1_fu_243.iterationsWave_50
Unable to find signal: /pfm_top_wrapper/pfm_top_i/pfm_dynamic_inst/vadd_1/inst//grp_vadd_Pipeline_VITIS_LOOP_535_1_fu_243/grp_vadd_Pipeline_VITIS_LOOP_535_1_fu_243.iterationsWave_51
Unable to find signal: /pfm_top_wrapper/pfm_top_i/pfm_dynamic_inst/vadd_1/inst//grp_vadd_Pipeline_VITIS_LOOP_535_1_fu_243/grp_vadd_Pipeline_VITIS_LOOP_535_1_fu_243.iterationsWave_52
Unable to find signal: /pfm_top_wrapper/pfm_top_i/pfm_dynamic_inst/vadd_1/inst//grp_vadd_Pipeline_VITIS_LOOP_535_1_fu_243/grp_vadd_Pipeline_VITIS_LOOP_535_1_fu_243.iterationsWave_53
Unable to find signal: /pfm_top_wrapper/pfm_top_i/pfm_dynamic_inst/vadd_1/inst//grp_vadd_Pipeline_VITIS_LOOP_535_1_fu_243/grp_vadd_Pipeline_VITIS_LOOP_535_1_fu_243.iterationsWave_54
Unable to find signal: /pfm_top_wrapper/pfm_top_i/pfm_dynamic_inst/vadd_1/inst//grp_vadd_Pipeline_VITIS_LOOP_535_1_fu_243/grp_vadd_Pipeline_VITIS_LOOP_535_1_fu_243.iterationsWave_55
Unable to find signal: /pfm_top_wrapper/pfm_top_i/pfm_dynamic_inst/vadd_1/inst//grp_vadd_Pipeline_VITIS_LOOP_535_1_fu_243/grp_vadd_Pipeline_VITIS_LOOP_535_1_fu_243.iterationsWave_56
Unable to find signal: /pfm_top_wrapper/pfm_top_i/pfm_dynamic_inst/vadd_1/inst//grp_vadd_Pipeline_VITIS_LOOP_535_1_fu_243/grp_vadd_Pipeline_VITIS_LOOP_535_1_fu_243.iterationsWave_57
Unable to find signal: /pfm_top_wrapper/pfm_top_i/pfm_dynamic_inst/vadd_1/inst//grp_vadd_Pipeline_VITIS_LOOP_535_1_fu_243/grp_vadd_Pipeline_VITIS_LOOP_535_1_fu_243.iterationsWave_58
Unable to find signal: /pfm_top_wrapper/pfm_top_i/pfm_dynamic_inst/vadd_1/inst//grp_vadd_Pipeline_VITIS_LOOP_535_1_fu_243/grp_vadd_Pipeline_VITIS_LOOP_535_1_fu_243.iterationsWave_59
Unable to find signal: /pfm_top_wrapper/pfm_top_i/pfm_dynamic_inst/vadd_1/inst//grp_vadd_Pipeline_VITIS_LOOP_535_1_fu_243/grp_vadd_Pipeline_VITIS_LOOP_535_1_fu_243.iterationsWave_60
Unable to find signal: /pfm_top_wrapper/pfm_top_i/pfm_dynamic_inst/vadd_1/inst//grp_vadd_Pipeline_VITIS_LOOP_535_1_fu_243/grp_vadd_Pipeline_VITIS_LOOP_535_1_fu_243.iterationsWave_61
Unable to find signal: /pfm_top_wrapper/pfm_top_i/pfm_dynamic_inst/vadd_1/inst//grp_vadd_Pipeline_VITIS_LOOP_535_1_fu_243/grp_vadd_Pipeline_VITIS_LOOP_535_1_fu_243.iterationsWave_62
Unable to find signal: /pfm_top_wrapper/pfm_top_i/pfm_dynamic_inst/vadd_1/inst//grp_vadd_Pipeline_VITIS_LOOP_535_1_fu_243/grp_vadd_Pipeline_VITIS_LOOP_535_1_fu_243.iterationsWave_63
Unable to find signal: /pfm_top_wrapper/pfm_top_i/pfm_dynamic_inst/vadd_1/inst//grp_vadd_Pipeline_VITIS_LOOP_543_2_fu_251/grp_vadd_Pipeline_VITIS_LOOP_543_2_fu_251.dataflowTxWaveData.OutStanding
Unable to find signal: /pfm_top_wrapper/pfm_top_i/pfm_dynamic_inst/vadd_1/inst//grp_vadd_Pipeline_VITIS_LOOP_543_2_fu_251/grp_vadd_Pipeline_VITIS_LOOP_543_2_fu_251.iterationsWave_0
Unable to find signal: /pfm_top_wrapper/pfm_top_i/pfm_dynamic_inst/vadd_1/inst//grp_vadd_Pipeline_VITIS_LOOP_543_2_fu_251/grp_vadd_Pipeline_VITIS_LOOP_543_2_fu_251.iterationsWave_1
Unable to find signal: /pfm_top_wrapper/pfm_top_i/pfm_dynamic_inst/vadd_1/inst//grp_vadd_Pipeline_VITIS_LOOP_543_2_fu_251/grp_vadd_Pipeline_VITIS_LOOP_543_2_fu_251.iterationsWave_2
Unable to find signal: /pfm_top_wrapper/pfm_top_i/pfm_dynamic_inst/vadd_1/inst//grp_vadd_Pipeline_VITIS_LOOP_543_2_fu_251/grp_vadd_Pipeline_VITIS_LOOP_543_2_fu_251.iterationsWave_3
Unable to find signal: /pfm_top_wrapper/pfm_top_i/pfm_dynamic_inst/vadd_1/inst//grp_vadd_Pipeline_VITIS_LOOP_543_2_fu_251/grp_vadd_Pipeline_VITIS_LOOP_543_2_fu_251.iterationsWave_4
Unable to find signal: /pfm_top_wrapper/pfm_top_i/pfm_dynamic_inst/vadd_1/inst//grp_vadd_Pipeline_VITIS_LOOP_543_2_fu_251/grp_vadd_Pipeline_VITIS_LOOP_543_2_fu_251.iterationsWave_5
Unable to find signal: /pfm_top_wrapper/pfm_top_i/pfm_dynamic_inst/vadd_1/inst//grp_vadd_Pipeline_VITIS_LOOP_543_2_fu_251/grp_vadd_Pipeline_VITIS_LOOP_543_2_fu_251.iterationsWave_6
Unable to find signal: /pfm_top_wrapper/pfm_top_i/pfm_dynamic_inst/vadd_1/inst//grp_vadd_Pipeline_VITIS_LOOP_543_2_fu_251/grp_vadd_Pipeline_VITIS_LOOP_543_2_fu_251.iterationsWave_7
Unable to find signal: /pfm_top_wrapper/pfm_top_i/pfm_dynamic_inst/vadd_1/inst//grp_vadd_Pipeline_VITIS_LOOP_543_2_fu_251/grp_vadd_Pipeline_VITIS_LOOP_543_2_fu_251.iterationsWave_8
Unable to find signal: /pfm_top_wrapper/pfm_top_i/pfm_dynamic_inst/vadd_1/inst//grp_vadd_Pipeline_VITIS_LOOP_543_2_fu_251/grp_vadd_Pipeline_VITIS_LOOP_543_2_fu_251.iterationsWave_9
Unable to find signal: /pfm_top_wrapper/pfm_top_i/pfm_dynamic_inst/vadd_1/inst//grp_vadd_Pipeline_VITIS_LOOP_543_2_fu_251/grp_vadd_Pipeline_VITIS_LOOP_543_2_fu_251.iterationsWave_10
Unable to find signal: /pfm_top_wrapper/pfm_top_i/pfm_dynamic_inst/vadd_1/inst//grp_vadd_Pipeline_VITIS_LOOP_543_2_fu_251/grp_vadd_Pipeline_VITIS_LOOP_543_2_fu_251.iterationsWave_11
Unable to find signal: /pfm_top_wrapper/pfm_top_i/pfm_dynamic_inst/vadd_1/inst//grp_vadd_Pipeline_VITIS_LOOP_543_2_fu_251/grp_vadd_Pipeline_VITIS_LOOP_543_2_fu_251.iterationsWave_12
Unable to find signal: /pfm_top_wrapper/pfm_top_i/pfm_dynamic_inst/vadd_1/inst//grp_vadd_Pipeline_VITIS_LOOP_543_2_fu_251/grp_vadd_Pipeline_VITIS_LOOP_543_2_fu_251.iterationsWave_13
Unable to find signal: /pfm_top_wrapper/pfm_top_i/pfm_dynamic_inst/vadd_1/inst//grp_vadd_Pipeline_VITIS_LOOP_543_2_fu_251/grp_vadd_Pipeline_VITIS_LOOP_543_2_fu_251.iterationsWave_14
Unable to find signal: /pfm_top_wrapper/pfm_top_i/pfm_dynamic_inst/vadd_1/inst//grp_vadd_Pipeline_VITIS_LOOP_543_2_fu_251/grp_vadd_Pipeline_VITIS_LOOP_543_2_fu_251.iterationsWave_15
Unable to find signal: /pfm_top_wrapper/pfm_top_i/pfm_dynamic_inst/vadd_1/inst//grp_vadd_Pipeline_VITIS_LOOP_543_2_fu_251/grp_vadd_Pipeline_VITIS_LOOP_543_2_fu_251.iterationsWave_16
Unable to find signal: /pfm_top_wrapper/pfm_top_i/pfm_dynamic_inst/vadd_1/inst//grp_vadd_Pipeline_VITIS_LOOP_543_2_fu_251/grp_vadd_Pipeline_VITIS_LOOP_543_2_fu_251.iterationsWave_17
Unable to find signal: /pfm_top_wrapper/pfm_top_i/pfm_dynamic_inst/vadd_1/inst//grp_vadd_Pipeline_VITIS_LOOP_543_2_fu_251/grp_vadd_Pipeline_VITIS_LOOP_543_2_fu_251.iterationsWave_18
Unable to find signal: /pfm_top_wrapper/pfm_top_i/pfm_dynamic_inst/vadd_1/inst//grp_vadd_Pipeline_VITIS_LOOP_543_2_fu_251/grp_vadd_Pipeline_VITIS_LOOP_543_2_fu_251.iterationsWave_19
Unable to find signal: /pfm_top_wrapper/pfm_top_i/pfm_dynamic_inst/vadd_1/inst//grp_vadd_Pipeline_VITIS_LOOP_543_2_fu_251/grp_vadd_Pipeline_VITIS_LOOP_543_2_fu_251.iterationsWave_20
Unable to find signal: /pfm_top_wrapper/pfm_top_i/pfm_dynamic_inst/vadd_1/inst//grp_vadd_Pipeline_VITIS_LOOP_543_2_fu_251/grp_vadd_Pipeline_VITIS_LOOP_543_2_fu_251.iterationsWave_21
Unable to find signal: /pfm_top_wrapper/pfm_top_i/pfm_dynamic_inst/vadd_1/inst//grp_vadd_Pipeline_VITIS_LOOP_543_2_fu_251/grp_vadd_Pipeline_VITIS_LOOP_543_2_fu_251.iterationsWave_22
Unable to find signal: /pfm_top_wrapper/pfm_top_i/pfm_dynamic_inst/vadd_1/inst//grp_vadd_Pipeline_VITIS_LOOP_543_2_fu_251/grp_vadd_Pipeline_VITIS_LOOP_543_2_fu_251.iterationsWave_23
Unable to find signal: /pfm_top_wrapper/pfm_top_i/pfm_dynamic_inst/vadd_1/inst//grp_vadd_Pipeline_VITIS_LOOP_543_2_fu_251/grp_vadd_Pipeline_VITIS_LOOP_543_2_fu_251.iterationsWave_24
Unable to find signal: /pfm_top_wrapper/pfm_top_i/pfm_dynamic_inst/vadd_1/inst//grp_vadd_Pipeline_VITIS_LOOP_543_2_fu_251/grp_vadd_Pipeline_VITIS_LOOP_543_2_fu_251.iterationsWave_25
Unable to find signal: /pfm_top_wrapper/pfm_top_i/pfm_dynamic_inst/vadd_1/inst//grp_vadd_Pipeline_VITIS_LOOP_543_2_fu_251/grp_vadd_Pipeline_VITIS_LOOP_543_2_fu_251.iterationsWave_26
Unable to find signal: /pfm_top_wrapper/pfm_top_i/pfm_dynamic_inst/vadd_1/inst//grp_vadd_Pipeline_VITIS_LOOP_543_2_fu_251/grp_vadd_Pipeline_VITIS_LOOP_543_2_fu_251.iterationsWave_27
Unable to find signal: /pfm_top_wrapper/pfm_top_i/pfm_dynamic_inst/vadd_1/inst//grp_vadd_Pipeline_VITIS_LOOP_543_2_fu_251/grp_vadd_Pipeline_VITIS_LOOP_543_2_fu_251.iterationsWave_28
Unable to find signal: /pfm_top_wrapper/pfm_top_i/pfm_dynamic_inst/vadd_1/inst//grp_vadd_Pipeline_VITIS_LOOP_543_2_fu_251/grp_vadd_Pipeline_VITIS_LOOP_543_2_fu_251.iterationsWave_29
Unable to find signal: /pfm_top_wrapper/pfm_top_i/pfm_dynamic_inst/vadd_1/inst//grp_vadd_Pipeline_VITIS_LOOP_543_2_fu_251/grp_vadd_Pipeline_VITIS_LOOP_543_2_fu_251.iterationsWave_30
Unable to find signal: /pfm_top_wrapper/pfm_top_i/pfm_dynamic_inst/vadd_1/inst//grp_vadd_Pipeline_VITIS_LOOP_543_2_fu_251/grp_vadd_Pipeline_VITIS_LOOP_543_2_fu_251.iterationsWave_31
Unable to find signal: /pfm_top_wrapper/pfm_top_i/pfm_dynamic_inst/vadd_1/inst//grp_vadd_Pipeline_VITIS_LOOP_543_2_fu_251/grp_vadd_Pipeline_VITIS_LOOP_543_2_fu_251.iterationsWave_32
Unable to find signal: /pfm_top_wrapper/pfm_top_i/pfm_dynamic_inst/vadd_1/inst//grp_vadd_Pipeline_VITIS_LOOP_543_2_fu_251/grp_vadd_Pipeline_VITIS_LOOP_543_2_fu_251.iterationsWave_33
Unable to find signal: /pfm_top_wrapper/pfm_top_i/pfm_dynamic_inst/vadd_1/inst//grp_vadd_Pipeline_VITIS_LOOP_543_2_fu_251/grp_vadd_Pipeline_VITIS_LOOP_543_2_fu_251.iterationsWave_34
Unable to find signal: /pfm_top_wrapper/pfm_top_i/pfm_dynamic_inst/vadd_1/inst//grp_vadd_Pipeline_VITIS_LOOP_543_2_fu_251/grp_vadd_Pipeline_VITIS_LOOP_543_2_fu_251.iterationsWave_35
Unable to find signal: /pfm_top_wrapper/pfm_top_i/pfm_dynamic_inst/vadd_1/inst//grp_vadd_Pipeline_VITIS_LOOP_543_2_fu_251/grp_vadd_Pipeline_VITIS_LOOP_543_2_fu_251.iterationsWave_36
Unable to find signal: /pfm_top_wrapper/pfm_top_i/pfm_dynamic_inst/vadd_1/inst//grp_vadd_Pipeline_VITIS_LOOP_543_2_fu_251/grp_vadd_Pipeline_VITIS_LOOP_543_2_fu_251.iterationsWave_37
Unable to find signal: /pfm_top_wrapper/pfm_top_i/pfm_dynamic_inst/vadd_1/inst//grp_vadd_Pipeline_VITIS_LOOP_543_2_fu_251/grp_vadd_Pipeline_VITIS_LOOP_543_2_fu_251.iterationsWave_38
Unable to find signal: /pfm_top_wrapper/pfm_top_i/pfm_dynamic_inst/vadd_1/inst//grp_vadd_Pipeline_VITIS_LOOP_543_2_fu_251/grp_vadd_Pipeline_VITIS_LOOP_543_2_fu_251.iterationsWave_39
Unable to find signal: /pfm_top_wrapper/pfm_top_i/pfm_dynamic_inst/vadd_1/inst//grp_vadd_Pipeline_VITIS_LOOP_543_2_fu_251/grp_vadd_Pipeline_VITIS_LOOP_543_2_fu_251.iterationsWave_40
Unable to find signal: /pfm_top_wrapper/pfm_top_i/pfm_dynamic_inst/vadd_1/inst//grp_vadd_Pipeline_VITIS_LOOP_543_2_fu_251/grp_vadd_Pipeline_VITIS_LOOP_543_2_fu_251.iterationsWave_41
Unable to find signal: /pfm_top_wrapper/pfm_top_i/pfm_dynamic_inst/vadd_1/inst//grp_vadd_Pipeline_VITIS_LOOP_543_2_fu_251/grp_vadd_Pipeline_VITIS_LOOP_543_2_fu_251.iterationsWave_42
Unable to find signal: /pfm_top_wrapper/pfm_top_i/pfm_dynamic_inst/vadd_1/inst//grp_vadd_Pipeline_VITIS_LOOP_543_2_fu_251/grp_vadd_Pipeline_VITIS_LOOP_543_2_fu_251.iterationsWave_43
Unable to find signal: /pfm_top_wrapper/pfm_top_i/pfm_dynamic_inst/vadd_1/inst//grp_vadd_Pipeline_VITIS_LOOP_543_2_fu_251/grp_vadd_Pipeline_VITIS_LOOP_543_2_fu_251.iterationsWave_44
Unable to find signal: /pfm_top_wrapper/pfm_top_i/pfm_dynamic_inst/vadd_1/inst//grp_vadd_Pipeline_VITIS_LOOP_543_2_fu_251/grp_vadd_Pipeline_VITIS_LOOP_543_2_fu_251.iterationsWave_45
Unable to find signal: /pfm_top_wrapper/pfm_top_i/pfm_dynamic_inst/vadd_1/inst//grp_vadd_Pipeline_VITIS_LOOP_543_2_fu_251/grp_vadd_Pipeline_VITIS_LOOP_543_2_fu_251.iterationsWave_46
Unable to find signal: /pfm_top_wrapper/pfm_top_i/pfm_dynamic_inst/vadd_1/inst//grp_vadd_Pipeline_VITIS_LOOP_543_2_fu_251/grp_vadd_Pipeline_VITIS_LOOP_543_2_fu_251.iterationsWave_47
Unable to find signal: /pfm_top_wrapper/pfm_top_i/pfm_dynamic_inst/vadd_1/inst//grp_vadd_Pipeline_VITIS_LOOP_543_2_fu_251/grp_vadd_Pipeline_VITIS_LOOP_543_2_fu_251.iterationsWave_48
Unable to find signal: /pfm_top_wrapper/pfm_top_i/pfm_dynamic_inst/vadd_1/inst//grp_vadd_Pipeline_VITIS_LOOP_543_2_fu_251/grp_vadd_Pipeline_VITIS_LOOP_543_2_fu_251.iterationsWave_49
Unable to find signal: /pfm_top_wrapper/pfm_top_i/pfm_dynamic_inst/vadd_1/inst//grp_vadd_Pipeline_VITIS_LOOP_543_2_fu_251/grp_vadd_Pipeline_VITIS_LOOP_543_2_fu_251.iterationsWave_50
Unable to find signal: /pfm_top_wrapper/pfm_top_i/pfm_dynamic_inst/vadd_1/inst//grp_vadd_Pipeline_VITIS_LOOP_543_2_fu_251/grp_vadd_Pipeline_VITIS_LOOP_543_2_fu_251.iterationsWave_51
Unable to find signal: /pfm_top_wrapper/pfm_top_i/pfm_dynamic_inst/vadd_1/inst//grp_vadd_Pipeline_VITIS_LOOP_543_2_fu_251/grp_vadd_Pipeline_VITIS_LOOP_543_2_fu_251.iterationsWave_52
Unable to find signal: /pfm_top_wrapper/pfm_top_i/pfm_dynamic_inst/vadd_1/inst//grp_vadd_Pipeline_VITIS_LOOP_543_2_fu_251/grp_vadd_Pipeline_VITIS_LOOP_543_2_fu_251.iterationsWave_53
Unable to find signal: /pfm_top_wrapper/pfm_top_i/pfm_dynamic_inst/vadd_1/inst//grp_vadd_Pipeline_VITIS_LOOP_543_2_fu_251/grp_vadd_Pipeline_VITIS_LOOP_543_2_fu_251.iterationsWave_54
Unable to find signal: /pfm_top_wrapper/pfm_top_i/pfm_dynamic_inst/vadd_1/inst//grp_vadd_Pipeline_VITIS_LOOP_543_2_fu_251/grp_vadd_Pipeline_VITIS_LOOP_543_2_fu_251.iterationsWave_55
Unable to find signal: /pfm_top_wrapper/pfm_top_i/pfm_dynamic_inst/vadd_1/inst//grp_vadd_Pipeline_VITIS_LOOP_543_2_fu_251/grp_vadd_Pipeline_VITIS_LOOP_543_2_fu_251.iterationsWave_56
Unable to find signal: /pfm_top_wrapper/pfm_top_i/pfm_dynamic_inst/vadd_1/inst//grp_vadd_Pipeline_VITIS_LOOP_543_2_fu_251/grp_vadd_Pipeline_VITIS_LOOP_543_2_fu_251.iterationsWave_57
Unable to find signal: /pfm_top_wrapper/pfm_top_i/pfm_dynamic_inst/vadd_1/inst//grp_vadd_Pipeline_VITIS_LOOP_543_2_fu_251/grp_vadd_Pipeline_VITIS_LOOP_543_2_fu_251.iterationsWave_58
Unable to find signal: /pfm_top_wrapper/pfm_top_i/pfm_dynamic_inst/vadd_1/inst//grp_vadd_Pipeline_VITIS_LOOP_543_2_fu_251/grp_vadd_Pipeline_VITIS_LOOP_543_2_fu_251.iterationsWave_59
Unable to find signal: /pfm_top_wrapper/pfm_top_i/pfm_dynamic_inst/vadd_1/inst//grp_vadd_Pipeline_VITIS_LOOP_543_2_fu_251/grp_vadd_Pipeline_VITIS_LOOP_543_2_fu_251.iterationsWave_60
Unable to find signal: /pfm_top_wrapper/pfm_top_i/pfm_dynamic_inst/vadd_1/inst//grp_vadd_Pipeline_VITIS_LOOP_543_2_fu_251/grp_vadd_Pipeline_VITIS_LOOP_543_2_fu_251.iterationsWave_61
Unable to find signal: /pfm_top_wrapper/pfm_top_i/pfm_dynamic_inst/vadd_1/inst//grp_vadd_Pipeline_VITIS_LOOP_543_2_fu_251/grp_vadd_Pipeline_VITIS_LOOP_543_2_fu_251.iterationsWave_62
Unable to find signal: /pfm_top_wrapper/pfm_top_i/pfm_dynamic_inst/vadd_1/inst//grp_vadd_Pipeline_VITIS_LOOP_543_2_fu_251/grp_vadd_Pipeline_VITIS_LOOP_543_2_fu_251.iterationsWave_63
Unable to find signal: /pfm_top_wrapper/pfm_top_i/pfm_dynamic_inst/vadd_1/inst//grp_vadd_Pipeline_VITIS_LOOP_546_3_fu_259/grp_vadd_Pipeline_VITIS_LOOP_546_3_fu_259.dataflowTxWaveData.OutStanding
Unable to find signal: /pfm_top_wrapper/pfm_top_i/pfm_dynamic_inst/vadd_1/inst//grp_vadd_Pipeline_VITIS_LOOP_546_3_fu_259/grp_vadd_Pipeline_VITIS_LOOP_546_3_fu_259.iterationsWave_0
Unable to find signal: /pfm_top_wrapper/pfm_top_i/pfm_dynamic_inst/vadd_1/inst//grp_vadd_Pipeline_VITIS_LOOP_546_3_fu_259/grp_vadd_Pipeline_VITIS_LOOP_546_3_fu_259.iterationsWave_1
Unable to find signal: /pfm_top_wrapper/pfm_top_i/pfm_dynamic_inst/vadd_1/inst//grp_vadd_Pipeline_VITIS_LOOP_546_3_fu_259/grp_vadd_Pipeline_VITIS_LOOP_546_3_fu_259.iterationsWave_2
Unable to find signal: /pfm_top_wrapper/pfm_top_i/pfm_dynamic_inst/vadd_1/inst//grp_vadd_Pipeline_VITIS_LOOP_546_3_fu_259/grp_vadd_Pipeline_VITIS_LOOP_546_3_fu_259.iterationsWave_3
Unable to find signal: /pfm_top_wrapper/pfm_top_i/pfm_dynamic_inst/vadd_1/inst//grp_vadd_Pipeline_VITIS_LOOP_546_3_fu_259/grp_vadd_Pipeline_VITIS_LOOP_546_3_fu_259.iterationsWave_4
Unable to find signal: /pfm_top_wrapper/pfm_top_i/pfm_dynamic_inst/vadd_1/inst//grp_vadd_Pipeline_VITIS_LOOP_546_3_fu_259/grp_vadd_Pipeline_VITIS_LOOP_546_3_fu_259.iterationsWave_5
Unable to find signal: /pfm_top_wrapper/pfm_top_i/pfm_dynamic_inst/vadd_1/inst//grp_vadd_Pipeline_VITIS_LOOP_546_3_fu_259/grp_vadd_Pipeline_VITIS_LOOP_546_3_fu_259.iterationsWave_6
Unable to find signal: /pfm_top_wrapper/pfm_top_i/pfm_dynamic_inst/vadd_1/inst//grp_vadd_Pipeline_VITIS_LOOP_546_3_fu_259/grp_vadd_Pipeline_VITIS_LOOP_546_3_fu_259.iterationsWave_7
Unable to find signal: /pfm_top_wrapper/pfm_top_i/pfm_dynamic_inst/vadd_1/inst//grp_vadd_Pipeline_VITIS_LOOP_546_3_fu_259/grp_vadd_Pipeline_VITIS_LOOP_546_3_fu_259.iterationsWave_8
Unable to find signal: /pfm_top_wrapper/pfm_top_i/pfm_dynamic_inst/vadd_1/inst//grp_vadd_Pipeline_VITIS_LOOP_546_3_fu_259/grp_vadd_Pipeline_VITIS_LOOP_546_3_fu_259.iterationsWave_9
Unable to find signal: /pfm_top_wrapper/pfm_top_i/pfm_dynamic_inst/vadd_1/inst//grp_vadd_Pipeline_VITIS_LOOP_546_3_fu_259/grp_vadd_Pipeline_VITIS_LOOP_546_3_fu_259.iterationsWave_10
Unable to find signal: /pfm_top_wrapper/pfm_top_i/pfm_dynamic_inst/vadd_1/inst//grp_vadd_Pipeline_VITIS_LOOP_546_3_fu_259/grp_vadd_Pipeline_VITIS_LOOP_546_3_fu_259.iterationsWave_11
Unable to find signal: /pfm_top_wrapper/pfm_top_i/pfm_dynamic_inst/vadd_1/inst//grp_vadd_Pipeline_VITIS_LOOP_546_3_fu_259/grp_vadd_Pipeline_VITIS_LOOP_546_3_fu_259.iterationsWave_12
Unable to find signal: /pfm_top_wrapper/pfm_top_i/pfm_dynamic_inst/vadd_1/inst//grp_vadd_Pipeline_VITIS_LOOP_546_3_fu_259/grp_vadd_Pipeline_VITIS_LOOP_546_3_fu_259.iterationsWave_13
Unable to find signal: /pfm_top_wrapper/pfm_top_i/pfm_dynamic_inst/vadd_1/inst//grp_vadd_Pipeline_VITIS_LOOP_546_3_fu_259/grp_vadd_Pipeline_VITIS_LOOP_546_3_fu_259.iterationsWave_14
Unable to find signal: /pfm_top_wrapper/pfm_top_i/pfm_dynamic_inst/vadd_1/inst//grp_vadd_Pipeline_VITIS_LOOP_546_3_fu_259/grp_vadd_Pipeline_VITIS_LOOP_546_3_fu_259.iterationsWave_15
Unable to find signal: /pfm_top_wrapper/pfm_top_i/pfm_dynamic_inst/vadd_1/inst//grp_vadd_Pipeline_VITIS_LOOP_546_3_fu_259/grp_vadd_Pipeline_VITIS_LOOP_546_3_fu_259.iterationsWave_16
Unable to find signal: /pfm_top_wrapper/pfm_top_i/pfm_dynamic_inst/vadd_1/inst//grp_vadd_Pipeline_VITIS_LOOP_546_3_fu_259/grp_vadd_Pipeline_VITIS_LOOP_546_3_fu_259.iterationsWave_17
Unable to find signal: /pfm_top_wrapper/pfm_top_i/pfm_dynamic_inst/vadd_1/inst//grp_vadd_Pipeline_VITIS_LOOP_546_3_fu_259/grp_vadd_Pipeline_VITIS_LOOP_546_3_fu_259.iterationsWave_18
Unable to find signal: /pfm_top_wrapper/pfm_top_i/pfm_dynamic_inst/vadd_1/inst//grp_vadd_Pipeline_VITIS_LOOP_546_3_fu_259/grp_vadd_Pipeline_VITIS_LOOP_546_3_fu_259.iterationsWave_19
Unable to find signal: /pfm_top_wrapper/pfm_top_i/pfm_dynamic_inst/vadd_1/inst//grp_vadd_Pipeline_VITIS_LOOP_546_3_fu_259/grp_vadd_Pipeline_VITIS_LOOP_546_3_fu_259.iterationsWave_20
Unable to find signal: /pfm_top_wrapper/pfm_top_i/pfm_dynamic_inst/vadd_1/inst//grp_vadd_Pipeline_VITIS_LOOP_546_3_fu_259/grp_vadd_Pipeline_VITIS_LOOP_546_3_fu_259.iterationsWave_21
Unable to find signal: /pfm_top_wrapper/pfm_top_i/pfm_dynamic_inst/vadd_1/inst//grp_vadd_Pipeline_VITIS_LOOP_546_3_fu_259/grp_vadd_Pipeline_VITIS_LOOP_546_3_fu_259.iterationsWave_22
Unable to find signal: /pfm_top_wrapper/pfm_top_i/pfm_dynamic_inst/vadd_1/inst//grp_vadd_Pipeline_VITIS_LOOP_546_3_fu_259/grp_vadd_Pipeline_VITIS_LOOP_546_3_fu_259.iterationsWave_23
Unable to find signal: /pfm_top_wrapper/pfm_top_i/pfm_dynamic_inst/vadd_1/inst//grp_vadd_Pipeline_VITIS_LOOP_546_3_fu_259/grp_vadd_Pipeline_VITIS_LOOP_546_3_fu_259.iterationsWave_24
Unable to find signal: /pfm_top_wrapper/pfm_top_i/pfm_dynamic_inst/vadd_1/inst//grp_vadd_Pipeline_VITIS_LOOP_546_3_fu_259/grp_vadd_Pipeline_VITIS_LOOP_546_3_fu_259.iterationsWave_25
Unable to find signal: /pfm_top_wrapper/pfm_top_i/pfm_dynamic_inst/vadd_1/inst//grp_vadd_Pipeline_VITIS_LOOP_546_3_fu_259/grp_vadd_Pipeline_VITIS_LOOP_546_3_fu_259.iterationsWave_26
Unable to find signal: /pfm_top_wrapper/pfm_top_i/pfm_dynamic_inst/vadd_1/inst//grp_vadd_Pipeline_VITIS_LOOP_546_3_fu_259/grp_vadd_Pipeline_VITIS_LOOP_546_3_fu_259.iterationsWave_27
Unable to find signal: /pfm_top_wrapper/pfm_top_i/pfm_dynamic_inst/vadd_1/inst//grp_vadd_Pipeline_VITIS_LOOP_546_3_fu_259/grp_vadd_Pipeline_VITIS_LOOP_546_3_fu_259.iterationsWave_28
Unable to find signal: /pfm_top_wrapper/pfm_top_i/pfm_dynamic_inst/vadd_1/inst//grp_vadd_Pipeline_VITIS_LOOP_546_3_fu_259/grp_vadd_Pipeline_VITIS_LOOP_546_3_fu_259.iterationsWave_29
Unable to find signal: /pfm_top_wrapper/pfm_top_i/pfm_dynamic_inst/vadd_1/inst//grp_vadd_Pipeline_VITIS_LOOP_546_3_fu_259/grp_vadd_Pipeline_VITIS_LOOP_546_3_fu_259.iterationsWave_30
Unable to find signal: /pfm_top_wrapper/pfm_top_i/pfm_dynamic_inst/vadd_1/inst//grp_vadd_Pipeline_VITIS_LOOP_546_3_fu_259/grp_vadd_Pipeline_VITIS_LOOP_546_3_fu_259.iterationsWave_31
Unable to find signal: /pfm_top_wrapper/pfm_top_i/pfm_dynamic_inst/vadd_1/inst//grp_vadd_Pipeline_VITIS_LOOP_546_3_fu_259/grp_vadd_Pipeline_VITIS_LOOP_546_3_fu_259.iterationsWave_32
Unable to find signal: /pfm_top_wrapper/pfm_top_i/pfm_dynamic_inst/vadd_1/inst//grp_vadd_Pipeline_VITIS_LOOP_546_3_fu_259/grp_vadd_Pipeline_VITIS_LOOP_546_3_fu_259.iterationsWave_33
Unable to find signal: /pfm_top_wrapper/pfm_top_i/pfm_dynamic_inst/vadd_1/inst//grp_vadd_Pipeline_VITIS_LOOP_546_3_fu_259/grp_vadd_Pipeline_VITIS_LOOP_546_3_fu_259.iterationsWave_34
Unable to find signal: /pfm_top_wrapper/pfm_top_i/pfm_dynamic_inst/vadd_1/inst//grp_vadd_Pipeline_VITIS_LOOP_546_3_fu_259/grp_vadd_Pipeline_VITIS_LOOP_546_3_fu_259.iterationsWave_35
Unable to find signal: /pfm_top_wrapper/pfm_top_i/pfm_dynamic_inst/vadd_1/inst//grp_vadd_Pipeline_VITIS_LOOP_546_3_fu_259/grp_vadd_Pipeline_VITIS_LOOP_546_3_fu_259.iterationsWave_36
Unable to find signal: /pfm_top_wrapper/pfm_top_i/pfm_dynamic_inst/vadd_1/inst//grp_vadd_Pipeline_VITIS_LOOP_546_3_fu_259/grp_vadd_Pipeline_VITIS_LOOP_546_3_fu_259.iterationsWave_37
Unable to find signal: /pfm_top_wrapper/pfm_top_i/pfm_dynamic_inst/vadd_1/inst//grp_vadd_Pipeline_VITIS_LOOP_546_3_fu_259/grp_vadd_Pipeline_VITIS_LOOP_546_3_fu_259.iterationsWave_38
Unable to find signal: /pfm_top_wrapper/pfm_top_i/pfm_dynamic_inst/vadd_1/inst//grp_vadd_Pipeline_VITIS_LOOP_546_3_fu_259/grp_vadd_Pipeline_VITIS_LOOP_546_3_fu_259.iterationsWave_39
Unable to find signal: /pfm_top_wrapper/pfm_top_i/pfm_dynamic_inst/vadd_1/inst//grp_vadd_Pipeline_VITIS_LOOP_546_3_fu_259/grp_vadd_Pipeline_VITIS_LOOP_546_3_fu_259.iterationsWave_40
Unable to find signal: /pfm_top_wrapper/pfm_top_i/pfm_dynamic_inst/vadd_1/inst//grp_vadd_Pipeline_VITIS_LOOP_546_3_fu_259/grp_vadd_Pipeline_VITIS_LOOP_546_3_fu_259.iterationsWave_41
Unable to find signal: /pfm_top_wrapper/pfm_top_i/pfm_dynamic_inst/vadd_1/inst//grp_vadd_Pipeline_VITIS_LOOP_546_3_fu_259/grp_vadd_Pipeline_VITIS_LOOP_546_3_fu_259.iterationsWave_42
Unable to find signal: /pfm_top_wrapper/pfm_top_i/pfm_dynamic_inst/vadd_1/inst//grp_vadd_Pipeline_VITIS_LOOP_546_3_fu_259/grp_vadd_Pipeline_VITIS_LOOP_546_3_fu_259.iterationsWave_43
Unable to find signal: /pfm_top_wrapper/pfm_top_i/pfm_dynamic_inst/vadd_1/inst//grp_vadd_Pipeline_VITIS_LOOP_546_3_fu_259/grp_vadd_Pipeline_VITIS_LOOP_546_3_fu_259.iterationsWave_44
Unable to find signal: /pfm_top_wrapper/pfm_top_i/pfm_dynamic_inst/vadd_1/inst//grp_vadd_Pipeline_VITIS_LOOP_546_3_fu_259/grp_vadd_Pipeline_VITIS_LOOP_546_3_fu_259.iterationsWave_45
Unable to find signal: /pfm_top_wrapper/pfm_top_i/pfm_dynamic_inst/vadd_1/inst//grp_vadd_Pipeline_VITIS_LOOP_546_3_fu_259/grp_vadd_Pipeline_VITIS_LOOP_546_3_fu_259.iterationsWave_46
Unable to find signal: /pfm_top_wrapper/pfm_top_i/pfm_dynamic_inst/vadd_1/inst//grp_vadd_Pipeline_VITIS_LOOP_546_3_fu_259/grp_vadd_Pipeline_VITIS_LOOP_546_3_fu_259.iterationsWave_47
Unable to find signal: /pfm_top_wrapper/pfm_top_i/pfm_dynamic_inst/vadd_1/inst//grp_vadd_Pipeline_VITIS_LOOP_546_3_fu_259/grp_vadd_Pipeline_VITIS_LOOP_546_3_fu_259.iterationsWave_48
Unable to find signal: /pfm_top_wrapper/pfm_top_i/pfm_dynamic_inst/vadd_1/inst//grp_vadd_Pipeline_VITIS_LOOP_546_3_fu_259/grp_vadd_Pipeline_VITIS_LOOP_546_3_fu_259.iterationsWave_49
Unable to find signal: /pfm_top_wrapper/pfm_top_i/pfm_dynamic_inst/vadd_1/inst//grp_vadd_Pipeline_VITIS_LOOP_546_3_fu_259/grp_vadd_Pipeline_VITIS_LOOP_546_3_fu_259.iterationsWave_50
Unable to find signal: /pfm_top_wrapper/pfm_top_i/pfm_dynamic_inst/vadd_1/inst//grp_vadd_Pipeline_VITIS_LOOP_546_3_fu_259/grp_vadd_Pipeline_VITIS_LOOP_546_3_fu_259.iterationsWave_51
Unable to find signal: /pfm_top_wrapper/pfm_top_i/pfm_dynamic_inst/vadd_1/inst//grp_vadd_Pipeline_VITIS_LOOP_546_3_fu_259/grp_vadd_Pipeline_VITIS_LOOP_546_3_fu_259.iterationsWave_52
Unable to find signal: /pfm_top_wrapper/pfm_top_i/pfm_dynamic_inst/vadd_1/inst//grp_vadd_Pipeline_VITIS_LOOP_546_3_fu_259/grp_vadd_Pipeline_VITIS_LOOP_546_3_fu_259.iterationsWave_53
Unable to find signal: /pfm_top_wrapper/pfm_top_i/pfm_dynamic_inst/vadd_1/inst//grp_vadd_Pipeline_VITIS_LOOP_546_3_fu_259/grp_vadd_Pipeline_VITIS_LOOP_546_3_fu_259.iterationsWave_54
Unable to find signal: /pfm_top_wrapper/pfm_top_i/pfm_dynamic_inst/vadd_1/inst//grp_vadd_Pipeline_VITIS_LOOP_546_3_fu_259/grp_vadd_Pipeline_VITIS_LOOP_546_3_fu_259.iterationsWave_55
Unable to find signal: /pfm_top_wrapper/pfm_top_i/pfm_dynamic_inst/vadd_1/inst//grp_vadd_Pipeline_VITIS_LOOP_546_3_fu_259/grp_vadd_Pipeline_VITIS_LOOP_546_3_fu_259.iterationsWave_56
Unable to find signal: /pfm_top_wrapper/pfm_top_i/pfm_dynamic_inst/vadd_1/inst//grp_vadd_Pipeline_VITIS_LOOP_546_3_fu_259/grp_vadd_Pipeline_VITIS_LOOP_546_3_fu_259.iterationsWave_57
Unable to find signal: /pfm_top_wrapper/pfm_top_i/pfm_dynamic_inst/vadd_1/inst//grp_vadd_Pipeline_VITIS_LOOP_546_3_fu_259/grp_vadd_Pipeline_VITIS_LOOP_546_3_fu_259.iterationsWave_58
Unable to find signal: /pfm_top_wrapper/pfm_top_i/pfm_dynamic_inst/vadd_1/inst//grp_vadd_Pipeline_VITIS_LOOP_546_3_fu_259/grp_vadd_Pipeline_VITIS_LOOP_546_3_fu_259.iterationsWave_59
Unable to find signal: /pfm_top_wrapper/pfm_top_i/pfm_dynamic_inst/vadd_1/inst//grp_vadd_Pipeline_VITIS_LOOP_546_3_fu_259/grp_vadd_Pipeline_VITIS_LOOP_546_3_fu_259.iterationsWave_60
Unable to find signal: /pfm_top_wrapper/pfm_top_i/pfm_dynamic_inst/vadd_1/inst//grp_vadd_Pipeline_VITIS_LOOP_546_3_fu_259/grp_vadd_Pipeline_VITIS_LOOP_546_3_fu_259.iterationsWave_61
Unable to find signal: /pfm_top_wrapper/pfm_top_i/pfm_dynamic_inst/vadd_1/inst//grp_vadd_Pipeline_VITIS_LOOP_546_3_fu_259/grp_vadd_Pipeline_VITIS_LOOP_546_3_fu_259.iterationsWave_62
Unable to find signal: /pfm_top_wrapper/pfm_top_i/pfm_dynamic_inst/vadd_1/inst//grp_vadd_Pipeline_VITIS_LOOP_546_3_fu_259/grp_vadd_Pipeline_VITIS_LOOP_546_3_fu_259.iterationsWave_63
Unable to find signal: /pfm_top_wrapper/pfm_top_i/pfm_dynamic_inst/vadd_1/inst//grp_vadd_Pipeline_VITIS_LOOP_553_5_fu_270/grp_vadd_Pipeline_VITIS_LOOP_553_5_fu_270.dataflowTxWaveData.OutStanding
Unable to find signal: /pfm_top_wrapper/pfm_top_i/pfm_dynamic_inst/vadd_1/inst//grp_vadd_Pipeline_VITIS_LOOP_553_5_fu_270/grp_vadd_Pipeline_VITIS_LOOP_553_5_fu_270.iterationsWave_0
Unable to find signal: /pfm_top_wrapper/pfm_top_i/pfm_dynamic_inst/vadd_1/inst//grp_vadd_Pipeline_VITIS_LOOP_553_5_fu_270/grp_vadd_Pipeline_VITIS_LOOP_553_5_fu_270.iterationsWave_1
Unable to find signal: /pfm_top_wrapper/pfm_top_i/pfm_dynamic_inst/vadd_1/inst//grp_vadd_Pipeline_VITIS_LOOP_553_5_fu_270/grp_vadd_Pipeline_VITIS_LOOP_553_5_fu_270.iterationsWave_2
Unable to find signal: /pfm_top_wrapper/pfm_top_i/pfm_dynamic_inst/vadd_1/inst//grp_vadd_Pipeline_VITIS_LOOP_553_5_fu_270/grp_vadd_Pipeline_VITIS_LOOP_553_5_fu_270.iterationsWave_3
Unable to find signal: /pfm_top_wrapper/pfm_top_i/pfm_dynamic_inst/vadd_1/inst//grp_vadd_Pipeline_VITIS_LOOP_553_5_fu_270/grp_vadd_Pipeline_VITIS_LOOP_553_5_fu_270.iterationsWave_4
Unable to find signal: /pfm_top_wrapper/pfm_top_i/pfm_dynamic_inst/vadd_1/inst//grp_vadd_Pipeline_VITIS_LOOP_553_5_fu_270/grp_vadd_Pipeline_VITIS_LOOP_553_5_fu_270.iterationsWave_5
Unable to find signal: /pfm_top_wrapper/pfm_top_i/pfm_dynamic_inst/vadd_1/inst//grp_vadd_Pipeline_VITIS_LOOP_553_5_fu_270/grp_vadd_Pipeline_VITIS_LOOP_553_5_fu_270.iterationsWave_6
Unable to find signal: /pfm_top_wrapper/pfm_top_i/pfm_dynamic_inst/vadd_1/inst//grp_vadd_Pipeline_VITIS_LOOP_553_5_fu_270/grp_vadd_Pipeline_VITIS_LOOP_553_5_fu_270.iterationsWave_7
Unable to find signal: /pfm_top_wrapper/pfm_top_i/pfm_dynamic_inst/vadd_1/inst//grp_vadd_Pipeline_VITIS_LOOP_553_5_fu_270/grp_vadd_Pipeline_VITIS_LOOP_553_5_fu_270.iterationsWave_8
Unable to find signal: /pfm_top_wrapper/pfm_top_i/pfm_dynamic_inst/vadd_1/inst//grp_vadd_Pipeline_VITIS_LOOP_553_5_fu_270/grp_vadd_Pipeline_VITIS_LOOP_553_5_fu_270.iterationsWave_9
Unable to find signal: /pfm_top_wrapper/pfm_top_i/pfm_dynamic_inst/vadd_1/inst//grp_vadd_Pipeline_VITIS_LOOP_553_5_fu_270/grp_vadd_Pipeline_VITIS_LOOP_553_5_fu_270.iterationsWave_10
Unable to find signal: /pfm_top_wrapper/pfm_top_i/pfm_dynamic_inst/vadd_1/inst//grp_vadd_Pipeline_VITIS_LOOP_553_5_fu_270/grp_vadd_Pipeline_VITIS_LOOP_553_5_fu_270.iterationsWave_11
Unable to find signal: /pfm_top_wrapper/pfm_top_i/pfm_dynamic_inst/vadd_1/inst//grp_vadd_Pipeline_VITIS_LOOP_553_5_fu_270/grp_vadd_Pipeline_VITIS_LOOP_553_5_fu_270.iterationsWave_12
Unable to find signal: /pfm_top_wrapper/pfm_top_i/pfm_dynamic_inst/vadd_1/inst//grp_vadd_Pipeline_VITIS_LOOP_553_5_fu_270/grp_vadd_Pipeline_VITIS_LOOP_553_5_fu_270.iterationsWave_13
Unable to find signal: /pfm_top_wrapper/pfm_top_i/pfm_dynamic_inst/vadd_1/inst//grp_vadd_Pipeline_VITIS_LOOP_553_5_fu_270/grp_vadd_Pipeline_VITIS_LOOP_553_5_fu_270.iterationsWave_14
Unable to find signal: /pfm_top_wrapper/pfm_top_i/pfm_dynamic_inst/vadd_1/inst//grp_vadd_Pipeline_VITIS_LOOP_553_5_fu_270/grp_vadd_Pipeline_VITIS_LOOP_553_5_fu_270.iterationsWave_15
Unable to find signal: /pfm_top_wrapper/pfm_top_i/pfm_dynamic_inst/vadd_1/inst//grp_vadd_Pipeline_VITIS_LOOP_553_5_fu_270/grp_vadd_Pipeline_VITIS_LOOP_553_5_fu_270.iterationsWave_16
Unable to find signal: /pfm_top_wrapper/pfm_top_i/pfm_dynamic_inst/vadd_1/inst//grp_vadd_Pipeline_VITIS_LOOP_553_5_fu_270/grp_vadd_Pipeline_VITIS_LOOP_553_5_fu_270.iterationsWave_17
Unable to find signal: /pfm_top_wrapper/pfm_top_i/pfm_dynamic_inst/vadd_1/inst//grp_vadd_Pipeline_VITIS_LOOP_553_5_fu_270/grp_vadd_Pipeline_VITIS_LOOP_553_5_fu_270.iterationsWave_18
Unable to find signal: /pfm_top_wrapper/pfm_top_i/pfm_dynamic_inst/vadd_1/inst//grp_vadd_Pipeline_VITIS_LOOP_553_5_fu_270/grp_vadd_Pipeline_VITIS_LOOP_553_5_fu_270.iterationsWave_19
Unable to find signal: /pfm_top_wrapper/pfm_top_i/pfm_dynamic_inst/vadd_1/inst//grp_vadd_Pipeline_VITIS_LOOP_553_5_fu_270/grp_vadd_Pipeline_VITIS_LOOP_553_5_fu_270.iterationsWave_20
Unable to find signal: /pfm_top_wrapper/pfm_top_i/pfm_dynamic_inst/vadd_1/inst//grp_vadd_Pipeline_VITIS_LOOP_553_5_fu_270/grp_vadd_Pipeline_VITIS_LOOP_553_5_fu_270.iterationsWave_21
Unable to find signal: /pfm_top_wrapper/pfm_top_i/pfm_dynamic_inst/vadd_1/inst//grp_vadd_Pipeline_VITIS_LOOP_553_5_fu_270/grp_vadd_Pipeline_VITIS_LOOP_553_5_fu_270.iterationsWave_22
Unable to find signal: /pfm_top_wrapper/pfm_top_i/pfm_dynamic_inst/vadd_1/inst//grp_vadd_Pipeline_VITIS_LOOP_553_5_fu_270/grp_vadd_Pipeline_VITIS_LOOP_553_5_fu_270.iterationsWave_23
Unable to find signal: /pfm_top_wrapper/pfm_top_i/pfm_dynamic_inst/vadd_1/inst//grp_vadd_Pipeline_VITIS_LOOP_553_5_fu_270/grp_vadd_Pipeline_VITIS_LOOP_553_5_fu_270.iterationsWave_24
Unable to find signal: /pfm_top_wrapper/pfm_top_i/pfm_dynamic_inst/vadd_1/inst//grp_vadd_Pipeline_VITIS_LOOP_553_5_fu_270/grp_vadd_Pipeline_VITIS_LOOP_553_5_fu_270.iterationsWave_25
Unable to find signal: /pfm_top_wrapper/pfm_top_i/pfm_dynamic_inst/vadd_1/inst//grp_vadd_Pipeline_VITIS_LOOP_553_5_fu_270/grp_vadd_Pipeline_VITIS_LOOP_553_5_fu_270.iterationsWave_26
Unable to find signal: /pfm_top_wrapper/pfm_top_i/pfm_dynamic_inst/vadd_1/inst//grp_vadd_Pipeline_VITIS_LOOP_553_5_fu_270/grp_vadd_Pipeline_VITIS_LOOP_553_5_fu_270.iterationsWave_27
Unable to find signal: /pfm_top_wrapper/pfm_top_i/pfm_dynamic_inst/vadd_1/inst//grp_vadd_Pipeline_VITIS_LOOP_553_5_fu_270/grp_vadd_Pipeline_VITIS_LOOP_553_5_fu_270.iterationsWave_28
Unable to find signal: /pfm_top_wrapper/pfm_top_i/pfm_dynamic_inst/vadd_1/inst//grp_vadd_Pipeline_VITIS_LOOP_553_5_fu_270/grp_vadd_Pipeline_VITIS_LOOP_553_5_fu_270.iterationsWave_29
Unable to find signal: /pfm_top_wrapper/pfm_top_i/pfm_dynamic_inst/vadd_1/inst//grp_vadd_Pipeline_VITIS_LOOP_553_5_fu_270/grp_vadd_Pipeline_VITIS_LOOP_553_5_fu_270.iterationsWave_30
Unable to find signal: /pfm_top_wrapper/pfm_top_i/pfm_dynamic_inst/vadd_1/inst//grp_vadd_Pipeline_VITIS_LOOP_553_5_fu_270/grp_vadd_Pipeline_VITIS_LOOP_553_5_fu_270.iterationsWave_31
Unable to find signal: /pfm_top_wrapper/pfm_top_i/pfm_dynamic_inst/vadd_1/inst//grp_vadd_Pipeline_VITIS_LOOP_553_5_fu_270/grp_vadd_Pipeline_VITIS_LOOP_553_5_fu_270.iterationsWave_32
Unable to find signal: /pfm_top_wrapper/pfm_top_i/pfm_dynamic_inst/vadd_1/inst//grp_vadd_Pipeline_VITIS_LOOP_553_5_fu_270/grp_vadd_Pipeline_VITIS_LOOP_553_5_fu_270.iterationsWave_33
Unable to find signal: /pfm_top_wrapper/pfm_top_i/pfm_dynamic_inst/vadd_1/inst//grp_vadd_Pipeline_VITIS_LOOP_553_5_fu_270/grp_vadd_Pipeline_VITIS_LOOP_553_5_fu_270.iterationsWave_34
Unable to find signal: /pfm_top_wrapper/pfm_top_i/pfm_dynamic_inst/vadd_1/inst//grp_vadd_Pipeline_VITIS_LOOP_553_5_fu_270/grp_vadd_Pipeline_VITIS_LOOP_553_5_fu_270.iterationsWave_35
Unable to find signal: /pfm_top_wrapper/pfm_top_i/pfm_dynamic_inst/vadd_1/inst//grp_vadd_Pipeline_VITIS_LOOP_553_5_fu_270/grp_vadd_Pipeline_VITIS_LOOP_553_5_fu_270.iterationsWave_36
Unable to find signal: /pfm_top_wrapper/pfm_top_i/pfm_dynamic_inst/vadd_1/inst//grp_vadd_Pipeline_VITIS_LOOP_553_5_fu_270/grp_vadd_Pipeline_VITIS_LOOP_553_5_fu_270.iterationsWave_37
Unable to find signal: /pfm_top_wrapper/pfm_top_i/pfm_dynamic_inst/vadd_1/inst//grp_vadd_Pipeline_VITIS_LOOP_553_5_fu_270/grp_vadd_Pipeline_VITIS_LOOP_553_5_fu_270.iterationsWave_38
Unable to find signal: /pfm_top_wrapper/pfm_top_i/pfm_dynamic_inst/vadd_1/inst//grp_vadd_Pipeline_VITIS_LOOP_553_5_fu_270/grp_vadd_Pipeline_VITIS_LOOP_553_5_fu_270.iterationsWave_39
Unable to find signal: /pfm_top_wrapper/pfm_top_i/pfm_dynamic_inst/vadd_1/inst//grp_vadd_Pipeline_VITIS_LOOP_553_5_fu_270/grp_vadd_Pipeline_VITIS_LOOP_553_5_fu_270.iterationsWave_40
Unable to find signal: /pfm_top_wrapper/pfm_top_i/pfm_dynamic_inst/vadd_1/inst//grp_vadd_Pipeline_VITIS_LOOP_553_5_fu_270/grp_vadd_Pipeline_VITIS_LOOP_553_5_fu_270.iterationsWave_41
Unable to find signal: /pfm_top_wrapper/pfm_top_i/pfm_dynamic_inst/vadd_1/inst//grp_vadd_Pipeline_VITIS_LOOP_553_5_fu_270/grp_vadd_Pipeline_VITIS_LOOP_553_5_fu_270.iterationsWave_42
Unable to find signal: /pfm_top_wrapper/pfm_top_i/pfm_dynamic_inst/vadd_1/inst//grp_vadd_Pipeline_VITIS_LOOP_553_5_fu_270/grp_vadd_Pipeline_VITIS_LOOP_553_5_fu_270.iterationsWave_43
Unable to find signal: /pfm_top_wrapper/pfm_top_i/pfm_dynamic_inst/vadd_1/inst//grp_vadd_Pipeline_VITIS_LOOP_553_5_fu_270/grp_vadd_Pipeline_VITIS_LOOP_553_5_fu_270.iterationsWave_44
Unable to find signal: /pfm_top_wrapper/pfm_top_i/pfm_dynamic_inst/vadd_1/inst//grp_vadd_Pipeline_VITIS_LOOP_553_5_fu_270/grp_vadd_Pipeline_VITIS_LOOP_553_5_fu_270.iterationsWave_45
Unable to find signal: /pfm_top_wrapper/pfm_top_i/pfm_dynamic_inst/vadd_1/inst//grp_vadd_Pipeline_VITIS_LOOP_553_5_fu_270/grp_vadd_Pipeline_VITIS_LOOP_553_5_fu_270.iterationsWave_46
Unable to find signal: /pfm_top_wrapper/pfm_top_i/pfm_dynamic_inst/vadd_1/inst//grp_vadd_Pipeline_VITIS_LOOP_553_5_fu_270/grp_vadd_Pipeline_VITIS_LOOP_553_5_fu_270.iterationsWave_47
Unable to find signal: /pfm_top_wrapper/pfm_top_i/pfm_dynamic_inst/vadd_1/inst//grp_vadd_Pipeline_VITIS_LOOP_553_5_fu_270/grp_vadd_Pipeline_VITIS_LOOP_553_5_fu_270.iterationsWave_48
Unable to find signal: /pfm_top_wrapper/pfm_top_i/pfm_dynamic_inst/vadd_1/inst//grp_vadd_Pipeline_VITIS_LOOP_553_5_fu_270/grp_vadd_Pipeline_VITIS_LOOP_553_5_fu_270.iterationsWave_49
Unable to find signal: /pfm_top_wrapper/pfm_top_i/pfm_dynamic_inst/vadd_1/inst//grp_vadd_Pipeline_VITIS_LOOP_553_5_fu_270/grp_vadd_Pipeline_VITIS_LOOP_553_5_fu_270.iterationsWave_50
Unable to find signal: /pfm_top_wrapper/pfm_top_i/pfm_dynamic_inst/vadd_1/inst//grp_vadd_Pipeline_VITIS_LOOP_553_5_fu_270/grp_vadd_Pipeline_VITIS_LOOP_553_5_fu_270.iterationsWave_51
Unable to find signal: /pfm_top_wrapper/pfm_top_i/pfm_dynamic_inst/vadd_1/inst//grp_vadd_Pipeline_VITIS_LOOP_553_5_fu_270/grp_vadd_Pipeline_VITIS_LOOP_553_5_fu_270.iterationsWave_52
Unable to find signal: /pfm_top_wrapper/pfm_top_i/pfm_dynamic_inst/vadd_1/inst//grp_vadd_Pipeline_VITIS_LOOP_553_5_fu_270/grp_vadd_Pipeline_VITIS_LOOP_553_5_fu_270.iterationsWave_53
Unable to find signal: /pfm_top_wrapper/pfm_top_i/pfm_dynamic_inst/vadd_1/inst//grp_vadd_Pipeline_VITIS_LOOP_553_5_fu_270/grp_vadd_Pipeline_VITIS_LOOP_553_5_fu_270.iterationsWave_54
Unable to find signal: /pfm_top_wrapper/pfm_top_i/pfm_dynamic_inst/vadd_1/inst//grp_vadd_Pipeline_VITIS_LOOP_553_5_fu_270/grp_vadd_Pipeline_VITIS_LOOP_553_5_fu_270.iterationsWave_55
Unable to find signal: /pfm_top_wrapper/pfm_top_i/pfm_dynamic_inst/vadd_1/inst//grp_vadd_Pipeline_VITIS_LOOP_553_5_fu_270/grp_vadd_Pipeline_VITIS_LOOP_553_5_fu_270.iterationsWave_56
Unable to find signal: /pfm_top_wrapper/pfm_top_i/pfm_dynamic_inst/vadd_1/inst//grp_vadd_Pipeline_VITIS_LOOP_553_5_fu_270/grp_vadd_Pipeline_VITIS_LOOP_553_5_fu_270.iterationsWave_57
Unable to find signal: /pfm_top_wrapper/pfm_top_i/pfm_dynamic_inst/vadd_1/inst//grp_vadd_Pipeline_VITIS_LOOP_553_5_fu_270/grp_vadd_Pipeline_VITIS_LOOP_553_5_fu_270.iterationsWave_58
Unable to find signal: /pfm_top_wrapper/pfm_top_i/pfm_dynamic_inst/vadd_1/inst//grp_vadd_Pipeline_VITIS_LOOP_553_5_fu_270/grp_vadd_Pipeline_VITIS_LOOP_553_5_fu_270.iterationsWave_59
Unable to find signal: /pfm_top_wrapper/pfm_top_i/pfm_dynamic_inst/vadd_1/inst//grp_vadd_Pipeline_VITIS_LOOP_553_5_fu_270/grp_vadd_Pipeline_VITIS_LOOP_553_5_fu_270.iterationsWave_60
Unable to find signal: /pfm_top_wrapper/pfm_top_i/pfm_dynamic_inst/vadd_1/inst//grp_vadd_Pipeline_VITIS_LOOP_553_5_fu_270/grp_vadd_Pipeline_VITIS_LOOP_553_5_fu_270.iterationsWave_61
Unable to find signal: /pfm_top_wrapper/pfm_top_i/pfm_dynamic_inst/vadd_1/inst//grp_vadd_Pipeline_VITIS_LOOP_553_5_fu_270/grp_vadd_Pipeline_VITIS_LOOP_553_5_fu_270.iterationsWave_62
Unable to find signal: /pfm_top_wrapper/pfm_top_i/pfm_dynamic_inst/vadd_1/inst//grp_vadd_Pipeline_VITIS_LOOP_553_5_fu_270/grp_vadd_Pipeline_VITIS_LOOP_553_5_fu_270.iterationsWave_63
Unable to find signal: /pfm_top_wrapper/pfm_top_i/pfm_dynamic_inst/vadd_1/inst//grp_vadd_Pipeline_VITIS_LOOP_553_5_fu_270/grp_run_instruction_fu_78/grp_run_instruction_fu_78.dataflowTxWaveData.OutStanding
Unable to find signal: /pfm_top_wrapper/pfm_top_i/pfm_dynamic_inst/vadd_1/inst//grp_vadd_Pipeline_VITIS_LOOP_553_5_fu_270/grp_run_instruction_fu_78/grp_run_instruction_fu_78.iterationsWave_0
Unable to find signal: /pfm_top_wrapper/pfm_top_i/pfm_dynamic_inst/vadd_1/inst//grp_vadd_Pipeline_VITIS_LOOP_553_5_fu_270/grp_run_instruction_fu_78/grp_run_instruction_fu_78.iterationsWave_1
Unable to find signal: /pfm_top_wrapper/pfm_top_i/pfm_dynamic_inst/vadd_1/inst//grp_vadd_Pipeline_VITIS_LOOP_553_5_fu_270/grp_run_instruction_fu_78/grp_run_instruction_fu_78.iterationsWave_2
Unable to find signal: /pfm_top_wrapper/pfm_top_i/pfm_dynamic_inst/vadd_1/inst//grp_vadd_Pipeline_VITIS_LOOP_553_5_fu_270/grp_run_instruction_fu_78/grp_run_instruction_fu_78.iterationsWave_3
Unable to find signal: /pfm_top_wrapper/pfm_top_i/pfm_dynamic_inst/vadd_1/inst//grp_vadd_Pipeline_VITIS_LOOP_553_5_fu_270/grp_run_instruction_fu_78/grp_run_instruction_fu_78.iterationsWave_4
Unable to find signal: /pfm_top_wrapper/pfm_top_i/pfm_dynamic_inst/vadd_1/inst//grp_vadd_Pipeline_VITIS_LOOP_553_5_fu_270/grp_run_instruction_fu_78/grp_run_instruction_fu_78.iterationsWave_5
Unable to find signal: /pfm_top_wrapper/pfm_top_i/pfm_dynamic_inst/vadd_1/inst//grp_vadd_Pipeline_VITIS_LOOP_553_5_fu_270/grp_run_instruction_fu_78/grp_run_instruction_fu_78.iterationsWave_6
Unable to find signal: /pfm_top_wrapper/pfm_top_i/pfm_dynamic_inst/vadd_1/inst//grp_vadd_Pipeline_VITIS_LOOP_553_5_fu_270/grp_run_instruction_fu_78/grp_run_instruction_fu_78.iterationsWave_7
Unable to find signal: /pfm_top_wrapper/pfm_top_i/pfm_dynamic_inst/vadd_1/inst//grp_vadd_Pipeline_VITIS_LOOP_553_5_fu_270/grp_run_instruction_fu_78/grp_run_instruction_fu_78.iterationsWave_8
Unable to find signal: /pfm_top_wrapper/pfm_top_i/pfm_dynamic_inst/vadd_1/inst//grp_vadd_Pipeline_VITIS_LOOP_553_5_fu_270/grp_run_instruction_fu_78/grp_run_instruction_fu_78.iterationsWave_9
Unable to find signal: /pfm_top_wrapper/pfm_top_i/pfm_dynamic_inst/vadd_1/inst//grp_vadd_Pipeline_VITIS_LOOP_553_5_fu_270/grp_run_instruction_fu_78/grp_run_instruction_fu_78.iterationsWave_10
Unable to find signal: /pfm_top_wrapper/pfm_top_i/pfm_dynamic_inst/vadd_1/inst//grp_vadd_Pipeline_VITIS_LOOP_553_5_fu_270/grp_run_instruction_fu_78/grp_run_instruction_fu_78.iterationsWave_11
Unable to find signal: /pfm_top_wrapper/pfm_top_i/pfm_dynamic_inst/vadd_1/inst//grp_vadd_Pipeline_VITIS_LOOP_553_5_fu_270/grp_run_instruction_fu_78/grp_run_instruction_fu_78.iterationsWave_12
Unable to find signal: /pfm_top_wrapper/pfm_top_i/pfm_dynamic_inst/vadd_1/inst//grp_vadd_Pipeline_VITIS_LOOP_553_5_fu_270/grp_run_instruction_fu_78/grp_run_instruction_fu_78.iterationsWave_13
Unable to find signal: /pfm_top_wrapper/pfm_top_i/pfm_dynamic_inst/vadd_1/inst//grp_vadd_Pipeline_VITIS_LOOP_553_5_fu_270/grp_run_instruction_fu_78/grp_run_instruction_fu_78.iterationsWave_14
Unable to find signal: /pfm_top_wrapper/pfm_top_i/pfm_dynamic_inst/vadd_1/inst//grp_vadd_Pipeline_VITIS_LOOP_553_5_fu_270/grp_run_instruction_fu_78/grp_run_instruction_fu_78.iterationsWave_15
Unable to find signal: /pfm_top_wrapper/pfm_top_i/pfm_dynamic_inst/vadd_1/inst//grp_vadd_Pipeline_VITIS_LOOP_553_5_fu_270/grp_run_instruction_fu_78/grp_run_instruction_fu_78.iterationsWave_16
Unable to find signal: /pfm_top_wrapper/pfm_top_i/pfm_dynamic_inst/vadd_1/inst//grp_vadd_Pipeline_VITIS_LOOP_553_5_fu_270/grp_run_instruction_fu_78/grp_run_instruction_fu_78.iterationsWave_17
Unable to find signal: /pfm_top_wrapper/pfm_top_i/pfm_dynamic_inst/vadd_1/inst//grp_vadd_Pipeline_VITIS_LOOP_553_5_fu_270/grp_run_instruction_fu_78/grp_run_instruction_fu_78.iterationsWave_18
Unable to find signal: /pfm_top_wrapper/pfm_top_i/pfm_dynamic_inst/vadd_1/inst//grp_vadd_Pipeline_VITIS_LOOP_553_5_fu_270/grp_run_instruction_fu_78/grp_run_instruction_fu_78.iterationsWave_19
Unable to find signal: /pfm_top_wrapper/pfm_top_i/pfm_dynamic_inst/vadd_1/inst//grp_vadd_Pipeline_VITIS_LOOP_553_5_fu_270/grp_run_instruction_fu_78/grp_run_instruction_fu_78.iterationsWave_20
Unable to find signal: /pfm_top_wrapper/pfm_top_i/pfm_dynamic_inst/vadd_1/inst//grp_vadd_Pipeline_VITIS_LOOP_553_5_fu_270/grp_run_instruction_fu_78/grp_run_instruction_fu_78.iterationsWave_21
Unable to find signal: /pfm_top_wrapper/pfm_top_i/pfm_dynamic_inst/vadd_1/inst//grp_vadd_Pipeline_VITIS_LOOP_553_5_fu_270/grp_run_instruction_fu_78/grp_run_instruction_fu_78.iterationsWave_22
Unable to find signal: /pfm_top_wrapper/pfm_top_i/pfm_dynamic_inst/vadd_1/inst//grp_vadd_Pipeline_VITIS_LOOP_553_5_fu_270/grp_run_instruction_fu_78/grp_run_instruction_fu_78.iterationsWave_23
Unable to find signal: /pfm_top_wrapper/pfm_top_i/pfm_dynamic_inst/vadd_1/inst//grp_vadd_Pipeline_VITIS_LOOP_553_5_fu_270/grp_run_instruction_fu_78/grp_run_instruction_fu_78.iterationsWave_24
Unable to find signal: /pfm_top_wrapper/pfm_top_i/pfm_dynamic_inst/vadd_1/inst//grp_vadd_Pipeline_VITIS_LOOP_553_5_fu_270/grp_run_instruction_fu_78/grp_run_instruction_fu_78.iterationsWave_25
Unable to find signal: /pfm_top_wrapper/pfm_top_i/pfm_dynamic_inst/vadd_1/inst//grp_vadd_Pipeline_VITIS_LOOP_553_5_fu_270/grp_run_instruction_fu_78/grp_run_instruction_fu_78.iterationsWave_26
Unable to find signal: /pfm_top_wrapper/pfm_top_i/pfm_dynamic_inst/vadd_1/inst//grp_vadd_Pipeline_VITIS_LOOP_553_5_fu_270/grp_run_instruction_fu_78/grp_run_instruction_fu_78.iterationsWave_27
Unable to find signal: /pfm_top_wrapper/pfm_top_i/pfm_dynamic_inst/vadd_1/inst//grp_vadd_Pipeline_VITIS_LOOP_553_5_fu_270/grp_run_instruction_fu_78/grp_run_instruction_fu_78.iterationsWave_28
Unable to find signal: /pfm_top_wrapper/pfm_top_i/pfm_dynamic_inst/vadd_1/inst//grp_vadd_Pipeline_VITIS_LOOP_553_5_fu_270/grp_run_instruction_fu_78/grp_run_instruction_fu_78.iterationsWave_29
Unable to find signal: /pfm_top_wrapper/pfm_top_i/pfm_dynamic_inst/vadd_1/inst//grp_vadd_Pipeline_VITIS_LOOP_553_5_fu_270/grp_run_instruction_fu_78/grp_run_instruction_fu_78.iterationsWave_30
Unable to find signal: /pfm_top_wrapper/pfm_top_i/pfm_dynamic_inst/vadd_1/inst//grp_vadd_Pipeline_VITIS_LOOP_553_5_fu_270/grp_run_instruction_fu_78/grp_run_instruction_fu_78.iterationsWave_31
Unable to find signal: /pfm_top_wrapper/pfm_top_i/pfm_dynamic_inst/vadd_1/inst//grp_vadd_Pipeline_VITIS_LOOP_553_5_fu_270/grp_run_instruction_fu_78/grp_run_instruction_fu_78.iterationsWave_32
Unable to find signal: /pfm_top_wrapper/pfm_top_i/pfm_dynamic_inst/vadd_1/inst//grp_vadd_Pipeline_VITIS_LOOP_553_5_fu_270/grp_run_instruction_fu_78/grp_run_instruction_fu_78.iterationsWave_33
Unable to find signal: /pfm_top_wrapper/pfm_top_i/pfm_dynamic_inst/vadd_1/inst//grp_vadd_Pipeline_VITIS_LOOP_553_5_fu_270/grp_run_instruction_fu_78/grp_run_instruction_fu_78.iterationsWave_34
Unable to find signal: /pfm_top_wrapper/pfm_top_i/pfm_dynamic_inst/vadd_1/inst//grp_vadd_Pipeline_VITIS_LOOP_553_5_fu_270/grp_run_instruction_fu_78/grp_run_instruction_fu_78.iterationsWave_35
Unable to find signal: /pfm_top_wrapper/pfm_top_i/pfm_dynamic_inst/vadd_1/inst//grp_vadd_Pipeline_VITIS_LOOP_553_5_fu_270/grp_run_instruction_fu_78/grp_run_instruction_fu_78.iterationsWave_36
Unable to find signal: /pfm_top_wrapper/pfm_top_i/pfm_dynamic_inst/vadd_1/inst//grp_vadd_Pipeline_VITIS_LOOP_553_5_fu_270/grp_run_instruction_fu_78/grp_run_instruction_fu_78.iterationsWave_37
Unable to find signal: /pfm_top_wrapper/pfm_top_i/pfm_dynamic_inst/vadd_1/inst//grp_vadd_Pipeline_VITIS_LOOP_553_5_fu_270/grp_run_instruction_fu_78/grp_run_instruction_fu_78.iterationsWave_38
Unable to find signal: /pfm_top_wrapper/pfm_top_i/pfm_dynamic_inst/vadd_1/inst//grp_vadd_Pipeline_VITIS_LOOP_553_5_fu_270/grp_run_instruction_fu_78/grp_run_instruction_fu_78.iterationsWave_39
Unable to find signal: /pfm_top_wrapper/pfm_top_i/pfm_dynamic_inst/vadd_1/inst//grp_vadd_Pipeline_VITIS_LOOP_553_5_fu_270/grp_run_instruction_fu_78/grp_run_instruction_fu_78.iterationsWave_40
Unable to find signal: /pfm_top_wrapper/pfm_top_i/pfm_dynamic_inst/vadd_1/inst//grp_vadd_Pipeline_VITIS_LOOP_553_5_fu_270/grp_run_instruction_fu_78/grp_run_instruction_fu_78.iterationsWave_41
Unable to find signal: /pfm_top_wrapper/pfm_top_i/pfm_dynamic_inst/vadd_1/inst//grp_vadd_Pipeline_VITIS_LOOP_553_5_fu_270/grp_run_instruction_fu_78/grp_run_instruction_fu_78.iterationsWave_42
Unable to find signal: /pfm_top_wrapper/pfm_top_i/pfm_dynamic_inst/vadd_1/inst//grp_vadd_Pipeline_VITIS_LOOP_553_5_fu_270/grp_run_instruction_fu_78/grp_run_instruction_fu_78.iterationsWave_43
Unable to find signal: /pfm_top_wrapper/pfm_top_i/pfm_dynamic_inst/vadd_1/inst//grp_vadd_Pipeline_VITIS_LOOP_553_5_fu_270/grp_run_instruction_fu_78/grp_run_instruction_fu_78.iterationsWave_44
Unable to find signal: /pfm_top_wrapper/pfm_top_i/pfm_dynamic_inst/vadd_1/inst//grp_vadd_Pipeline_VITIS_LOOP_553_5_fu_270/grp_run_instruction_fu_78/grp_run_instruction_fu_78.iterationsWave_45
Unable to find signal: /pfm_top_wrapper/pfm_top_i/pfm_dynamic_inst/vadd_1/inst//grp_vadd_Pipeline_VITIS_LOOP_553_5_fu_270/grp_run_instruction_fu_78/grp_run_instruction_fu_78.iterationsWave_46
Unable to find signal: /pfm_top_wrapper/pfm_top_i/pfm_dynamic_inst/vadd_1/inst//grp_vadd_Pipeline_VITIS_LOOP_553_5_fu_270/grp_run_instruction_fu_78/grp_run_instruction_fu_78.iterationsWave_47
Unable to find signal: /pfm_top_wrapper/pfm_top_i/pfm_dynamic_inst/vadd_1/inst//grp_vadd_Pipeline_VITIS_LOOP_553_5_fu_270/grp_run_instruction_fu_78/grp_run_instruction_fu_78.iterationsWave_48
Unable to find signal: /pfm_top_wrapper/pfm_top_i/pfm_dynamic_inst/vadd_1/inst//grp_vadd_Pipeline_VITIS_LOOP_553_5_fu_270/grp_run_instruction_fu_78/grp_run_instruction_fu_78.iterationsWave_49
Unable to find signal: /pfm_top_wrapper/pfm_top_i/pfm_dynamic_inst/vadd_1/inst//grp_vadd_Pipeline_VITIS_LOOP_553_5_fu_270/grp_run_instruction_fu_78/grp_run_instruction_fu_78.iterationsWave_50
Unable to find signal: /pfm_top_wrapper/pfm_top_i/pfm_dynamic_inst/vadd_1/inst//grp_vadd_Pipeline_VITIS_LOOP_553_5_fu_270/grp_run_instruction_fu_78/grp_run_instruction_fu_78.iterationsWave_51
Unable to find signal: /pfm_top_wrapper/pfm_top_i/pfm_dynamic_inst/vadd_1/inst//grp_vadd_Pipeline_VITIS_LOOP_553_5_fu_270/grp_run_instruction_fu_78/grp_run_instruction_fu_78.iterationsWave_52
Unable to find signal: /pfm_top_wrapper/pfm_top_i/pfm_dynamic_inst/vadd_1/inst//grp_vadd_Pipeline_VITIS_LOOP_553_5_fu_270/grp_run_instruction_fu_78/grp_run_instruction_fu_78.iterationsWave_53
Unable to find signal: /pfm_top_wrapper/pfm_top_i/pfm_dynamic_inst/vadd_1/inst//grp_vadd_Pipeline_VITIS_LOOP_553_5_fu_270/grp_run_instruction_fu_78/grp_run_instruction_fu_78.iterationsWave_54
Unable to find signal: /pfm_top_wrapper/pfm_top_i/pfm_dynamic_inst/vadd_1/inst//grp_vadd_Pipeline_VITIS_LOOP_553_5_fu_270/grp_run_instruction_fu_78/grp_run_instruction_fu_78.iterationsWave_55
Unable to find signal: /pfm_top_wrapper/pfm_top_i/pfm_dynamic_inst/vadd_1/inst//grp_vadd_Pipeline_VITIS_LOOP_553_5_fu_270/grp_run_instruction_fu_78/grp_run_instruction_fu_78.iterationsWave_56
Unable to find signal: /pfm_top_wrapper/pfm_top_i/pfm_dynamic_inst/vadd_1/inst//grp_vadd_Pipeline_VITIS_LOOP_553_5_fu_270/grp_run_instruction_fu_78/grp_run_instruction_fu_78.iterationsWave_57
Unable to find signal: /pfm_top_wrapper/pfm_top_i/pfm_dynamic_inst/vadd_1/inst//grp_vadd_Pipeline_VITIS_LOOP_553_5_fu_270/grp_run_instruction_fu_78/grp_run_instruction_fu_78.iterationsWave_58
Unable to find signal: /pfm_top_wrapper/pfm_top_i/pfm_dynamic_inst/vadd_1/inst//grp_vadd_Pipeline_VITIS_LOOP_553_5_fu_270/grp_run_instruction_fu_78/grp_run_instruction_fu_78.iterationsWave_59
Unable to find signal: /pfm_top_wrapper/pfm_top_i/pfm_dynamic_inst/vadd_1/inst//grp_vadd_Pipeline_VITIS_LOOP_553_5_fu_270/grp_run_instruction_fu_78/grp_run_instruction_fu_78.iterationsWave_60
Unable to find signal: /pfm_top_wrapper/pfm_top_i/pfm_dynamic_inst/vadd_1/inst//grp_vadd_Pipeline_VITIS_LOOP_553_5_fu_270/grp_run_instruction_fu_78/grp_run_instruction_fu_78.iterationsWave_61
Unable to find signal: /pfm_top_wrapper/pfm_top_i/pfm_dynamic_inst/vadd_1/inst//grp_vadd_Pipeline_VITIS_LOOP_553_5_fu_270/grp_run_instruction_fu_78/grp_run_instruction_fu_78.iterationsWave_62
Unable to find signal: /pfm_top_wrapper/pfm_top_i/pfm_dynamic_inst/vadd_1/inst//grp_vadd_Pipeline_VITIS_LOOP_553_5_fu_270/grp_run_instruction_fu_78/grp_run_instruction_fu_78.iterationsWave_63
### if { [info exists ::env(XILINX_SC_HW_EMU)] } {
###   source $::env(XILINX_VITIS)/system_compiler/examples/sc_hw_emu_post_xsim.tcl
### }
## if { [info exists ::env(VITIS_LAUNCH_WAVEFORM_BATCH) ] } {
##   if { [info exists ::env(USER_POST_SIM_SCRIPT) ] } {
##     if { [catch {source $::env(USER_POST_SIM_SCRIPT)} msg] } {
##       puts $msg
##     }
##   }
##   quit
## }
INFO: xsimkernel Simulation Memory Usage: 384256 KB (Peak: 449792 KB), Simulation CPU Usage: 11210 ms
INFO: [Common 17-206] Exiting xsim at Tue Nov 21 21:39:41 2023...
